[14:05:05] [ INFO ] [JDA] Login Successful!
[14:05:06] [ INFO ] [JDA] Connected to WebSocket
[14:05:06] [ INFO ] [JDA] Finished Loading!
[14:05:07] [ INFO ] [Main] All 1 shards are ready.
[14:05:07] [ INFO ] [Main] Connecting to 2 guilds...
[14:05:08] [ INFO ] [GuildData] Test Custom Playlist loaded with 221 entries.
[14:05:08] [ INFO ] [GuildReceiveHandler] Instance created
[14:05:09] [ INFO ] [JDA] Audio System successfully setup!
[14:05:09] [ INFO ] [TrackScheduler] Next Track from: https://www.youtube.com/watch?v=TN_8D-79BZg
[14:05:09] [ INFO ] [Main] Joining guild. (Test)
[14:05:10] [ INFO ] [GuildData] Test2: Default Playlist loaded with 2531 entries.
[14:05:10] [ INFO ] [GuildReceiveHandler] Instance created
[14:05:10] [ INFO ] [TrackScheduler] Next Track from: https://youtube.com/watch?v=GvkS0P2a2-U
[14:05:10] [ INFO ] [Main] Joining guild. (Test2)
[14:05:10] [ ERROR] [JDA] One of the EventListeners had an uncaught exception
[14:05:10] [ ERROR] [JDA] An exception occurred
java.lang.UnsupportedOperationException: null
	at java.util.Collections$UnmodifiableCollection.remove(Collections.java:1058)
	at pothi_discord_music.managers.music.GuildMusicManager.checkIfShouldPause(GuildMusicManager.java:176)
	at pothi_discord_music.listeners.MessageListener.onGuildVoiceJoin(MessageListener.java:112)
	at net.dv8tion.jda.core.hooks.ListenerAdapter.onEvent(ListenerAdapter.java:457)
	at net.dv8tion.jda.core.hooks.InterfacedEventManager.handle(InterfacedEventManager.java:84)
	at net.dv8tion.jda.core.handle.VoiceStateUpdateHandler.handleGuildVoiceState(VoiceStateUpdateHandler.java:135)
	at net.dv8tion.jda.core.handle.VoiceStateUpdateHandler.handleInternally(VoiceStateUpdateHandler.java:60)
	at net.dv8tion.jda.core.handle.SocketHandler.handle(SocketHandler.java:38)
	at net.dv8tion.jda.core.requests.WebSocketClient.handleEvent(WebSocketClient.java:722)
	at net.dv8tion.jda.core.requests.WebSocketClient.onTextMessage(WebSocketClient.java:460)
	at com.neovisionaries.ws.client.ListenerManager.callOnTextMessage(ListenerManager.java:352)
	at com.neovisionaries.ws.client.ReadingThread.callOnTextMessage(ReadingThread.java:262)
	at com.neovisionaries.ws.client.ReadingThread.callOnTextMessage(ReadingThread.java:240)
	at com.neovisionaries.ws.client.ReadingThread.handleTextFrame(ReadingThread.java:965)
	at com.neovisionaries.ws.client.ReadingThread.handleFrame(ReadingThread.java:748)
	at com.neovisionaries.ws.client.ReadingThread.main(ReadingThread.java:110)
	at com.neovisionaries.ws.client.ReadingThread.run(ReadingThread.java:66)
[14:05:10] [ ERROR] [JDA] Encountered an exception:
[14:05:10] [ ERROR] [JDA] java.lang.UnsupportedOperationException
	at java.util.Collections$UnmodifiableCollection.remove(Collections.java:1058)
	at pothi_discord_music.managers.music.GuildMusicManager.checkIfShouldPause(GuildMusicManager.java:176)
	at pothi_discord_music.listeners.MessageListener.onGuildVoiceJoin(MessageListener.java:112)
	at net.dv8tion.jda.core.hooks.ListenerAdapter.onEvent(ListenerAdapter.java:457)
	at net.dv8tion.jda.core.hooks.InterfacedEventManager.handle(InterfacedEventManager.java:84)
	at net.dv8tion.jda.core.handle.VoiceStateUpdateHandler.handleGuildVoiceState(VoiceStateUpdateHandler.java:135)
	at net.dv8tion.jda.core.handle.VoiceStateUpdateHandler.handleInternally(VoiceStateUpdateHandler.java:60)
	at net.dv8tion.jda.core.handle.SocketHandler.handle(SocketHandler.java:38)
	at net.dv8tion.jda.core.requests.WebSocketClient.handleEvent(WebSocketClient.java:722)
	at net.dv8tion.jda.core.requests.WebSocketClient.onTextMessage(WebSocketClient.java:460)
	at com.neovisionaries.ws.client.ListenerManager.callOnTextMessage(ListenerManager.java:352)
	at com.neovisionaries.ws.client.ReadingThread.callOnTextMessage(ReadingThread.java:262)
	at com.neovisionaries.ws.client.ReadingThread.callOnTextMessage(ReadingThread.java:240)
	at com.neovisionaries.ws.client.ReadingThread.handleTextFrame(ReadingThread.java:965)
	at com.neovisionaries.ws.client.ReadingThread.handleFrame(ReadingThread.java:748)
	at com.neovisionaries.ws.client.ReadingThread.main(ReadingThread.java:110)
	at com.neovisionaries.ws.client.ReadingThread.run(ReadingThread.java:66)

[14:05:11] [ ERROR] [JDA] One of the EventListeners had an uncaught exception
[14:05:11] [ ERROR] [JDA] An exception occurred
java.lang.UnsupportedOperationException: null
	at java.util.Collections$UnmodifiableCollection.remove(Collections.java:1058)
	at pothi_discord_music.managers.music.GuildMusicManager.checkIfShouldPause(GuildMusicManager.java:176)
	at pothi_discord_music.listeners.MessageListener.onGuildVoiceJoin(MessageListener.java:112)
	at net.dv8tion.jda.core.hooks.ListenerAdapter.onEvent(ListenerAdapter.java:457)
	at net.dv8tion.jda.core.hooks.InterfacedEventManager.handle(InterfacedEventManager.java:84)
	at net.dv8tion.jda.core.handle.VoiceStateUpdateHandler.handleGuildVoiceState(VoiceStateUpdateHandler.java:135)
	at net.dv8tion.jda.core.handle.VoiceStateUpdateHandler.handleInternally(VoiceStateUpdateHandler.java:60)
	at net.dv8tion.jda.core.handle.SocketHandler.handle(SocketHandler.java:38)
	at net.dv8tion.jda.core.requests.WebSocketClient.handleEvent(WebSocketClient.java:722)
	at net.dv8tion.jda.core.requests.WebSocketClient.onTextMessage(WebSocketClient.java:460)
	at com.neovisionaries.ws.client.ListenerManager.callOnTextMessage(ListenerManager.java:352)
	at com.neovisionaries.ws.client.ReadingThread.callOnTextMessage(ReadingThread.java:262)
	at com.neovisionaries.ws.client.ReadingThread.callOnTextMessage(ReadingThread.java:240)
	at com.neovisionaries.ws.client.ReadingThread.handleTextFrame(ReadingThread.java:965)
	at com.neovisionaries.ws.client.ReadingThread.handleFrame(ReadingThread.java:748)
	at com.neovisionaries.ws.client.ReadingThread.main(ReadingThread.java:110)
	at com.neovisionaries.ws.client.ReadingThread.run(ReadingThread.java:66)
[14:05:11] [ ERROR] [JDA] Encountered an exception:
[14:05:11] [ ERROR] [JDA] java.lang.UnsupportedOperationException
	at java.util.Collections$UnmodifiableCollection.remove(Collections.java:1058)
	at pothi_discord_music.managers.music.GuildMusicManager.checkIfShouldPause(GuildMusicManager.java:176)
	at pothi_discord_music.listeners.MessageListener.onGuildVoiceJoin(MessageListener.java:112)
	at net.dv8tion.jda.core.hooks.ListenerAdapter.onEvent(ListenerAdapter.java:457)
	at net.dv8tion.jda.core.hooks.InterfacedEventManager.handle(InterfacedEventManager.java:84)
	at net.dv8tion.jda.core.handle.VoiceStateUpdateHandler.handleGuildVoiceState(VoiceStateUpdateHandler.java:135)
	at net.dv8tion.jda.core.handle.VoiceStateUpdateHandler.handleInternally(VoiceStateUpdateHandler.java:60)
	at net.dv8tion.jda.core.handle.SocketHandler.handle(SocketHandler.java:38)
	at net.dv8tion.jda.core.requests.WebSocketClient.handleEvent(WebSocketClient.java:722)
	at net.dv8tion.jda.core.requests.WebSocketClient.onTextMessage(WebSocketClient.java:460)
	at com.neovisionaries.ws.client.ListenerManager.callOnTextMessage(ListenerManager.java:352)
	at com.neovisionaries.ws.client.ReadingThread.callOnTextMessage(ReadingThread.java:262)
	at com.neovisionaries.ws.client.ReadingThread.callOnTextMessage(ReadingThread.java:240)
	at com.neovisionaries.ws.client.ReadingThread.handleTextFrame(ReadingThread.java:965)
	at com.neovisionaries.ws.client.ReadingThread.handleFrame(ReadingThread.java:748)
	at com.neovisionaries.ws.client.ReadingThread.main(ReadingThread.java:110)
	at com.neovisionaries.ws.client.ReadingThread.run(ReadingThread.java:66)

[14:07:21] [ INFO ] [MessageListener] Message received. (!s)
[14:07:21] [ INFO ] [MessageDeleter] Message successfully queued, in Test2. (289746047260033024) ("!s")
[14:07:21] [ INFO ] [MessageListener] Command detected: s
[14:07:21] [ INFO ] [StaticSchedulePool] Executing SchedulePool
[14:07:21] [ INFO ] [MessageDeleter] Message successfully deleted, in Test2. (289746047260033024) ("!s")
[14:07:21] [ INFO ] [ShutdownCommand] Everything done. Shutdown in 3.0 seconds.
[14:07:24] [ INFO ] [StaticSchedulePool] Executing SchedulePool
[14:07:31] [ INFO ] [JDA] Login Successful!
[14:07:32] [ INFO ] [JDA] Connected to WebSocket
[14:07:32] [ INFO ] [JDA] Finished Loading!
[14:07:32] [ INFO ] [Main] All 1 shards are ready.
[14:07:32] [ INFO ] [Main] Connecting to 2 guilds...
[14:07:32] [ INFO ] [GuildData] Test Custom Playlist loaded with 221 entries.
[14:07:32] [ INFO ] [GuildReceiveHandler] Instance created
[14:07:33] [ INFO ] [JDA] Audio System successfully setup!
[14:07:33] [ INFO ] [TrackScheduler] Next Track from: https://youtube.com/watch?v=ye5BuYf8q4o
[14:07:33] [ INFO ] [Main] Joining guild. (Test)
[14:07:33] [ INFO ] [GuildData] Test2: Default Playlist loaded with 2531 entries.
[14:07:33] [ INFO ] [GuildReceiveHandler] Instance created
[14:07:33] [ INFO ] [TrackScheduler] Next Track from: https://youtube.com/watch?v=AGzIcLfRMcY
[14:07:34] [ INFO ] [Main] Joining guild. (Test2)
[14:07:34] [ INFO ] [GuildMusicManager] From: MessageListener -> Checking for autopause in Test. (Members in Channel without bot: 2)
[14:07:34] [ INFO ] [GuildMusicManager] From: MessageListener -> Checking for autopause in Test2. (Members in Channel without bot: 0)
[14:07:34] [ INFO ] [GuildMusicManager] Pausing player in Test2 (Empty Channel).
[14:09:47] [ INFO ] [MessageListener] Message received. (!s)
[14:09:47] [ INFO ] [MessageDeleter] Message successfully queued, in Test. (289746659523428367) ("!s")
[14:09:47] [ INFO ] [MessageListener] Command detected: s
[14:09:47] [ INFO ] [StaticSchedulePool] Executing SchedulePool
[14:09:47] [ INFO ] [MessageDeleter] Message successfully deleted, in Test. (289746659523428367) ("!s")
[14:09:47] [ INFO ] [ShutdownCommand] Everything done. Shutdown in 3.0 seconds.
[14:09:50] [ INFO ] [StaticSchedulePool] Executing SchedulePool
[14:49:52] [ INFO ] [JDA] Login Successful!
[14:49:52] [ INFO ] [JDA] Connected to WebSocket
[14:49:53] [ INFO ] [JDA] Finished Loading!
[14:49:53] [ INFO ] [Main] All 1 shards are ready.
[14:49:53] [ INFO ] [Main] Connecting to 2 guilds...
[14:49:53] [ INFO ] [GuildData] Test Custom Playlist loaded with 221 entries.
[14:49:53] [ INFO ] [GuildReceiveHandler] Instance created
[14:49:53] [ INFO ] [JDA] Audio System successfully setup!
[14:49:53] [ INFO ] [TrackScheduler] Next Track from: https://youtube.com/watch?v=s4nWy8pmIM4
[14:49:54] [ INFO ] [Main] Joining guild. (Test)
[14:49:54] [ INFO ] [GuildData] Test2: Default Playlist loaded with 2531 entries.
[14:49:54] [ INFO ] [GuildReceiveHandler] Instance created
[14:49:54] [ INFO ] [TrackScheduler] Next Track from: https://youtube.com/watch?v=8JHiCljnMVs
[14:49:55] [ INFO ] [Main] Joining guild. (Test2)
[14:49:55] [ INFO ] [GuildMusicManager] From: MessageListener -> Checking for autopause in Test. (Members in Channel without bot: 6)
[14:49:55] [ INFO ] [GuildMusicManager] From: MessageListener -> Checking for autopause in Test2. (Members in Channel without bot: 0)
[14:49:55] [ INFO ] [GuildMusicManager] Pausing player in Test2 (Empty Channel).
[14:50:03] [ INFO ] [MessageListener] Message received. (!record)
[14:50:03] [ INFO ] [MessageDeleter] Message successfully queued, in Test2. (289756792865685504) ("!record")
[14:50:03] [ INFO ] [MessageListener] Command detected: record
[14:50:03] [ INFO ] [MessageListener] Message received. (__Aufnahme L채uft.__)
[14:50:03] [ INFO ] [MessageListener] Test2 	 Test 	 __Aufnahme L채uft.__
[14:50:09] [ INFO ] [GuildMusicManager] From: MessageListener -> Checking for autopause in Test2. (Members in Channel without bot: 1)
[14:50:09] [ INFO ] [GuildMusicManager] Resuming player in Test2 (Member joined empty Channel).
[14:50:13] [ INFO ] [MessageDeleter] Message successfully deleted, in Test2. (289756792865685504) ("!record")
[14:50:21] [ INFO ] [MessageListener] Message received. (!record)
[14:50:21] [ INFO ] [MessageDeleter] Message successfully queued, in Test2. (289756869839421441) ("!record")
[14:50:21] [ INFO ] [MessageListener] Command detected: record
[14:50:21] [ INFO ] [MessageDeleter] Message successfully queued, in Test2. (289756793586974720) ("__Aufnahme L채uft.__")
[14:50:21] [ INFO ] [MessageDeleter] Message successfully deleted, in Test2. (289756793586974720) ("__Aufnahme L채uft.__")
[14:50:21] [ INFO ] [MessageDeleter] Message successfully queued, in Test2. (289756870850248704) ("Die **Aufnahme wurde beendet** und wird versendet.
Erst hier in den Chat und danach auch noch an @Pothi als PN. Das kann einen Augenblick dauern.")
[14:50:24] [ INFO ] [MessageDeleter] Message successfully queued, in Test2. (289756879838642176) ("Hier die Aufnahme:")
[14:50:25] [ INFO ] [MessageListener] Message received. (Die **Aufnahme wurde beendet** und wird versendet.
Erst hier in den Chat und danach auch noch an @Pothi als PN. Das kann einen Augenblick dauern.)
[14:50:25] [ INFO ] [MessageListener] Test2 	 Test 	 Die **Aufnahme wurde beendet** und wird versendet.
Erst hier in den Chat und danach auch noch an <@173877595291648003> als PN. Das kann einen Augenblick dauern.
[14:50:25] [ INFO ] [MessageListener] Message received. (Hier die Aufnahme:)
[14:50:25] [ INFO ] [MessageListener] Test2 	 Test 	 Hier die Aufnahme:
[14:50:31] [ INFO ] [MessageDeleter] Message successfully deleted, in Test2. (289756869839421441) ("!record")
[14:50:32] [ INFO ] [GuildMusicManager] From: MessageListener -> Checking for autopause in Test2. (Members in Channel without bot: 0)
[14:50:32] [ INFO ] [GuildMusicManager] Pausing player in Test2 (Empty Channel).
[14:51:12] [ INFO ] [MessageDeleter] Message successfully deleted, in Test2. (289756870850248704) ("Die **Aufnahme wurde beendet** und wird versendet.
Erst hier in den Chat und danach auch noch an @Pothi als PN. Das kann einen Augenblick dauern.")
[14:51:14] [ INFO ] [MessageDeleter] Message successfully deleted, in Test2. (289756879838642176) ("Hier die Aufnahme:")
[14:54:20] [ INFO ] [TrackScheduler] Next Track from: https://www.youtube.com/watch?v=lQe326uf4Yw
[14:54:20] [ ERROR] [TrackScheduler] FriendlyException while loading. 
com.sedmelluq.discord.lavaplayer.tools.FriendlyException: This video is unavailable.
	at com.sedmelluq.discord.lavaplayer.source.youtube.YoutubeAudioSourceManager.determineFailureReasonFromStatus(YoutubeAudioSourceManager.java:298)
	at com.sedmelluq.discord.lavaplayer.source.youtube.YoutubeAudioSourceManager.determineFailureReason(YoutubeAudioSourceManager.java:289)
	at com.sedmelluq.discord.lavaplayer.source.youtube.YoutubeAudioSourceManager.getTrackInfoFromMainPage(YoutubeAudioSourceManager.java:272)
	at com.sedmelluq.discord.lavaplayer.source.youtube.YoutubeAudioSourceManager.loadTrackWithVideoId(YoutubeAudioSourceManager.java:190)
	at com.sedmelluq.discord.lavaplayer.source.youtube.YoutubeAudioSourceManager.loadTrack(YoutubeAudioSourceManager.java:239)
	at com.sedmelluq.discord.lavaplayer.source.youtube.YoutubeAudioSourceManager.loadItemOnce(YoutubeAudioSourceManager.java:174)
	at com.sedmelluq.discord.lavaplayer.source.youtube.YoutubeAudioSourceManager.loadItem(YoutubeAudioSourceManager.java:118)
	at com.sedmelluq.discord.lavaplayer.player.DefaultAudioPlayerManager.checkSourcesForItemOnce(DefaultAudioPlayerManager.java:429)
	at com.sedmelluq.discord.lavaplayer.player.DefaultAudioPlayerManager.checkSourcesForItem(DefaultAudioPlayerManager.java:415)
	at com.sedmelluq.discord.lavaplayer.player.DefaultAudioPlayerManager.lambda$createItemLoader$0(DefaultAudioPlayerManager.java:219)
	at java.util.concurrent.FutureTask.run(FutureTask.java:266)
	at java.util.concurrent.ThreadPoolExecutor.runWorker(ThreadPoolExecutor.java:1142)
	at java.util.concurrent.ThreadPoolExecutor$Worker.run(ThreadPoolExecutor.java:617)
	at java.lang.Thread.run(Thread.java:745)
[14:54:20] [ INFO ] [TrackScheduler] Next Track from: https://www.youtube.com/watch?v=60le2pb_aZ0
[14:54:21] [ INFO ] [GuildMusicManager] From: TrackScheduler -> Checking for autopause in Test. (Members in Channel without bot: 6)
[14:57:43] [ INFO ] [TrackScheduler] Next Track from: https://youtube.com/watch?v=nEt1bKGlCpM
[14:57:43] [ INFO ] [GuildMusicManager] From: TrackScheduler -> Checking for autopause in Test. (Members in Channel without bot: 6)
[15:01:33] [ INFO ] [TrackScheduler] Next Track from: https://youtube.com/watch?v=dZEnQogAd8U
[15:01:34] [ INFO ] [GuildMusicManager] From: TrackScheduler -> Checking for autopause in Test. (Members in Channel without bot: 6)
[15:05:23] [ INFO ] [TrackScheduler] Next Track from: https://soundcloud.com/vitor-batera/numb-linkin-park-play-along
[15:05:24] [ INFO ] [GuildMusicManager] From: TrackScheduler -> Checking for autopause in Test. (Members in Channel without bot: 6)
[15:08:34] [ INFO ] [TrackScheduler] Next Track from: https://youtube.com/watch?v=gju4CyAsMhI
[15:08:34] [ INFO ] [GuildMusicManager] From: TrackScheduler -> Checking for autopause in Test. (Members in Channel without bot: 6)
[15:12:30] [ INFO ] [TrackScheduler] Next Track from: https://soundcloud.com/nightcore-3/my-demons
[15:12:31] [ INFO ] [GuildMusicManager] From: TrackScheduler -> Checking for autopause in Test. (Members in Channel without bot: 6)
[15:15:51] [ INFO ] [TrackScheduler] Next Track from: https://youtube.com/watch?v=IzIHf1EToTE
[15:15:51] [ INFO ] [GuildMusicManager] From: TrackScheduler -> Checking for autopause in Test. (Members in Channel without bot: 6)
[15:19:37] [ INFO ] [TrackScheduler] Next Track from: https://www.youtube.com/watch?v=d5X4iAAE0uU
[15:19:38] [ INFO ] [GuildMusicManager] From: TrackScheduler -> Checking for autopause in Test. (Members in Channel without bot: 6)
[15:23:35] [ INFO ] [TrackScheduler] Next Track from: https://www.youtube.com/watch?v=0Ssvqb03WlA
[15:23:36] [ INFO ] [GuildMusicManager] From: TrackScheduler -> Checking for autopause in Test. (Members in Channel without bot: 6)
[15:28:14] [ INFO ] [TrackScheduler] Next Track from: https://youtube.com/watch?v=9OquWmdUYXw
[15:28:15] [ INFO ] [GuildMusicManager] From: TrackScheduler -> Checking for autopause in Test. (Members in Channel without bot: 6)
[15:31:52] [ INFO ] [TrackScheduler] Next Track from: https://www.youtube.com/watch?v=1rLbFkvG0cM
[15:31:53] [ INFO ] [GuildMusicManager] From: TrackScheduler -> Checking for autopause in Test. (Members in Channel without bot: 6)
[15:35:30] [ INFO ] [MessageListener] Message received. (!s)
[15:35:30] [ INFO ] [MessageDeleter] Message successfully queued, in Test2. (289768231126958080) ("!s")
[15:35:30] [ INFO ] [MessageListener] Command detected: s
[15:35:30] [ INFO ] [StaticSchedulePool] Executing SchedulePool
[15:35:30] [ INFO ] [MessageDeleter] Message successfully deleted, in Test2. (289768231126958080) ("!s")
[15:35:30] [ INFO ] [ShutdownCommand] Everything done. Shutdown in 3.0 seconds.
[15:35:33] [ INFO ] [StaticSchedulePool] Executing SchedulePool
[16:29:37] [ INFO ] [JDA] Login Successful!
[16:29:38] [ INFO ] [JDA] Connected to WebSocket
[16:29:38] [ INFO ] [JDA] Finished Loading!
[16:29:39] [ INFO ] [Main] All 1 shards are ready.
[16:29:39] [ INFO ] [Main] Connecting to 2 guilds...
[16:29:40] [ INFO ] [GuildData] Test Custom Playlist loaded with 221 entries.
[16:29:40] [ INFO ] [GuildReceiveHandler] Instance created
[16:29:41] [ INFO ] [JDA] Audio System successfully setup!
[16:29:41] [ INFO ] [TrackScheduler] Next Track from: https://www.youtube.com/watch?v=d5X4iAAE0uU
[16:29:42] [ INFO ] [Main] Joining guild. (Test)
[16:29:42] [ INFO ] [GuildData] Test2: Default Playlist loaded with 2531 entries.
[16:29:42] [ INFO ] [GuildReceiveHandler] Instance created
[16:29:42] [ INFO ] [TrackScheduler] Next Track from: https://youtube.com/watch?v=ezenAqbiBxY
[16:29:42] [ INFO ] [Main] Joining guild. (Test2)
[16:29:43] [ INFO ] [GuildMusicManager] From: MessageListener -> Checking for autopause in Test. (Members in Channel without bot: 6)
[16:29:44] [ INFO ] [GuildMusicManager] From: MessageListener -> Checking for autopause in Test2. (Members in Channel without bot: 0)
[16:29:44] [ INFO ] [GuildMusicManager] Pausing player in Test2 (Empty Channel).
[16:30:39] [ INFO ] [MessageListener] Message received. (!s)
[16:30:39] [ INFO ] [MessageDeleter] Message successfully queued, in Test2. (289782112767311872) ("!s")
[16:30:39] [ INFO ] [MessageListener] Command detected: s
[16:30:39] [ INFO ] [StaticSchedulePool] Executing SchedulePool
[16:30:40] [ INFO ] [MessageDeleter] Message successfully deleted, in Test2. (289782112767311872) ("!s")
[16:30:40] [ INFO ] [ShutdownCommand] Everything done. Shutdown in 3.0 seconds.
[16:30:43] [ INFO ] [StaticSchedulePool] Executing SchedulePool
[16:30:47] [ INFO ] [JDA] Login Successful!
[16:30:47] [ INFO ] [JDA] Connected to WebSocket
[16:30:47] [ INFO ] [JDA] Finished Loading!
[16:30:48] [ INFO ] [Main] All 1 shards are ready.
[16:30:48] [ INFO ] [Main] Connecting to 2 guilds...
[16:30:48] [ INFO ] [GuildData] Test Custom Playlist loaded with 221 entries.
[16:30:48] [ INFO ] [GuildReceiveHandler] Instance created
[16:30:48] [ INFO ] [JDA] Audio System successfully setup!
[16:30:48] [ INFO ] [TrackScheduler] Next Track from: https://www.youtube.com/watch?v=MqUCDzom5Xw
[16:30:49] [ INFO ] [Main] Joining guild. (Test)
[16:30:49] [ INFO ] [GuildData] Test2: Default Playlist loaded with 2531 entries.
[16:30:49] [ INFO ] [GuildReceiveHandler] Instance created
[16:30:49] [ INFO ] [TrackScheduler] Next Track from: https://youtube.com/watch?v=_FrOQC-zEog
[16:30:50] [ INFO ] [Main] Joining guild. (Test2)
[16:30:50] [ INFO ] [GuildMusicManager] From: MessageListener -> Checking for autopause in Test. (Members in Channel without bot: 6)
[16:30:50] [ INFO ] [GuildMusicManager] From: MessageListener -> Checking for autopause in Test2. (Members in Channel without bot: 0)
[16:30:50] [ INFO ] [GuildMusicManager] Pausing player in Test2 (Empty Channel).
[16:31:08] [ INFO ] [MessageListener] Message received. (!s)
[16:31:08] [ INFO ] [MessageDeleter] Message successfully queued, in Test2. (289782230673260544) ("!s")
[16:31:08] [ INFO ] [MessageListener] Command detected: s
[16:31:08] [ INFO ] [StaticSchedulePool] Executing SchedulePool
[16:31:08] [ INFO ] [MessageDeleter] Message successfully deleted, in Test2. (289782230673260544) ("!s")
[16:31:08] [ INFO ] [ShutdownCommand] Everything done. Shutdown in 3.0 seconds.
[16:31:11] [ INFO ] [StaticSchedulePool] Executing SchedulePool
[16:35:20] [ INFO ] [JDA] Login Successful!
[16:35:20] [ INFO ] [JDA] Connected to WebSocket
[16:35:21] [ INFO ] [JDA] Finished Loading!
[16:35:21] [ INFO ] [Main] All 1 shards are ready.
[16:35:21] [ INFO ] [Main] Connecting to 2 guilds...
[16:35:21] [ INFO ] [GuildData] Test Custom Playlist loaded with 221 entries.
[16:35:21] [ INFO ] [GuildReceiveHandler] Instance created
[16:35:21] [ INFO ] [JDA] Audio System successfully setup!
[16:35:21] [ INFO ] [TrackScheduler] Next Track from: https://youtube.com/watch?v=nEt1bKGlCpM
[16:35:22] [ INFO ] [Main] Joining guild. (Test)
[16:35:22] [ ERROR] [JDA] One of the EventListeners had an uncaught exception
[16:35:22] [ ERROR] [JDA] An exception occurred
org.ektorp.DbAccessException: com.fasterxml.jackson.databind.exc.UnrecognizedPropertyException: Unrecognized field "isGenre" (class pothi_discord_music.utils.couch_db.autoplaylists.AutoplaylistDBObject), not marked as ignorable (8 known properties: "_attachments", "_conflicts", "genre", "_rev", "title", "content", "_id", "_revisions"])
 at [Source: org.ektorp.http.StdHttpResponse$ConnectionReleasingInputStream@6bfddfc6; line: 1, column: 106436] (through reference chain: pothi_discord_music.utils.couch_db.autoplaylists.AutoplaylistDBObject["isGenre"])
	at org.ektorp.util.Exceptions.propagate(Exceptions.java:19)
	at org.ektorp.http.RestTemplate.handleResponse(RestTemplate.java:124)
	at org.ektorp.http.RestTemplate.get(RestTemplate.java:22)
	at org.ektorp.impl.StdCouchDbConnector.get(StdCouchDbConnector.java:246)
	at org.ektorp.impl.StdCouchDbConnector.get(StdCouchDbConnector.java:237)
	at org.ektorp.support.CouchDbRepositorySupport.get(CouchDbRepositorySupport.java:133)
	at pothi_discord_music.utils.couch_db.autoplaylists.AutoplaylistDBObject.getObjectById(AutoplaylistDBObject.java:50)
	at pothi_discord_music.utils.GuildData.loadDefaultAutoplaylist(GuildData.java:70)
	at pothi_discord_music.utils.GuildData.<init>(GuildData.java:52)
	at pothi_discord_music.Main.onInit(Main.java:169)
	at pothi_discord_music.listeners.AbstractEventListener.onReady(AbstractEventListener.java:14)
	at pothi_discord_music.listeners.MessageListener.onReady(MessageListener.java:162)
	at net.dv8tion.jda.core.hooks.ListenerAdapter.onEvent(ListenerAdapter.java:291)
	at net.dv8tion.jda.core.hooks.InterfacedEventManager.handle(InterfacedEventManager.java:84)
	at net.dv8tion.jda.core.requests.WebSocketClient.ready(WebSocketClient.java:128)
	at net.dv8tion.jda.core.handle.ReadyHandler.guildLoadComplete(ReadyHandler.java:165)
	at net.dv8tion.jda.core.handle.ReadyHandler.guildSetupComplete(ReadyHandler.java:191)
	at net.dv8tion.jda.core.handle.GuildCreateHandler.lambda$handleInternally$97(GuildCreateHandler.java:45)
	at net.dv8tion.jda.core.entities.EntityBuilder.createGuildFirstPass(EntityBuilder.java:300)
	at net.dv8tion.jda.core.handle.GuildCreateHandler.handleInternally(GuildCreateHandler.java:39)
	at net.dv8tion.jda.core.handle.SocketHandler.handle(SocketHandler.java:38)
	at net.dv8tion.jda.core.requests.WebSocketClient.handleEvent(WebSocketClient.java:722)
	at net.dv8tion.jda.core.requests.WebSocketClient.onTextMessage(WebSocketClient.java:460)
	at net.dv8tion.jda.core.requests.WebSocketClient.onBinaryMessage(WebSocketClient.java:755)
	at com.neovisionaries.ws.client.ListenerManager.callOnBinaryMessage(ListenerManager.java:368)
	at com.neovisionaries.ws.client.ReadingThread.callOnBinaryMessage(ReadingThread.java:272)
	at com.neovisionaries.ws.client.ReadingThread.handleBinaryFrame(ReadingThread.java:992)
	at com.neovisionaries.ws.client.ReadingThread.handleFrame(ReadingThread.java:751)
	at com.neovisionaries.ws.client.ReadingThread.main(ReadingThread.java:110)
	at com.neovisionaries.ws.client.ReadingThread.run(ReadingThread.java:66)
Caused by: com.fasterxml.jackson.databind.exc.UnrecognizedPropertyException: Unrecognized field "isGenre" (class pothi_discord_music.utils.couch_db.autoplaylists.AutoplaylistDBObject), not marked as ignorable (8 known properties: "_attachments", "_conflicts", "genre", "_rev", "title", "content", "_id", "_revisions"])
 at [Source: org.ektorp.http.StdHttpResponse$ConnectionReleasingInputStream@6bfddfc6; line: 1, column: 106436] (through reference chain: pothi_discord_music.utils.couch_db.autoplaylists.AutoplaylistDBObject["isGenre"])
	at com.fasterxml.jackson.databind.exc.UnrecognizedPropertyException.from(UnrecognizedPropertyException.java:62)
	at com.fasterxml.jackson.databind.DeserializationContext.handleUnknownProperty(DeserializationContext.java:834)
	at com.fasterxml.jackson.databind.deser.std.StdDeserializer.handleUnknownProperty(StdDeserializer.java:1093)
	at com.fasterxml.jackson.databind.deser.BeanDeserializerBase.handleUnknownProperty(BeanDeserializerBase.java:1477)
	at com.fasterxml.jackson.databind.deser.BeanDeserializerBase.handleUnknownVanilla(BeanDeserializerBase.java:1455)
	at com.fasterxml.jackson.databind.deser.BeanDeserializer.vanillaDeserialize(BeanDeserializer.java:282)
	at com.fasterxml.jackson.databind.deser.BeanDeserializer.deserialize(BeanDeserializer.java:140)
	at com.fasterxml.jackson.databind.ObjectMapper._readMapAndClose(ObjectMapper.java:3798)
	at com.fasterxml.jackson.databind.ObjectMapper.readValue(ObjectMapper.java:2908)
	at org.ektorp.impl.StdCouchDbConnector$5.success(StdCouchDbConnector.java:250)
	at org.ektorp.http.RestTemplate.handleResponse(RestTemplate.java:122)
	... 28 common frames omitted
[16:35:22] [ ERROR] [JDA] Encountered an exception:
[16:35:22] [ ERROR] [JDA] org.ektorp.DbAccessException: com.fasterxml.jackson.databind.exc.UnrecognizedPropertyException: Unrecognized field "isGenre" (class pothi_discord_music.utils.couch_db.autoplaylists.AutoplaylistDBObject), not marked as ignorable (8 known properties: "_attachments", "_conflicts", "genre", "_rev", "title", "content", "_id", "_revisions"])
 at [Source: org.ektorp.http.StdHttpResponse$ConnectionReleasingInputStream@6bfddfc6; line: 1, column: 106436] (through reference chain: pothi_discord_music.utils.couch_db.autoplaylists.AutoplaylistDBObject["isGenre"])
	at org.ektorp.util.Exceptions.propagate(Exceptions.java:19)
	at org.ektorp.http.RestTemplate.handleResponse(RestTemplate.java:124)
	at org.ektorp.http.RestTemplate.get(RestTemplate.java:22)
	at org.ektorp.impl.StdCouchDbConnector.get(StdCouchDbConnector.java:246)
	at org.ektorp.impl.StdCouchDbConnector.get(StdCouchDbConnector.java:237)
	at org.ektorp.support.CouchDbRepositorySupport.get(CouchDbRepositorySupport.java:133)
	at pothi_discord_music.utils.couch_db.autoplaylists.AutoplaylistDBObject.getObjectById(AutoplaylistDBObject.java:50)
	at pothi_discord_music.utils.GuildData.loadDefaultAutoplaylist(GuildData.java:70)
	at pothi_discord_music.utils.GuildData.<init>(GuildData.java:52)
	at pothi_discord_music.Main.onInit(Main.java:169)
	at pothi_discord_music.listeners.AbstractEventListener.onReady(AbstractEventListener.java:14)
	at pothi_discord_music.listeners.MessageListener.onReady(MessageListener.java:162)
	at net.dv8tion.jda.core.hooks.ListenerAdapter.onEvent(ListenerAdapter.java:291)
	at net.dv8tion.jda.core.hooks.InterfacedEventManager.handle(InterfacedEventManager.java:84)
	at net.dv8tion.jda.core.requests.WebSocketClient.ready(WebSocketClient.java:128)
	at net.dv8tion.jda.core.handle.ReadyHandler.guildLoadComplete(ReadyHandler.java:165)
	at net.dv8tion.jda.core.handle.ReadyHandler.guildSetupComplete(ReadyHandler.java:191)
	at net.dv8tion.jda.core.handle.GuildCreateHandler.lambda$handleInternally$97(GuildCreateHandler.java:45)
	at net.dv8tion.jda.core.entities.EntityBuilder.createGuildFirstPass(EntityBuilder.java:300)
	at net.dv8tion.jda.core.handle.GuildCreateHandler.handleInternally(GuildCreateHandler.java:39)
	at net.dv8tion.jda.core.handle.SocketHandler.handle(SocketHandler.java:38)
	at net.dv8tion.jda.core.requests.WebSocketClient.handleEvent(WebSocketClient.java:722)
	at net.dv8tion.jda.core.requests.WebSocketClient.onTextMessage(WebSocketClient.java:460)
	at net.dv8tion.jda.core.requests.WebSocketClient.onBinaryMessage(WebSocketClient.java:755)
	at com.neovisionaries.ws.client.ListenerManager.callOnBinaryMessage(ListenerManager.java:368)
	at com.neovisionaries.ws.client.ReadingThread.callOnBinaryMessage(ReadingThread.java:272)
	at com.neovisionaries.ws.client.ReadingThread.handleBinaryFrame(ReadingThread.java:992)
	at com.neovisionaries.ws.client.ReadingThread.handleFrame(ReadingThread.java:751)
	at com.neovisionaries.ws.client.ReadingThread.main(ReadingThread.java:110)
	at com.neovisionaries.ws.client.ReadingThread.run(ReadingThread.java:66)
Caused by: com.fasterxml.jackson.databind.exc.UnrecognizedPropertyException: Unrecognized field "isGenre" (class pothi_discord_music.utils.couch_db.autoplaylists.AutoplaylistDBObject), not marked as ignorable (8 known properties: "_attachments", "_conflicts", "genre", "_rev", "title", "content", "_id", "_revisions"])
 at [Source: org.ektorp.http.StdHttpResponse$ConnectionReleasingInputStream@6bfddfc6; line: 1, column: 106436] (through reference chain: pothi_discord_music.utils.couch_db.autoplaylists.AutoplaylistDBObject["isGenre"])
	at com.fasterxml.jackson.databind.exc.UnrecognizedPropertyException.from(UnrecognizedPropertyException.java:62)
	at com.fasterxml.jackson.databind.DeserializationContext.handleUnknownProperty(DeserializationContext.java:834)
	at com.fasterxml.jackson.databind.deser.std.StdDeserializer.handleUnknownProperty(StdDeserializer.java:1093)
	at com.fasterxml.jackson.databind.deser.BeanDeserializerBase.handleUnknownProperty(BeanDeserializerBase.java:1477)
	at com.fasterxml.jackson.databind.deser.BeanDeserializerBase.handleUnknownVanilla(BeanDeserializerBase.java:1455)
	at com.fasterxml.jackson.databind.deser.BeanDeserializer.vanillaDeserialize(BeanDeserializer.java:282)
	at com.fasterxml.jackson.databind.deser.BeanDeserializer.deserialize(BeanDeserializer.java:140)
	at com.fasterxml.jackson.databind.ObjectMapper._readMapAndClose(ObjectMapper.java:3798)
	at com.fasterxml.jackson.databind.ObjectMapper.readValue(ObjectMapper.java:2908)
	at org.ektorp.impl.StdCouchDbConnector$5.success(StdCouchDbConnector.java:250)
	at org.ektorp.http.RestTemplate.handleResponse(RestTemplate.java:122)
	... 28 more

[16:35:23] [ INFO ] [GuildMusicManager] From: MessageListener -> Checking for autopause in Test. (Members in Channel without bot: 6)
[16:36:21] [ INFO ] [JDA] Login Successful!
[16:36:22] [ INFO ] [JDA] Connected to WebSocket
[16:36:22] [ INFO ] [JDA] Finished Loading!
[16:36:22] [ INFO ] [Main] All 1 shards are ready.
[16:36:22] [ INFO ] [Main] Connecting to 2 guilds...
[16:36:23] [ INFO ] [GuildData] Test Custom Playlist loaded with 221 entries.
[16:36:23] [ INFO ] [GuildReceiveHandler] Instance created
[16:36:23] [ INFO ] [JDA] Audio System successfully setup!
[16:36:23] [ INFO ] [TrackScheduler] Next Track from: https://www.youtube.com/watch?v=Pipf2X6bHYI
[16:36:23] [ INFO ] [GuildMusicManager] From: TrackScheduler -> Checking for autopause in Test. (Members in Channel without bot: 6)
[16:36:23] [ INFO ] [Main] Joining guild. (Test)
[16:36:24] [ ERROR] [JDA] One of the EventListeners had an uncaught exception
[16:36:24] [ ERROR] [JDA] An exception occurred
org.ektorp.DbAccessException: com.fasterxml.jackson.databind.exc.UnrecognizedPropertyException: Unrecognized field "isGenre" (class pothi_discord_music.utils.couch_db.autoplaylists.AutoplaylistDBObject), not marked as ignorable (8 known properties: "_attachments", "_conflicts", "genre", "_rev", "title", "content", "_id", "_revisions"])
 at [Source: org.ektorp.http.StdHttpResponse$ConnectionReleasingInputStream@6c6427ad; line: 1, column: 106436] (through reference chain: pothi_discord_music.utils.couch_db.autoplaylists.AutoplaylistDBObject["isGenre"])
	at org.ektorp.util.Exceptions.propagate(Exceptions.java:19)
	at org.ektorp.http.RestTemplate.handleResponse(RestTemplate.java:124)
	at org.ektorp.http.RestTemplate.get(RestTemplate.java:22)
	at org.ektorp.impl.StdCouchDbConnector.get(StdCouchDbConnector.java:246)
	at org.ektorp.impl.StdCouchDbConnector.get(StdCouchDbConnector.java:237)
	at org.ektorp.support.CouchDbRepositorySupport.get(CouchDbRepositorySupport.java:133)
	at pothi_discord_music.utils.couch_db.autoplaylists.AutoplaylistDBObject.getObjectById(AutoplaylistDBObject.java:47)
	at pothi_discord_music.utils.GuildData.loadDefaultAutoplaylist(GuildData.java:70)
	at pothi_discord_music.utils.GuildData.<init>(GuildData.java:52)
	at pothi_discord_music.Main.onInit(Main.java:169)
	at pothi_discord_music.listeners.AbstractEventListener.onReady(AbstractEventListener.java:14)
	at pothi_discord_music.listeners.MessageListener.onReady(MessageListener.java:162)
	at net.dv8tion.jda.core.hooks.ListenerAdapter.onEvent(ListenerAdapter.java:291)
	at net.dv8tion.jda.core.hooks.InterfacedEventManager.handle(InterfacedEventManager.java:84)
	at net.dv8tion.jda.core.requests.WebSocketClient.ready(WebSocketClient.java:128)
	at net.dv8tion.jda.core.handle.ReadyHandler.guildLoadComplete(ReadyHandler.java:165)
	at net.dv8tion.jda.core.handle.ReadyHandler.guildSetupComplete(ReadyHandler.java:191)
	at net.dv8tion.jda.core.handle.GuildCreateHandler.lambda$handleInternally$97(GuildCreateHandler.java:45)
	at net.dv8tion.jda.core.entities.EntityBuilder.createGuildFirstPass(EntityBuilder.java:300)
	at net.dv8tion.jda.core.handle.GuildCreateHandler.handleInternally(GuildCreateHandler.java:39)
	at net.dv8tion.jda.core.handle.SocketHandler.handle(SocketHandler.java:38)
	at net.dv8tion.jda.core.requests.WebSocketClient.handleEvent(WebSocketClient.java:722)
	at net.dv8tion.jda.core.requests.WebSocketClient.onTextMessage(WebSocketClient.java:460)
	at net.dv8tion.jda.core.requests.WebSocketClient.onBinaryMessage(WebSocketClient.java:755)
	at com.neovisionaries.ws.client.ListenerManager.callOnBinaryMessage(ListenerManager.java:368)
	at com.neovisionaries.ws.client.ReadingThread.callOnBinaryMessage(ReadingThread.java:272)
	at com.neovisionaries.ws.client.ReadingThread.handleBinaryFrame(ReadingThread.java:992)
	at com.neovisionaries.ws.client.ReadingThread.handleFrame(ReadingThread.java:751)
	at com.neovisionaries.ws.client.ReadingThread.main(ReadingThread.java:110)
	at com.neovisionaries.ws.client.ReadingThread.run(ReadingThread.java:66)
Caused by: com.fasterxml.jackson.databind.exc.UnrecognizedPropertyException: Unrecognized field "isGenre" (class pothi_discord_music.utils.couch_db.autoplaylists.AutoplaylistDBObject), not marked as ignorable (8 known properties: "_attachments", "_conflicts", "genre", "_rev", "title", "content", "_id", "_revisions"])
 at [Source: org.ektorp.http.StdHttpResponse$ConnectionReleasingInputStream@6c6427ad; line: 1, column: 106436] (through reference chain: pothi_discord_music.utils.couch_db.autoplaylists.AutoplaylistDBObject["isGenre"])
	at com.fasterxml.jackson.databind.exc.UnrecognizedPropertyException.from(UnrecognizedPropertyException.java:62)
	at com.fasterxml.jackson.databind.DeserializationContext.handleUnknownProperty(DeserializationContext.java:834)
	at com.fasterxml.jackson.databind.deser.std.StdDeserializer.handleUnknownProperty(StdDeserializer.java:1093)
	at com.fasterxml.jackson.databind.deser.BeanDeserializerBase.handleUnknownProperty(BeanDeserializerBase.java:1477)
	at com.fasterxml.jackson.databind.deser.BeanDeserializerBase.handleUnknownVanilla(BeanDeserializerBase.java:1455)
	at com.fasterxml.jackson.databind.deser.BeanDeserializer.vanillaDeserialize(BeanDeserializer.java:282)
	at com.fasterxml.jackson.databind.deser.BeanDeserializer.deserialize(BeanDeserializer.java:140)
	at com.fasterxml.jackson.databind.ObjectMapper._readMapAndClose(ObjectMapper.java:3798)
	at com.fasterxml.jackson.databind.ObjectMapper.readValue(ObjectMapper.java:2908)
	at org.ektorp.impl.StdCouchDbConnector$5.success(StdCouchDbConnector.java:250)
	at org.ektorp.http.RestTemplate.handleResponse(RestTemplate.java:122)
	... 28 common frames omitted
[16:36:24] [ ERROR] [JDA] Encountered an exception:
[16:36:24] [ ERROR] [JDA] org.ektorp.DbAccessException: com.fasterxml.jackson.databind.exc.UnrecognizedPropertyException: Unrecognized field "isGenre" (class pothi_discord_music.utils.couch_db.autoplaylists.AutoplaylistDBObject), not marked as ignorable (8 known properties: "_attachments", "_conflicts", "genre", "_rev", "title", "content", "_id", "_revisions"])
 at [Source: org.ektorp.http.StdHttpResponse$ConnectionReleasingInputStream@6c6427ad; line: 1, column: 106436] (through reference chain: pothi_discord_music.utils.couch_db.autoplaylists.AutoplaylistDBObject["isGenre"])
	at org.ektorp.util.Exceptions.propagate(Exceptions.java:19)
	at org.ektorp.http.RestTemplate.handleResponse(RestTemplate.java:124)
	at org.ektorp.http.RestTemplate.get(RestTemplate.java:22)
	at org.ektorp.impl.StdCouchDbConnector.get(StdCouchDbConnector.java:246)
	at org.ektorp.impl.StdCouchDbConnector.get(StdCouchDbConnector.java:237)
	at org.ektorp.support.CouchDbRepositorySupport.get(CouchDbRepositorySupport.java:133)
	at pothi_discord_music.utils.couch_db.autoplaylists.AutoplaylistDBObject.getObjectById(AutoplaylistDBObject.java:47)
	at pothi_discord_music.utils.GuildData.loadDefaultAutoplaylist(GuildData.java:70)
	at pothi_discord_music.utils.GuildData.<init>(GuildData.java:52)
	at pothi_discord_music.Main.onInit(Main.java:169)
	at pothi_discord_music.listeners.AbstractEventListener.onReady(AbstractEventListener.java:14)
	at pothi_discord_music.listeners.MessageListener.onReady(MessageListener.java:162)
	at net.dv8tion.jda.core.hooks.ListenerAdapter.onEvent(ListenerAdapter.java:291)
	at net.dv8tion.jda.core.hooks.InterfacedEventManager.handle(InterfacedEventManager.java:84)
	at net.dv8tion.jda.core.requests.WebSocketClient.ready(WebSocketClient.java:128)
	at net.dv8tion.jda.core.handle.ReadyHandler.guildLoadComplete(ReadyHandler.java:165)
	at net.dv8tion.jda.core.handle.ReadyHandler.guildSetupComplete(ReadyHandler.java:191)
	at net.dv8tion.jda.core.handle.GuildCreateHandler.lambda$handleInternally$97(GuildCreateHandler.java:45)
	at net.dv8tion.jda.core.entities.EntityBuilder.createGuildFirstPass(EntityBuilder.java:300)
	at net.dv8tion.jda.core.handle.GuildCreateHandler.handleInternally(GuildCreateHandler.java:39)
	at net.dv8tion.jda.core.handle.SocketHandler.handle(SocketHandler.java:38)
	at net.dv8tion.jda.core.requests.WebSocketClient.handleEvent(WebSocketClient.java:722)
	at net.dv8tion.jda.core.requests.WebSocketClient.onTextMessage(WebSocketClient.java:460)
	at net.dv8tion.jda.core.requests.WebSocketClient.onBinaryMessage(WebSocketClient.java:755)
	at com.neovisionaries.ws.client.ListenerManager.callOnBinaryMessage(ListenerManager.java:368)
	at com.neovisionaries.ws.client.ReadingThread.callOnBinaryMessage(ReadingThread.java:272)
	at com.neovisionaries.ws.client.ReadingThread.handleBinaryFrame(ReadingThread.java:992)
	at com.neovisionaries.ws.client.ReadingThread.handleFrame(ReadingThread.java:751)
	at com.neovisionaries.ws.client.ReadingThread.main(ReadingThread.java:110)
	at com.neovisionaries.ws.client.ReadingThread.run(ReadingThread.java:66)
Caused by: com.fasterxml.jackson.databind.exc.UnrecognizedPropertyException: Unrecognized field "isGenre" (class pothi_discord_music.utils.couch_db.autoplaylists.AutoplaylistDBObject), not marked as ignorable (8 known properties: "_attachments", "_conflicts", "genre", "_rev", "title", "content", "_id", "_revisions"])
 at [Source: org.ektorp.http.StdHttpResponse$ConnectionReleasingInputStream@6c6427ad; line: 1, column: 106436] (through reference chain: pothi_discord_music.utils.couch_db.autoplaylists.AutoplaylistDBObject["isGenre"])
	at com.fasterxml.jackson.databind.exc.UnrecognizedPropertyException.from(UnrecognizedPropertyException.java:62)
	at com.fasterxml.jackson.databind.DeserializationContext.handleUnknownProperty(DeserializationContext.java:834)
	at com.fasterxml.jackson.databind.deser.std.StdDeserializer.handleUnknownProperty(StdDeserializer.java:1093)
	at com.fasterxml.jackson.databind.deser.BeanDeserializerBase.handleUnknownProperty(BeanDeserializerBase.java:1477)
	at com.fasterxml.jackson.databind.deser.BeanDeserializerBase.handleUnknownVanilla(BeanDeserializerBase.java:1455)
	at com.fasterxml.jackson.databind.deser.BeanDeserializer.vanillaDeserialize(BeanDeserializer.java:282)
	at com.fasterxml.jackson.databind.deser.BeanDeserializer.deserialize(BeanDeserializer.java:140)
	at com.fasterxml.jackson.databind.ObjectMapper._readMapAndClose(ObjectMapper.java:3798)
	at com.fasterxml.jackson.databind.ObjectMapper.readValue(ObjectMapper.java:2908)
	at org.ektorp.impl.StdCouchDbConnector$5.success(StdCouchDbConnector.java:250)
	at org.ektorp.http.RestTemplate.handleResponse(RestTemplate.java:122)
	... 28 more

[16:37:09] [ INFO ] [JDA] Login Successful!
[16:37:10] [ INFO ] [JDA] Connected to WebSocket
[16:37:10] [ INFO ] [JDA] Finished Loading!
[16:37:10] [ INFO ] [Main] All 1 shards are ready.
[16:37:10] [ INFO ] [Main] Connecting to 2 guilds...
[16:37:11] [ INFO ] [GuildData] Test Custom Playlist loaded with 221 entries.
[16:37:11] [ INFO ] [GuildReceiveHandler] Instance created
[16:37:11] [ INFO ] [JDA] Audio System successfully setup!
[16:37:11] [ INFO ] [TrackScheduler] Next Track from: https://youtube.com/watch?v=oXhYxDWgk9c
[16:37:11] [ INFO ] [GuildMusicManager] From: TrackScheduler -> Checking for autopause in Test. (Members in Channel without bot: 6)
[16:37:11] [ INFO ] [Main] Joining guild. (Test)
[16:37:12] [ ERROR] [JDA] One of the EventListeners had an uncaught exception
[16:37:12] [ ERROR] [JDA] An exception occurred
org.ektorp.DbAccessException: com.fasterxml.jackson.databind.exc.UnrecognizedPropertyException: Unrecognized field "isGenre" (class pothi_discord_music.utils.couch_db.autoplaylists.AutoplaylistDBObject), not marked as ignorable (8 known properties: "_attachments", "_conflicts", "genre", "_rev", "title", "content", "_id", "_revisions"])
 at [Source: org.ektorp.http.StdHttpResponse$ConnectionReleasingInputStream@543ffd2f; line: 1, column: 106436] (through reference chain: pothi_discord_music.utils.couch_db.autoplaylists.AutoplaylistDBObject["isGenre"])
	at org.ektorp.util.Exceptions.propagate(Exceptions.java:19)
	at org.ektorp.http.RestTemplate.handleResponse(RestTemplate.java:124)
	at org.ektorp.http.RestTemplate.get(RestTemplate.java:22)
	at org.ektorp.impl.StdCouchDbConnector.get(StdCouchDbConnector.java:246)
	at org.ektorp.impl.StdCouchDbConnector.get(StdCouchDbConnector.java:237)
	at org.ektorp.support.CouchDbRepositorySupport.get(CouchDbRepositorySupport.java:133)
	at pothi_discord_music.utils.couch_db.autoplaylists.AutoplaylistDBObject.getObjectById(AutoplaylistDBObject.java:47)
	at pothi_discord_music.utils.GuildData.loadDefaultAutoplaylist(GuildData.java:70)
	at pothi_discord_music.utils.GuildData.<init>(GuildData.java:52)
	at pothi_discord_music.Main.onInit(Main.java:169)
	at pothi_discord_music.listeners.AbstractEventListener.onReady(AbstractEventListener.java:14)
	at pothi_discord_music.listeners.MessageListener.onReady(MessageListener.java:162)
	at net.dv8tion.jda.core.hooks.ListenerAdapter.onEvent(ListenerAdapter.java:291)
	at net.dv8tion.jda.core.hooks.InterfacedEventManager.handle(InterfacedEventManager.java:84)
	at net.dv8tion.jda.core.requests.WebSocketClient.ready(WebSocketClient.java:128)
	at net.dv8tion.jda.core.handle.ReadyHandler.guildLoadComplete(ReadyHandler.java:165)
	at net.dv8tion.jda.core.handle.ReadyHandler.guildSetupComplete(ReadyHandler.java:191)
	at net.dv8tion.jda.core.handle.GuildCreateHandler.lambda$handleInternally$97(GuildCreateHandler.java:45)
	at net.dv8tion.jda.core.entities.EntityBuilder.createGuildFirstPass(EntityBuilder.java:300)
	at net.dv8tion.jda.core.handle.GuildCreateHandler.handleInternally(GuildCreateHandler.java:39)
	at net.dv8tion.jda.core.handle.SocketHandler.handle(SocketHandler.java:38)
	at net.dv8tion.jda.core.requests.WebSocketClient.handleEvent(WebSocketClient.java:722)
	at net.dv8tion.jda.core.requests.WebSocketClient.onTextMessage(WebSocketClient.java:460)
	at net.dv8tion.jda.core.requests.WebSocketClient.onBinaryMessage(WebSocketClient.java:755)
	at com.neovisionaries.ws.client.ListenerManager.callOnBinaryMessage(ListenerManager.java:368)
	at com.neovisionaries.ws.client.ReadingThread.callOnBinaryMessage(ReadingThread.java:272)
	at com.neovisionaries.ws.client.ReadingThread.handleBinaryFrame(ReadingThread.java:992)
	at com.neovisionaries.ws.client.ReadingThread.handleFrame(ReadingThread.java:751)
	at com.neovisionaries.ws.client.ReadingThread.main(ReadingThread.java:110)
	at com.neovisionaries.ws.client.ReadingThread.run(ReadingThread.java:66)
Caused by: com.fasterxml.jackson.databind.exc.UnrecognizedPropertyException: Unrecognized field "isGenre" (class pothi_discord_music.utils.couch_db.autoplaylists.AutoplaylistDBObject), not marked as ignorable (8 known properties: "_attachments", "_conflicts", "genre", "_rev", "title", "content", "_id", "_revisions"])
 at [Source: org.ektorp.http.StdHttpResponse$ConnectionReleasingInputStream@543ffd2f; line: 1, column: 106436] (through reference chain: pothi_discord_music.utils.couch_db.autoplaylists.AutoplaylistDBObject["isGenre"])
	at com.fasterxml.jackson.databind.exc.UnrecognizedPropertyException.from(UnrecognizedPropertyException.java:62)
	at com.fasterxml.jackson.databind.DeserializationContext.handleUnknownProperty(DeserializationContext.java:834)
	at com.fasterxml.jackson.databind.deser.std.StdDeserializer.handleUnknownProperty(StdDeserializer.java:1093)
	at com.fasterxml.jackson.databind.deser.BeanDeserializerBase.handleUnknownProperty(BeanDeserializerBase.java:1477)
	at com.fasterxml.jackson.databind.deser.BeanDeserializerBase.handleUnknownVanilla(BeanDeserializerBase.java:1455)
	at com.fasterxml.jackson.databind.deser.BeanDeserializer.vanillaDeserialize(BeanDeserializer.java:282)
	at com.fasterxml.jackson.databind.deser.BeanDeserializer.deserialize(BeanDeserializer.java:140)
	at com.fasterxml.jackson.databind.ObjectMapper._readMapAndClose(ObjectMapper.java:3798)
	at com.fasterxml.jackson.databind.ObjectMapper.readValue(ObjectMapper.java:2908)
	at org.ektorp.impl.StdCouchDbConnector$5.success(StdCouchDbConnector.java:250)
	at org.ektorp.http.RestTemplate.handleResponse(RestTemplate.java:122)
	... 28 common frames omitted
[16:37:12] [ ERROR] [JDA] Encountered an exception:
[16:37:12] [ ERROR] [JDA] org.ektorp.DbAccessException: com.fasterxml.jackson.databind.exc.UnrecognizedPropertyException: Unrecognized field "isGenre" (class pothi_discord_music.utils.couch_db.autoplaylists.AutoplaylistDBObject), not marked as ignorable (8 known properties: "_attachments", "_conflicts", "genre", "_rev", "title", "content", "_id", "_revisions"])
 at [Source: org.ektorp.http.StdHttpResponse$ConnectionReleasingInputStream@543ffd2f; line: 1, column: 106436] (through reference chain: pothi_discord_music.utils.couch_db.autoplaylists.AutoplaylistDBObject["isGenre"])
	at org.ektorp.util.Exceptions.propagate(Exceptions.java:19)
	at org.ektorp.http.RestTemplate.handleResponse(RestTemplate.java:124)
	at org.ektorp.http.RestTemplate.get(RestTemplate.java:22)
	at org.ektorp.impl.StdCouchDbConnector.get(StdCouchDbConnector.java:246)
	at org.ektorp.impl.StdCouchDbConnector.get(StdCouchDbConnector.java:237)
	at org.ektorp.support.CouchDbRepositorySupport.get(CouchDbRepositorySupport.java:133)
	at pothi_discord_music.utils.couch_db.autoplaylists.AutoplaylistDBObject.getObjectById(AutoplaylistDBObject.java:47)
	at pothi_discord_music.utils.GuildData.loadDefaultAutoplaylist(GuildData.java:70)
	at pothi_discord_music.utils.GuildData.<init>(GuildData.java:52)
	at pothi_discord_music.Main.onInit(Main.java:169)
	at pothi_discord_music.listeners.AbstractEventListener.onReady(AbstractEventListener.java:14)
	at pothi_discord_music.listeners.MessageListener.onReady(MessageListener.java:162)
	at net.dv8tion.jda.core.hooks.ListenerAdapter.onEvent(ListenerAdapter.java:291)
	at net.dv8tion.jda.core.hooks.InterfacedEventManager.handle(InterfacedEventManager.java:84)
	at net.dv8tion.jda.core.requests.WebSocketClient.ready(WebSocketClient.java:128)
	at net.dv8tion.jda.core.handle.ReadyHandler.guildLoadComplete(ReadyHandler.java:165)
	at net.dv8tion.jda.core.handle.ReadyHandler.guildSetupComplete(ReadyHandler.java:191)
	at net.dv8tion.jda.core.handle.GuildCreateHandler.lambda$handleInternally$97(GuildCreateHandler.java:45)
	at net.dv8tion.jda.core.entities.EntityBuilder.createGuildFirstPass(EntityBuilder.java:300)
	at net.dv8tion.jda.core.handle.GuildCreateHandler.handleInternally(GuildCreateHandler.java:39)
	at net.dv8tion.jda.core.handle.SocketHandler.handle(SocketHandler.java:38)
	at net.dv8tion.jda.core.requests.WebSocketClient.handleEvent(WebSocketClient.java:722)
	at net.dv8tion.jda.core.requests.WebSocketClient.onTextMessage(WebSocketClient.java:460)
	at net.dv8tion.jda.core.requests.WebSocketClient.onBinaryMessage(WebSocketClient.java:755)
	at com.neovisionaries.ws.client.ListenerManager.callOnBinaryMessage(ListenerManager.java:368)
	at com.neovisionaries.ws.client.ReadingThread.callOnBinaryMessage(ReadingThread.java:272)
	at com.neovisionaries.ws.client.ReadingThread.handleBinaryFrame(ReadingThread.java:992)
	at com.neovisionaries.ws.client.ReadingThread.handleFrame(ReadingThread.java:751)
	at com.neovisionaries.ws.client.ReadingThread.main(ReadingThread.java:110)
	at com.neovisionaries.ws.client.ReadingThread.run(ReadingThread.java:66)
Caused by: com.fasterxml.jackson.databind.exc.UnrecognizedPropertyException: Unrecognized field "isGenre" (class pothi_discord_music.utils.couch_db.autoplaylists.AutoplaylistDBObject), not marked as ignorable (8 known properties: "_attachments", "_conflicts", "genre", "_rev", "title", "content", "_id", "_revisions"])
 at [Source: org.ektorp.http.StdHttpResponse$ConnectionReleasingInputStream@543ffd2f; line: 1, column: 106436] (through reference chain: pothi_discord_music.utils.couch_db.autoplaylists.AutoplaylistDBObject["isGenre"])
	at com.fasterxml.jackson.databind.exc.UnrecognizedPropertyException.from(UnrecognizedPropertyException.java:62)
	at com.fasterxml.jackson.databind.DeserializationContext.handleUnknownProperty(DeserializationContext.java:834)
	at com.fasterxml.jackson.databind.deser.std.StdDeserializer.handleUnknownProperty(StdDeserializer.java:1093)
	at com.fasterxml.jackson.databind.deser.BeanDeserializerBase.handleUnknownProperty(BeanDeserializerBase.java:1477)
	at com.fasterxml.jackson.databind.deser.BeanDeserializerBase.handleUnknownVanilla(BeanDeserializerBase.java:1455)
	at com.fasterxml.jackson.databind.deser.BeanDeserializer.vanillaDeserialize(BeanDeserializer.java:282)
	at com.fasterxml.jackson.databind.deser.BeanDeserializer.deserialize(BeanDeserializer.java:140)
	at com.fasterxml.jackson.databind.ObjectMapper._readMapAndClose(ObjectMapper.java:3798)
	at com.fasterxml.jackson.databind.ObjectMapper.readValue(ObjectMapper.java:2908)
	at org.ektorp.impl.StdCouchDbConnector$5.success(StdCouchDbConnector.java:250)
	at org.ektorp.http.RestTemplate.handleResponse(RestTemplate.java:122)
	... 28 more

[16:38:15] [ INFO ] [JDA] Login Successful!
[16:38:15] [ INFO ] [JDA] Connected to WebSocket
[16:38:15] [ INFO ] [JDA] Finished Loading!
[16:38:15] [ INFO ] [Main] All 1 shards are ready.
[16:38:15] [ INFO ] [Main] Connecting to 2 guilds...
[16:38:16] [ INFO ] [GuildData] Test Custom Playlist loaded with 221 entries.
[16:38:16] [ INFO ] [GuildReceiveHandler] Instance created
[16:38:16] [ INFO ] [JDA] Audio System successfully setup!
[16:38:16] [ INFO ] [TrackScheduler] Next Track from: https://youtube.com/watch?v=TQxp1aP_IaE
[16:38:17] [ INFO ] [GuildMusicManager] From: TrackScheduler -> Checking for autopause in Test. (Members in Channel without bot: 6)
[16:38:17] [ INFO ] [Main] Joining guild. (Test)
[16:38:17] [ ERROR] [JDA] One of the EventListeners had an uncaught exception
[16:38:17] [ ERROR] [JDA] An exception occurred
org.ektorp.DbAccessException: com.fasterxml.jackson.databind.exc.UnrecognizedPropertyException: Unrecognized field "isGenre" (class pothi_discord_music.utils.couch_db.autoplaylists.AutoplaylistDBObject), not marked as ignorable (8 known properties: "_attachments", "_conflicts", "genre", "_rev", "title", "content", "_id", "_revisions"])
 at [Source: org.ektorp.http.StdHttpResponse$ConnectionReleasingInputStream@51b90b81; line: 1, column: 106436] (through reference chain: pothi_discord_music.utils.couch_db.autoplaylists.AutoplaylistDBObject["isGenre"])
	at org.ektorp.util.Exceptions.propagate(Exceptions.java:19)
	at org.ektorp.http.RestTemplate.handleResponse(RestTemplate.java:124)
	at org.ektorp.http.RestTemplate.get(RestTemplate.java:22)
	at org.ektorp.impl.StdCouchDbConnector.get(StdCouchDbConnector.java:246)
	at org.ektorp.impl.StdCouchDbConnector.get(StdCouchDbConnector.java:237)
	at org.ektorp.support.CouchDbRepositorySupport.get(CouchDbRepositorySupport.java:133)
	at pothi_discord_music.utils.couch_db.autoplaylists.AutoplaylistDBObject.getObjectById(AutoplaylistDBObject.java:47)
	at pothi_discord_music.utils.GuildData.loadDefaultAutoplaylist(GuildData.java:70)
	at pothi_discord_music.utils.GuildData.<init>(GuildData.java:52)
	at pothi_discord_music.Main.onInit(Main.java:169)
	at pothi_discord_music.listeners.AbstractEventListener.onReady(AbstractEventListener.java:14)
	at pothi_discord_music.listeners.MessageListener.onReady(MessageListener.java:162)
	at net.dv8tion.jda.core.hooks.ListenerAdapter.onEvent(ListenerAdapter.java:291)
	at net.dv8tion.jda.core.hooks.InterfacedEventManager.handle(InterfacedEventManager.java:84)
	at net.dv8tion.jda.core.requests.WebSocketClient.ready(WebSocketClient.java:128)
	at net.dv8tion.jda.core.handle.ReadyHandler.guildLoadComplete(ReadyHandler.java:165)
	at net.dv8tion.jda.core.handle.ReadyHandler.guildSetupComplete(ReadyHandler.java:191)
	at net.dv8tion.jda.core.handle.GuildCreateHandler.lambda$handleInternally$97(GuildCreateHandler.java:45)
	at net.dv8tion.jda.core.entities.EntityBuilder.createGuildFirstPass(EntityBuilder.java:300)
	at net.dv8tion.jda.core.handle.GuildCreateHandler.handleInternally(GuildCreateHandler.java:39)
	at net.dv8tion.jda.core.handle.SocketHandler.handle(SocketHandler.java:38)
	at net.dv8tion.jda.core.requests.WebSocketClient.handleEvent(WebSocketClient.java:722)
	at net.dv8tion.jda.core.requests.WebSocketClient.onTextMessage(WebSocketClient.java:460)
	at net.dv8tion.jda.core.requests.WebSocketClient.onBinaryMessage(WebSocketClient.java:755)
	at com.neovisionaries.ws.client.ListenerManager.callOnBinaryMessage(ListenerManager.java:368)
	at com.neovisionaries.ws.client.ReadingThread.callOnBinaryMessage(ReadingThread.java:272)
	at com.neovisionaries.ws.client.ReadingThread.handleBinaryFrame(ReadingThread.java:992)
	at com.neovisionaries.ws.client.ReadingThread.handleFrame(ReadingThread.java:751)
	at com.neovisionaries.ws.client.ReadingThread.main(ReadingThread.java:110)
	at com.neovisionaries.ws.client.ReadingThread.run(ReadingThread.java:66)
Caused by: com.fasterxml.jackson.databind.exc.UnrecognizedPropertyException: Unrecognized field "isGenre" (class pothi_discord_music.utils.couch_db.autoplaylists.AutoplaylistDBObject), not marked as ignorable (8 known properties: "_attachments", "_conflicts", "genre", "_rev", "title", "content", "_id", "_revisions"])
 at [Source: org.ektorp.http.StdHttpResponse$ConnectionReleasingInputStream@51b90b81; line: 1, column: 106436] (through reference chain: pothi_discord_music.utils.couch_db.autoplaylists.AutoplaylistDBObject["isGenre"])
	at com.fasterxml.jackson.databind.exc.UnrecognizedPropertyException.from(UnrecognizedPropertyException.java:62)
	at com.fasterxml.jackson.databind.DeserializationContext.handleUnknownProperty(DeserializationContext.java:834)
	at com.fasterxml.jackson.databind.deser.std.StdDeserializer.handleUnknownProperty(StdDeserializer.java:1093)
	at com.fasterxml.jackson.databind.deser.BeanDeserializerBase.handleUnknownProperty(BeanDeserializerBase.java:1477)
	at com.fasterxml.jackson.databind.deser.BeanDeserializerBase.handleUnknownVanilla(BeanDeserializerBase.java:1455)
	at com.fasterxml.jackson.databind.deser.BeanDeserializer.vanillaDeserialize(BeanDeserializer.java:282)
	at com.fasterxml.jackson.databind.deser.BeanDeserializer.deserialize(BeanDeserializer.java:140)
	at com.fasterxml.jackson.databind.ObjectMapper._readMapAndClose(ObjectMapper.java:3798)
	at com.fasterxml.jackson.databind.ObjectMapper.readValue(ObjectMapper.java:2908)
	at org.ektorp.impl.StdCouchDbConnector$5.success(StdCouchDbConnector.java:250)
	at org.ektorp.http.RestTemplate.handleResponse(RestTemplate.java:122)
	... 28 common frames omitted
[16:38:17] [ ERROR] [JDA] Encountered an exception:
[16:38:17] [ ERROR] [JDA] org.ektorp.DbAccessException: com.fasterxml.jackson.databind.exc.UnrecognizedPropertyException: Unrecognized field "isGenre" (class pothi_discord_music.utils.couch_db.autoplaylists.AutoplaylistDBObject), not marked as ignorable (8 known properties: "_attachments", "_conflicts", "genre", "_rev", "title", "content", "_id", "_revisions"])
 at [Source: org.ektorp.http.StdHttpResponse$ConnectionReleasingInputStream@51b90b81; line: 1, column: 106436] (through reference chain: pothi_discord_music.utils.couch_db.autoplaylists.AutoplaylistDBObject["isGenre"])
	at org.ektorp.util.Exceptions.propagate(Exceptions.java:19)
	at org.ektorp.http.RestTemplate.handleResponse(RestTemplate.java:124)
	at org.ektorp.http.RestTemplate.get(RestTemplate.java:22)
	at org.ektorp.impl.StdCouchDbConnector.get(StdCouchDbConnector.java:246)
	at org.ektorp.impl.StdCouchDbConnector.get(StdCouchDbConnector.java:237)
	at org.ektorp.support.CouchDbRepositorySupport.get(CouchDbRepositorySupport.java:133)
	at pothi_discord_music.utils.couch_db.autoplaylists.AutoplaylistDBObject.getObjectById(AutoplaylistDBObject.java:47)
	at pothi_discord_music.utils.GuildData.loadDefaultAutoplaylist(GuildData.java:70)
	at pothi_discord_music.utils.GuildData.<init>(GuildData.java:52)
	at pothi_discord_music.Main.onInit(Main.java:169)
	at pothi_discord_music.listeners.AbstractEventListener.onReady(AbstractEventListener.java:14)
	at pothi_discord_music.listeners.MessageListener.onReady(MessageListener.java:162)
	at net.dv8tion.jda.core.hooks.ListenerAdapter.onEvent(ListenerAdapter.java:291)
	at net.dv8tion.jda.core.hooks.InterfacedEventManager.handle(InterfacedEventManager.java:84)
	at net.dv8tion.jda.core.requests.WebSocketClient.ready(WebSocketClient.java:128)
	at net.dv8tion.jda.core.handle.ReadyHandler.guildLoadComplete(ReadyHandler.java:165)
	at net.dv8tion.jda.core.handle.ReadyHandler.guildSetupComplete(ReadyHandler.java:191)
	at net.dv8tion.jda.core.handle.GuildCreateHandler.lambda$handleInternally$97(GuildCreateHandler.java:45)
	at net.dv8tion.jda.core.entities.EntityBuilder.createGuildFirstPass(EntityBuilder.java:300)
	at net.dv8tion.jda.core.handle.GuildCreateHandler.handleInternally(GuildCreateHandler.java:39)
	at net.dv8tion.jda.core.handle.SocketHandler.handle(SocketHandler.java:38)
	at net.dv8tion.jda.core.requests.WebSocketClient.handleEvent(WebSocketClient.java:722)
	at net.dv8tion.jda.core.requests.WebSocketClient.onTextMessage(WebSocketClient.java:460)
	at net.dv8tion.jda.core.requests.WebSocketClient.onBinaryMessage(WebSocketClient.java:755)
	at com.neovisionaries.ws.client.ListenerManager.callOnBinaryMessage(ListenerManager.java:368)
	at com.neovisionaries.ws.client.ReadingThread.callOnBinaryMessage(ReadingThread.java:272)
	at com.neovisionaries.ws.client.ReadingThread.handleBinaryFrame(ReadingThread.java:992)
	at com.neovisionaries.ws.client.ReadingThread.handleFrame(ReadingThread.java:751)
	at com.neovisionaries.ws.client.ReadingThread.main(ReadingThread.java:110)
	at com.neovisionaries.ws.client.ReadingThread.run(ReadingThread.java:66)
Caused by: com.fasterxml.jackson.databind.exc.UnrecognizedPropertyException: Unrecognized field "isGenre" (class pothi_discord_music.utils.couch_db.autoplaylists.AutoplaylistDBObject), not marked as ignorable (8 known properties: "_attachments", "_conflicts", "genre", "_rev", "title", "content", "_id", "_revisions"])
 at [Source: org.ektorp.http.StdHttpResponse$ConnectionReleasingInputStream@51b90b81; line: 1, column: 106436] (through reference chain: pothi_discord_music.utils.couch_db.autoplaylists.AutoplaylistDBObject["isGenre"])
	at com.fasterxml.jackson.databind.exc.UnrecognizedPropertyException.from(UnrecognizedPropertyException.java:62)
	at com.fasterxml.jackson.databind.DeserializationContext.handleUnknownProperty(DeserializationContext.java:834)
	at com.fasterxml.jackson.databind.deser.std.StdDeserializer.handleUnknownProperty(StdDeserializer.java:1093)
	at com.fasterxml.jackson.databind.deser.BeanDeserializerBase.handleUnknownProperty(BeanDeserializerBase.java:1477)
	at com.fasterxml.jackson.databind.deser.BeanDeserializerBase.handleUnknownVanilla(BeanDeserializerBase.java:1455)
	at com.fasterxml.jackson.databind.deser.BeanDeserializer.vanillaDeserialize(BeanDeserializer.java:282)
	at com.fasterxml.jackson.databind.deser.BeanDeserializer.deserialize(BeanDeserializer.java:140)
	at com.fasterxml.jackson.databind.ObjectMapper._readMapAndClose(ObjectMapper.java:3798)
	at com.fasterxml.jackson.databind.ObjectMapper.readValue(ObjectMapper.java:2908)
	at org.ektorp.impl.StdCouchDbConnector$5.success(StdCouchDbConnector.java:250)
	at org.ektorp.http.RestTemplate.handleResponse(RestTemplate.java:122)
	... 28 more

[16:38:38] [ INFO ] [JDA] Login Successful!
[16:38:38] [ INFO ] [JDA] Connected to WebSocket
[16:38:39] [ INFO ] [JDA] Finished Loading!
[16:38:39] [ INFO ] [Main] All 1 shards are ready.
[16:38:39] [ INFO ] [Main] Connecting to 2 guilds...
[16:38:39] [ INFO ] [GuildData] Test Custom Playlist loaded with 221 entries.
[16:38:39] [ INFO ] [GuildReceiveHandler] Instance created
[16:38:39] [ INFO ] [JDA] Audio System successfully setup!
[16:38:39] [ INFO ] [TrackScheduler] Next Track from: https://soundcloud.com/kygo/ed-sheeran-i-see-fire-kygo
[16:38:40] [ INFO ] [GuildMusicManager] From: TrackScheduler -> Checking for autopause in Test. (Members in Channel without bot: 6)
[16:38:40] [ INFO ] [Main] Joining guild. (Test)
[16:38:40] [ INFO ] [GuildData] Test2: Default Playlist loaded with 2531 entries.
[16:38:40] [ INFO ] [GuildReceiveHandler] Instance created
[16:38:40] [ INFO ] [TrackScheduler] Next Track from: https://youtube.com/watch?v=PaQxdGtSjVA
[16:38:41] [ INFO ] [Main] Joining guild. (Test2)
[16:38:41] [ INFO ] [GuildMusicManager] From: MessageListener -> Checking for autopause in Test2. (Members in Channel without bot: 0)
[16:38:41] [ INFO ] [GuildMusicManager] Pausing player in Test2 (Empty Channel).
[16:38:51] [ INFO ] [MessageListener] Message received. (!s)
[16:38:51] [ INFO ] [MessageDeleter] Message successfully queued, in Test2. (289784174595014657) ("!s")
[16:38:51] [ INFO ] [MessageListener] Command detected: s
[16:38:51] [ INFO ] [StaticSchedulePool] Executing SchedulePool
[16:38:51] [ INFO ] [MessageDeleter] Message successfully deleted, in Test2. (289784174595014657) ("!s")
[16:38:51] [ INFO ] [ShutdownCommand] Everything done. Shutdown in 3.0 seconds.
[16:38:54] [ INFO ] [StaticSchedulePool] Executing SchedulePool
[16:50:14] [ INFO ] [JDA] Login Successful!
[16:50:15] [ INFO ] [JDA] Connected to WebSocket
[16:50:15] [ INFO ] [JDA] Finished Loading!
[16:50:15] [ INFO ] [Main] All 1 shards are ready.
[16:50:15] [ INFO ] [Main] Connecting to 2 guilds...
[16:50:16] [ INFO ] [GuildData] Test Custom Playlist loaded with 221 entries.
[16:50:16] [ INFO ] [GuildReceiveHandler] Instance created
[16:50:16] [ INFO ] [JDA] Audio System successfully setup!
[16:50:16] [ INFO ] [TrackScheduler] Next Track from: https://youtube.com/watch?v=zUzd9KyIDrM
[16:50:17] [ INFO ] [Main] Joining guild. (Test)
[16:50:17] [ INFO ] [GuildData] Test2: Default Playlist loaded with 2531 entries.
[16:50:17] [ INFO ] [GuildReceiveHandler] Instance created
[16:50:17] [ INFO ] [TrackScheduler] Next Track from: https://youtube.com/watch?v=lNDe0kEKrqY
[16:50:17] [ INFO ] [Main] Joining guild. (Test2)
[16:50:17] [ INFO ] [GuildMusicManager] From: MessageListener -> Checking for autopause in Test. (Members in Channel without bot: 6)
[16:50:18] [ INFO ] [GuildMusicManager] From: MessageListener -> Checking for autopause in Test2. (Members in Channel without bot: 0)
[16:50:18] [ INFO ] [GuildMusicManager] Pausing player in Test2 (Empty Channel).
[16:53:34] [ INFO ] [MessageListener] Message received. (!s)
[16:53:34] [ INFO ] [MessageDeleter] Message successfully queued, in Test2. (289787876600971264) ("!s")
[16:53:34] [ INFO ] [MessageListener] Command detected: s
[16:53:34] [ INFO ] [StaticSchedulePool] Executing SchedulePool
[16:53:34] [ INFO ] [MessageDeleter] Message successfully deleted, in Test2. (289787876600971264) ("!s")
[16:53:34] [ INFO ] [ShutdownCommand] Everything done. Shutdown in 3.0 seconds.
[16:53:37] [ INFO ] [StaticSchedulePool] Executing SchedulePool
[16:53:40] [ INFO ] [JDA] Login Successful!
[16:53:41] [ INFO ] [JDA] Connected to WebSocket
[16:53:41] [ INFO ] [JDA] Finished Loading!
[16:53:41] [ INFO ] [Main] All 1 shards are ready.
[16:53:41] [ INFO ] [Main] Connecting to 2 guilds...
[16:53:41] [ ERROR] [JDA] One of the EventListeners had an uncaught exception
[16:53:41] [ ERROR] [JDA] An exception occurred
org.ektorp.DbAccessException: com.fasterxml.jackson.databind.exc.UnrecognizedPropertyException: Unrecognized field "owner" (class pothi_discord_music.utils.couch_db.guilddata.GuildDBObject), not marked as ignorable (9 known properties: "autoplaylist", "_conflicts", "_rev", "useCustomAutoplaylist", "_id", "recording", "autoJoin", "_attachments", "_revisions"])
 at [Source: org.ektorp.http.StdHttpResponse$ConnectionReleasingInputStream@30eafe1b; line: 1, column: 10561] (through reference chain: pothi_discord_music.utils.couch_db.guilddata.GuildDBObject["owner"])
	at org.ektorp.util.Exceptions.propagate(Exceptions.java:19)
	at org.ektorp.http.RestTemplate.handleResponse(RestTemplate.java:124)
	at org.ektorp.http.RestTemplate.get(RestTemplate.java:22)
	at org.ektorp.impl.StdCouchDbConnector.get(StdCouchDbConnector.java:246)
	at org.ektorp.impl.StdCouchDbConnector.get(StdCouchDbConnector.java:237)
	at org.ektorp.support.CouchDbRepositorySupport.get(CouchDbRepositorySupport.java:133)
	at pothi_discord_music.utils.couch_db.guilddata.GuildDBObject.getObjectById(GuildDBObject.java:50)
	at pothi_discord_music.utils.GuildData.getGuildDBObject(GuildData.java:54)
	at pothi_discord_music.utils.GuildData.loadDefaultAutoplaylist(GuildData.java:63)
	at pothi_discord_music.utils.GuildData.<init>(GuildData.java:46)
	at pothi_discord_music.Main.onInit(Main.java:169)
	at pothi_discord_music.listeners.AbstractEventListener.onReady(AbstractEventListener.java:14)
	at pothi_discord_music.listeners.MessageListener.onReady(MessageListener.java:162)
	at net.dv8tion.jda.core.hooks.ListenerAdapter.onEvent(ListenerAdapter.java:291)
	at net.dv8tion.jda.core.hooks.InterfacedEventManager.handle(InterfacedEventManager.java:84)
	at net.dv8tion.jda.core.requests.WebSocketClient.ready(WebSocketClient.java:128)
	at net.dv8tion.jda.core.handle.ReadyHandler.guildLoadComplete(ReadyHandler.java:165)
	at net.dv8tion.jda.core.handle.ReadyHandler.guildSetupComplete(ReadyHandler.java:191)
	at net.dv8tion.jda.core.handle.GuildCreateHandler.lambda$handleInternally$97(GuildCreateHandler.java:45)
	at net.dv8tion.jda.core.entities.EntityBuilder.createGuildFirstPass(EntityBuilder.java:300)
	at net.dv8tion.jda.core.handle.GuildCreateHandler.handleInternally(GuildCreateHandler.java:39)
	at net.dv8tion.jda.core.handle.SocketHandler.handle(SocketHandler.java:38)
	at net.dv8tion.jda.core.requests.WebSocketClient.handleEvent(WebSocketClient.java:722)
	at net.dv8tion.jda.core.requests.WebSocketClient.onTextMessage(WebSocketClient.java:460)
	at net.dv8tion.jda.core.requests.WebSocketClient.onBinaryMessage(WebSocketClient.java:755)
	at com.neovisionaries.ws.client.ListenerManager.callOnBinaryMessage(ListenerManager.java:368)
	at com.neovisionaries.ws.client.ReadingThread.callOnBinaryMessage(ReadingThread.java:272)
	at com.neovisionaries.ws.client.ReadingThread.handleBinaryFrame(ReadingThread.java:992)
	at com.neovisionaries.ws.client.ReadingThread.handleFrame(ReadingThread.java:751)
	at com.neovisionaries.ws.client.ReadingThread.main(ReadingThread.java:110)
	at com.neovisionaries.ws.client.ReadingThread.run(ReadingThread.java:66)
Caused by: com.fasterxml.jackson.databind.exc.UnrecognizedPropertyException: Unrecognized field "owner" (class pothi_discord_music.utils.couch_db.guilddata.GuildDBObject), not marked as ignorable (9 known properties: "autoplaylist", "_conflicts", "_rev", "useCustomAutoplaylist", "_id", "recording", "autoJoin", "_attachments", "_revisions"])
 at [Source: org.ektorp.http.StdHttpResponse$ConnectionReleasingInputStream@30eafe1b; line: 1, column: 10561] (through reference chain: pothi_discord_music.utils.couch_db.guilddata.GuildDBObject["owner"])
	at com.fasterxml.jackson.databind.exc.UnrecognizedPropertyException.from(UnrecognizedPropertyException.java:62)
	at com.fasterxml.jackson.databind.DeserializationContext.handleUnknownProperty(DeserializationContext.java:834)
	at com.fasterxml.jackson.databind.deser.std.StdDeserializer.handleUnknownProperty(StdDeserializer.java:1093)
	at com.fasterxml.jackson.databind.deser.BeanDeserializerBase.handleUnknownProperty(BeanDeserializerBase.java:1477)
	at com.fasterxml.jackson.databind.deser.BeanDeserializerBase.handleUnknownVanilla(BeanDeserializerBase.java:1455)
	at com.fasterxml.jackson.databind.deser.BeanDeserializer.vanillaDeserialize(BeanDeserializer.java:282)
	at com.fasterxml.jackson.databind.deser.BeanDeserializer.deserialize(BeanDeserializer.java:140)
	at com.fasterxml.jackson.databind.ObjectMapper._readMapAndClose(ObjectMapper.java:3798)
	at com.fasterxml.jackson.databind.ObjectMapper.readValue(ObjectMapper.java:2908)
	at org.ektorp.impl.StdCouchDbConnector$5.success(StdCouchDbConnector.java:250)
	at org.ektorp.http.RestTemplate.handleResponse(RestTemplate.java:122)
	... 29 common frames omitted
[16:53:41] [ ERROR] [JDA] Encountered an exception:
[16:53:41] [ ERROR] [JDA] org.ektorp.DbAccessException: com.fasterxml.jackson.databind.exc.UnrecognizedPropertyException: Unrecognized field "owner" (class pothi_discord_music.utils.couch_db.guilddata.GuildDBObject), not marked as ignorable (9 known properties: "autoplaylist", "_conflicts", "_rev", "useCustomAutoplaylist", "_id", "recording", "autoJoin", "_attachments", "_revisions"])
 at [Source: org.ektorp.http.StdHttpResponse$ConnectionReleasingInputStream@30eafe1b; line: 1, column: 10561] (through reference chain: pothi_discord_music.utils.couch_db.guilddata.GuildDBObject["owner"])
	at org.ektorp.util.Exceptions.propagate(Exceptions.java:19)
	at org.ektorp.http.RestTemplate.handleResponse(RestTemplate.java:124)
	at org.ektorp.http.RestTemplate.get(RestTemplate.java:22)
	at org.ektorp.impl.StdCouchDbConnector.get(StdCouchDbConnector.java:246)
	at org.ektorp.impl.StdCouchDbConnector.get(StdCouchDbConnector.java:237)
	at org.ektorp.support.CouchDbRepositorySupport.get(CouchDbRepositorySupport.java:133)
	at pothi_discord_music.utils.couch_db.guilddata.GuildDBObject.getObjectById(GuildDBObject.java:50)
	at pothi_discord_music.utils.GuildData.getGuildDBObject(GuildData.java:54)
	at pothi_discord_music.utils.GuildData.loadDefaultAutoplaylist(GuildData.java:63)
	at pothi_discord_music.utils.GuildData.<init>(GuildData.java:46)
	at pothi_discord_music.Main.onInit(Main.java:169)
	at pothi_discord_music.listeners.AbstractEventListener.onReady(AbstractEventListener.java:14)
	at pothi_discord_music.listeners.MessageListener.onReady(MessageListener.java:162)
	at net.dv8tion.jda.core.hooks.ListenerAdapter.onEvent(ListenerAdapter.java:291)
	at net.dv8tion.jda.core.hooks.InterfacedEventManager.handle(InterfacedEventManager.java:84)
	at net.dv8tion.jda.core.requests.WebSocketClient.ready(WebSocketClient.java:128)
	at net.dv8tion.jda.core.handle.ReadyHandler.guildLoadComplete(ReadyHandler.java:165)
	at net.dv8tion.jda.core.handle.ReadyHandler.guildSetupComplete(ReadyHandler.java:191)
	at net.dv8tion.jda.core.handle.GuildCreateHandler.lambda$handleInternally$97(GuildCreateHandler.java:45)
	at net.dv8tion.jda.core.entities.EntityBuilder.createGuildFirstPass(EntityBuilder.java:300)
	at net.dv8tion.jda.core.handle.GuildCreateHandler.handleInternally(GuildCreateHandler.java:39)
	at net.dv8tion.jda.core.handle.SocketHandler.handle(SocketHandler.java:38)
	at net.dv8tion.jda.core.requests.WebSocketClient.handleEvent(WebSocketClient.java:722)
	at net.dv8tion.jda.core.requests.WebSocketClient.onTextMessage(WebSocketClient.java:460)
	at net.dv8tion.jda.core.requests.WebSocketClient.onBinaryMessage(WebSocketClient.java:755)
	at com.neovisionaries.ws.client.ListenerManager.callOnBinaryMessage(ListenerManager.java:368)
	at com.neovisionaries.ws.client.ReadingThread.callOnBinaryMessage(ReadingThread.java:272)
	at com.neovisionaries.ws.client.ReadingThread.handleBinaryFrame(ReadingThread.java:992)
	at com.neovisionaries.ws.client.ReadingThread.handleFrame(ReadingThread.java:751)
	at com.neovisionaries.ws.client.ReadingThread.main(ReadingThread.java:110)
	at com.neovisionaries.ws.client.ReadingThread.run(ReadingThread.java:66)
Caused by: com.fasterxml.jackson.databind.exc.UnrecognizedPropertyException: Unrecognized field "owner" (class pothi_discord_music.utils.couch_db.guilddata.GuildDBObject), not marked as ignorable (9 known properties: "autoplaylist", "_conflicts", "_rev", "useCustomAutoplaylist", "_id", "recording", "autoJoin", "_attachments", "_revisions"])
 at [Source: org.ektorp.http.StdHttpResponse$ConnectionReleasingInputStream@30eafe1b; line: 1, column: 10561] (through reference chain: pothi_discord_music.utils.couch_db.guilddata.GuildDBObject["owner"])
	at com.fasterxml.jackson.databind.exc.UnrecognizedPropertyException.from(UnrecognizedPropertyException.java:62)
	at com.fasterxml.jackson.databind.DeserializationContext.handleUnknownProperty(DeserializationContext.java:834)
	at com.fasterxml.jackson.databind.deser.std.StdDeserializer.handleUnknownProperty(StdDeserializer.java:1093)
	at com.fasterxml.jackson.databind.deser.BeanDeserializerBase.handleUnknownProperty(BeanDeserializerBase.java:1477)
	at com.fasterxml.jackson.databind.deser.BeanDeserializerBase.handleUnknownVanilla(BeanDeserializerBase.java:1455)
	at com.fasterxml.jackson.databind.deser.BeanDeserializer.vanillaDeserialize(BeanDeserializer.java:282)
	at com.fasterxml.jackson.databind.deser.BeanDeserializer.deserialize(BeanDeserializer.java:140)
	at com.fasterxml.jackson.databind.ObjectMapper._readMapAndClose(ObjectMapper.java:3798)
	at com.fasterxml.jackson.databind.ObjectMapper.readValue(ObjectMapper.java:2908)
	at org.ektorp.impl.StdCouchDbConnector$5.success(StdCouchDbConnector.java:250)
	at org.ektorp.http.RestTemplate.handleResponse(RestTemplate.java:122)
	... 29 more

[16:56:29] [ INFO ] [MessageListener] Message received. (!s)
[16:56:29] [ INFO ] [MessageDeleter] Message successfully queued, in Test2. (289788611262414848) ("!s")
[16:56:29] [ INFO ] [MessageListener] Command detected: s
[16:56:29] [ INFO ] [StaticSchedulePool] Executing SchedulePool
[16:56:29] [ INFO ] [MessageDeleter] Message successfully deleted, in Test2. (289788611262414848) ("!s")
[16:56:29] [ INFO ] [JDA] Audio System successfully setup!
[16:56:29] [ INFO ] [ShutdownCommand] Everything done. Shutdown in 3.0 seconds.
[16:56:32] [ INFO ] [StaticSchedulePool] Executing SchedulePool
[16:56:35] [ INFO ] [JDA] Login Successful!
[16:56:35] [ INFO ] [JDA] Connected to WebSocket
[16:56:35] [ INFO ] [JDA] Finished Loading!
[16:56:36] [ INFO ] [Main] All 1 shards are ready.
[16:56:36] [ INFO ] [Main] Connecting to 2 guilds...
[16:56:36] [ INFO ] [GuildData] Test Custom Playlist loaded with 221 entries.
[16:56:36] [ INFO ] [GuildReceiveHandler] Instance created
[16:56:37] [ INFO ] [JDA] Audio System successfully setup!
[16:56:37] [ INFO ] [TrackScheduler] Next Track from: https://youtube.com/watch?v=7m_QZZTb6Xc
[16:56:37] [ INFO ] [Main] Joining guild. (Test)
[16:56:38] [ INFO ] [GuildData] Test2: Default Playlist loaded with 2531 entries.
[16:56:38] [ INFO ] [GuildReceiveHandler] Instance created
[16:56:38] [ INFO ] [TrackScheduler] Next Track from: https://youtube.com/watch?v=acdtvO-yHqQ
[16:56:38] [ INFO ] [Main] Joining guild. (Test2)
[16:56:38] [ INFO ] [GuildMusicManager] From: MessageListener -> Checking for autopause in Test. (Members in Channel without bot: 6)
[16:56:39] [ INFO ] [GuildMusicManager] From: MessageListener -> Checking for autopause in Test2. (Members in Channel without bot: 0)
[16:56:39] [ INFO ] [GuildMusicManager] Pausing player in Test2 (Empty Channel).
[16:56:59] [ INFO ] [MessageListener] Message received. (!s)
[16:56:59] [ INFO ] [MessageDeleter] Message successfully queued, in Test2. (289788738651815937) ("!s")
[16:56:59] [ INFO ] [MessageListener] Command detected: s
[16:56:59] [ INFO ] [StaticSchedulePool] Executing SchedulePool
[16:56:59] [ INFO ] [MessageDeleter] Message successfully deleted, in Test2. (289788738651815937) ("!s")
[16:56:59] [ INFO ] [ShutdownCommand] Everything done. Shutdown in 3.0 seconds.
[16:57:04] [ INFO ] [JDA] Login Successful!
[16:57:04] [ INFO ] [JDA] Connected to WebSocket
[16:57:05] [ INFO ] [JDA] Finished Loading!
[16:57:05] [ INFO ] [Main] All 1 shards are ready.
[16:57:05] [ INFO ] [Main] Connecting to 2 guilds...
[16:57:06] [ INFO ] [GuildData] Test Custom Playlist loaded with 221 entries.
[16:57:06] [ INFO ] [GuildReceiveHandler] Instance created
[16:57:06] [ INFO ] [JDA] Audio System successfully setup!
[16:57:06] [ INFO ] [TrackScheduler] Next Track from: https://youtube.com/watch?v=nEt1bKGlCpM
[16:57:06] [ INFO ] [Main] Joining guild. (Test)
[16:57:07] [ INFO ] [GuildData] Test2: Default Playlist loaded with 2531 entries.
[16:57:07] [ INFO ] [GuildReceiveHandler] Instance created
[16:57:07] [ INFO ] [TrackScheduler] Next Track from: https://youtube.com/watch?v=8x2tG4X0cdc
[16:57:07] [ INFO ] [Main] Joining guild. (Test2)
[16:57:07] [ INFO ] [GuildMusicManager] From: MessageListener -> Checking for autopause in Test. (Members in Channel without bot: 6)
[16:57:08] [ INFO ] [GuildMusicManager] From: MessageListener -> Checking for autopause in Test2. (Members in Channel without bot: 0)
[16:57:08] [ INFO ] [GuildMusicManager] Pausing player in Test2 (Empty Channel).
[17:00:57] [ INFO ] [TrackScheduler] Next Track from: https://www.youtube.com/watch?v=Pipf2X6bHYI
[17:00:58] [ INFO ] [GuildMusicManager] From: TrackScheduler -> Checking for autopause in Test. (Members in Channel without bot: 6)
[17:01:04] [ INFO ] [MessageListener] Message received. (!s)
[17:01:04] [ INFO ] [MessageDeleter] Message successfully queued, in Test2. (289789765698715648) ("!s")
[17:01:04] [ INFO ] [MessageListener] Command detected: s
[17:01:04] [ INFO ] [StaticSchedulePool] Executing SchedulePool
[17:01:04] [ INFO ] [MessageDeleter] Message successfully deleted, in Test2. (289789765698715648) ("!s")
[17:01:04] [ INFO ] [ShutdownCommand] Everything done. Shutdown in 3.0 seconds.
[17:01:07] [ INFO ] [StaticSchedulePool] Executing SchedulePool
[20:07:03] [ INFO ] [JDA] Login Successful!
[20:07:03] [ INFO ] [JDA] Connected to WebSocket
[20:07:04] [ INFO ] [JDA] Finished Loading!
[20:07:05] [ INFO ] [Main] All 1 shards are ready.
[20:07:05] [ INFO ] [Main] Connecting to 2 guilds...
[20:07:06] [ INFO ] [GuildData] Test Custom Playlist loaded with 221 entries.
[20:07:06] [ INFO ] [GuildReceiveHandler] Instance created
[20:07:07] [ INFO ] [JDA] Audio System successfully setup!
[20:07:07] [ INFO ] [TrackScheduler] Next Track from: https://soundcloud.com/alfredo-guzman-navarro/metallica-nothing-else-matters
[20:07:07] [ ERROR] [TrackScheduler] FriendlyException while loading. 
com.sedmelluq.discord.lavaplayer.tools.FriendlyException: That track does not exist.
	at com.sedmelluq.discord.lavaplayer.source.soundcloud.SoundCloudAudioSourceManager.loadPageConfigJson(SoundCloudAudioSourceManager.java:306)
	at com.sedmelluq.discord.lavaplayer.source.soundcloud.SoundCloudAudioSourceManager.loadFromTrackPage(SoundCloudAudioSourceManager.java:279)
	at com.sedmelluq.discord.lavaplayer.source.soundcloud.SoundCloudAudioSourceManager.processAsSingleTrack(SoundCloudAudioSourceManager.java:256)
	at com.sedmelluq.discord.lavaplayer.source.soundcloud.SoundCloudAudioSourceManager.loadItem(SoundCloudAudioSourceManager.java:119)
	at com.sedmelluq.discord.lavaplayer.player.DefaultAudioPlayerManager.checkSourcesForItemOnce(DefaultAudioPlayerManager.java:429)
	at com.sedmelluq.discord.lavaplayer.player.DefaultAudioPlayerManager.checkSourcesForItem(DefaultAudioPlayerManager.java:415)
	at com.sedmelluq.discord.lavaplayer.player.DefaultAudioPlayerManager.lambda$createItemLoader$0(DefaultAudioPlayerManager.java:219)
	at java.util.concurrent.FutureTask.run(FutureTask.java:266)
	at java.util.concurrent.ThreadPoolExecutor.runWorker(ThreadPoolExecutor.java:1142)
	at java.util.concurrent.ThreadPoolExecutor$Worker.run(ThreadPoolExecutor.java:617)
	at java.lang.Thread.run(Thread.java:745)
[20:07:07] [ INFO ] [TrackScheduler] Next Track from: https://www.youtube.com/watch?v=IdGIZjVWrzY
[20:07:08] [ INFO ] [Main] Joining guild. (Test)
[20:07:08] [ INFO ] [GuildData] Test2: Default Playlist loaded with 2531 entries.
[20:07:08] [ INFO ] [GuildReceiveHandler] Instance created
[20:07:09] [ INFO ] [TrackScheduler] Next Track from: https://youtube.com/watch?v=lznKG_PovSo
[20:07:09] [ INFO ] [Main] Joining guild. (Test2)
[20:07:09] [ INFO ] [GuildMusicManager] From: MessageListener -> Checking for autopause in Test. (Members in Channel without bot: 6)
[20:07:10] [ INFO ] [GuildMusicManager] From: MessageListener -> Checking for autopause in Test2. (Members in Channel without bot: 0)
[20:07:10] [ INFO ] [GuildMusicManager] Pausing player in Test2 (Empty Channel).
[20:07:21] [ INFO ] [GuildMusicManager] From: MessageListener -> Checking for autopause in Test2. (Members in Channel without bot: 1)
[20:07:21] [ INFO ] [GuildMusicManager] Resuming player in Test2 (Member joined empty Channel).
[20:08:00] [ INFO ] [MessageListener] Message received. (!ping)
[20:08:00] [ INFO ] [MessageDeleter] Message successfully queued, in Test2. (289836811776294912) ("!ping")
[20:08:00] [ INFO ] [MessageListener] Command detected: ping
[20:08:01] [ INFO ] [MessageListener] Message received. (**Pong!** :nerd: (34ms).)
[20:08:01] [ INFO ] [MessageDeleter] Message successfully queued, in Test2. (289836813953007617) ("**Pong!** :nerd: (34ms).")
[20:08:01] [ INFO ] [MessageListener] Test2 	 Test 	 **Pong!** :nerd: (34ms).
[20:08:11] [ INFO ] [MessageDeleter] Message successfully deleted, in Test2. (289836811776294912) ("!ping")
[20:08:51] [ INFO ] [MessageDeleter] Message successfully deleted, in Test2. (289836813953007617) ("**Pong!** :nerd: (34ms).")
[20:09:21] [ INFO ] [MessageListener] Message received. (!np)
[20:09:21] [ INFO ] [MessageDeleter] Message successfully queued, in Test2. (289837151292751884) ("!np")
[20:09:21] [ INFO ] [MessageListener] Command detected: np
[20:09:22] [ INFO ] [MessageListener] Message received. ()
[20:09:22] [ INFO ] [MessageListener] Test2 	 Test 	 
[20:09:22] [ INFO ] [MessageDeleter] Message successfully queued, in Test2. (289837154761179136) ("")
[20:09:32] [ INFO ] [MessageDeleter] Message successfully deleted, in Test2. (289837151292751884) ("!np")
[20:09:40] [ INFO ] [MessageListener] Message received. (!np)
[20:09:40] [ INFO ] [MessageDeleter] Message successfully queued, in Test. (289837228648169482) ("!np")
[20:09:40] [ INFO ] [MessageListener] Command detected: np
[20:09:40] [ INFO ] [MessageListener] Message received. ()
[20:09:40] [ INFO ] [MessageListener] Test 	 GLOW-bot 	 
[20:09:40] [ INFO ] [MessageDeleter] Message successfully queued, in Test. (289837231349432320) ("")
[20:09:40] [ INFO ] [MessageListener] Message received. ()
[20:09:40] [ INFO ] [MessageListener] Test 	 Test 	 
[20:09:50] [ WARN ] [MessageDeleter] Could not delete Message! Already deleted?! ("!np")
[20:10:12] [ INFO ] [MessageDeleter] Message successfully deleted, in Test2. (289837154761179136) ("")
[20:10:31] [ INFO ] [MessageDeleter] Message successfully deleted, in Test. (289837231349432320) ("")
[20:11:11] [ INFO ] [TrackScheduler] Next Track from: https://youtube.com/watch?v=3moLkjvhEu0
[20:11:11] [ INFO ] [GuildMusicManager] From: TrackScheduler -> Checking for autopause in Test. (Members in Channel without bot: 6)
[20:11:41] [ INFO ] [TrackScheduler] Next Track from: https://youtube.com/watch?v=zueQ7Hz7l8s
[20:11:42] [ INFO ] [GuildMusicManager] From: TrackScheduler -> Checking for autopause in Test2. (Members in Channel without bot: 1)
[20:14:08] [ INFO ] [TrackScheduler] Next Track from: https://youtube.com/watch?v=hGxUXFlSvbU
[20:14:08] [ INFO ] [GuildMusicManager] From: TrackScheduler -> Checking for autopause in Test2. (Members in Channel without bot: 1)
[20:15:23] [ INFO ] [TrackScheduler] Next Track from: https://youtube.com/watch?v=gju4CyAsMhI
[20:15:24] [ INFO ] [GuildMusicManager] From: TrackScheduler -> Checking for autopause in Test. (Members in Channel without bot: 6)
[20:17:58] [ INFO ] [TrackScheduler] Next Track from: https://youtube.com/watch?v=2-DJeXSWrCg
[20:17:59] [ INFO ] [GuildMusicManager] From: TrackScheduler -> Checking for autopause in Test2. (Members in Channel without bot: 1)
[20:19:20] [ INFO ] [TrackScheduler] Next Track from: https://www.youtube.com/watch?v=GhSCAp3bCQY
[20:19:20] [ INFO ] [GuildMusicManager] From: TrackScheduler -> Checking for autopause in Test. (Members in Channel without bot: 6)
[20:21:37] [ INFO ] [TrackScheduler] Next Track from: https://youtube.com/watch?v=Zmd2nbHP5kQ
[20:21:38] [ INFO ] [GuildMusicManager] From: TrackScheduler -> Checking for autopause in Test2. (Members in Channel without bot: 1)
[20:22:19] [ INFO ] [MessageListener] Message received. (!s)
[20:22:19] [ INFO ] [MessageDeleter] Message successfully queued, in Test2. (289840412783411201) ("!s")
[20:22:19] [ INFO ] [MessageListener] Command detected: s
[20:22:19] [ INFO ] [StaticSchedulePool] Executing SchedulePool
[20:22:19] [ INFO ] [MessageDeleter] Message successfully deleted, in Test2. (289840412783411201) ("!s")
[20:22:20] [ INFO ] [ShutdownCommand] Everything done. Shutdown in 3.0 seconds.
[20:22:25] [ INFO ] [JDA] Login Successful!
[20:22:26] [ INFO ] [JDA] Connected to WebSocket
[20:22:26] [ INFO ] [JDA] Finished Loading!
[20:22:26] [ INFO ] [Main] All 1 shards are ready.
[20:22:26] [ INFO ] [Main] Connecting to 2 guilds...
[20:22:27] [ INFO ] [GuildData] Test Custom Playlist loaded with 221 entries.
[20:22:27] [ INFO ] [GuildReceiveHandler] Instance created
[20:22:27] [ INFO ] [JDA] Audio System successfully setup!
[20:22:27] [ INFO ] [TrackScheduler] Next Track from: https://soundcloud.com/majorlazer/boom-feat-ty-dolla-ign-wizkid-kranium
[20:22:28] [ INFO ] [Main] Joining guild. (Test)
[20:22:28] [ INFO ] [GuildData] Test2: Default Playlist loaded with 2531 entries.
[20:22:28] [ INFO ] [GuildReceiveHandler] Instance created
[20:22:29] [ INFO ] [TrackScheduler] Next Track from: https://youtube.com/watch?v=FdBqOCS8LmM
[20:22:29] [ INFO ] [Main] Joining guild. (Test2)
[20:22:29] [ INFO ] [GuildMusicManager] From: MessageListener -> Checking for autopause in Test. (Members in Channel without bot: 6)
[20:22:29] [ INFO ] [GuildMusicManager] From: MessageListener -> Checking for autopause in Test2. (Members in Channel without bot: 1)
[20:24:44] [ INFO ] [MessageListener] Message received. (!s)
[20:24:44] [ INFO ] [MessageDeleter] Message successfully queued, in Test2. (289841020219162624) ("!s")
[20:24:44] [ INFO ] [MessageListener] Command detected: s
[20:24:44] [ INFO ] [StaticSchedulePool] Executing SchedulePool
[20:24:44] [ INFO ] [MessageDeleter] Message successfully deleted, in Test2. (289841020219162624) ("!s")
[20:24:44] [ INFO ] [ShutdownCommand] Everything done. Shutdown in 3.0 seconds.
[20:24:49] [ INFO ] [JDA] Login Successful!
[20:24:49] [ INFO ] [JDA] Connected to WebSocket
[20:24:50] [ INFO ] [JDA] Finished Loading!
[20:24:50] [ INFO ] [Main] All 1 shards are ready.
[20:24:50] [ INFO ] [Main] Connecting to 2 guilds...
[20:24:51] [ INFO ] [GuildData] Test Custom Playlist loaded with 221 entries.
[20:24:51] [ INFO ] [GuildReceiveHandler] Instance created
[20:24:51] [ INFO ] [JDA] Audio System successfully setup!
[20:24:51] [ INFO ] [TrackScheduler] Next Track from: https://www.youtube.com/watch?v=3zQ1zYaVubA
[20:24:52] [ INFO ] [Main] Joining guild. (Test)
[20:24:52] [ INFO ] [GuildData] Test2: Default Playlist loaded with 2531 entries.
[20:24:52] [ INFO ] [GuildReceiveHandler] Instance created
[20:24:53] [ INFO ] [TrackScheduler] Next Track from: https://youtube.com/watch?v=Nv2GgV34qIg
[20:24:53] [ INFO ] [Main] Joining guild. (Test2)
[20:24:53] [ INFO ] [GuildMusicManager] From: MessageListener -> Checking for autopause in Test. (Members in Channel without bot: 6)
[20:24:54] [ INFO ] [GuildMusicManager] From: MessageListener -> Checking for autopause in Test2. (Members in Channel without bot: 1)
[20:24:56] [ INFO ] [MessageListener] Message received. (!permission)
[20:24:56] [ INFO ] [MessageDeleter] Message successfully queued, in Test2. (289841071532539904) ("!permission")
[20:24:56] [ INFO ] [MessageListener] Command detected: permission
[20:24:56] [ INFO ] [MessageDeleter] Message successfully queued, in Test2. (289841073168187394) ("Das sind deine internen Rollen: 

Default
	PingCommand
	GifCommand
	RollCommand
	NowPlayingCommand
	QueueCommand
	SkipCommand")
[20:24:56] [ INFO ] [MessageListener] Message received. (Das sind deine internen Rollen: 

Default
	PingCommand
	GifCommand
	RollCommand
	NowPlayingCommand
	QueueCommand
	SkipCommand)
[20:24:56] [ INFO ] [MessageListener] Test2 	 Test 	 Das sind deine internen Rollen: 

Default
	PingCommand
	GifCommand
	RollCommand
	NowPlayingCommand
	QueueCommand
	SkipCommand
[20:25:06] [ INFO ] [MessageDeleter] Message successfully deleted, in Test2. (289841071532539904) ("!permission")
[20:25:26] [ INFO ] [MessageListener] Message received. (!np)
[20:25:26] [ INFO ] [MessageDeleter] Message successfully queued, in Test2. (289841195796922378) ("!np")
[20:25:26] [ INFO ] [MessageListener] Command detected: np
[20:25:26] [ INFO ] [MessageDeleter] Message successfully queued, in Test2. (289841198632402955) ("")
[20:25:26] [ INFO ] [MessageListener] Message received. ()
[20:25:26] [ INFO ] [MessageListener] Test2 	 Test 	 
[20:25:36] [ INFO ] [MessageDeleter] Message successfully deleted, in Test2. (289841195796922378) ("!np")
[20:25:47] [ INFO ] [MessageDeleter] Message successfully deleted, in Test2. (289841073168187394) ("Das sind deine internen Rollen: 

Default
	PingCommand
	GifCommand
	RollCommand
	NowPlayingCommand
	QueueCommand
	SkipCommand")
[20:26:16] [ INFO ] [MessageDeleter] Message successfully deleted, in Test2. (289841198632402955) ("")
[20:28:01] [ INFO ] [MessageListener] Message received. (!s)
[20:28:01] [ INFO ] [MessageDeleter] Message successfully queued, in Test2. (289841846627336204) ("!s")
[20:28:01] [ INFO ] [MessageListener] Command detected: s
[20:28:01] [ INFO ] [StaticSchedulePool] Executing SchedulePool
[20:28:01] [ INFO ] [MessageDeleter] Message successfully deleted, in Test2. (289841846627336204) ("!s")
[20:28:01] [ INFO ] [ShutdownCommand] Everything done. Shutdown in 3.0 seconds.
[20:28:04] [ INFO ] [StaticSchedulePool] Executing SchedulePool
