[17:47:43] [ WARN ] [TextUtils] Teile des Config Files konnten nicht gelesen werden! (spam_channels)
[17:47:44] [ INFO ] [JDA] Login Successful!
[17:47:45] [ INFO ] [JDA] Connected to WebSocket
[17:47:45] [ INFO ] [JDA] Finished Loading!
[17:47:45] [ INFO ] [Main] All 1 shards are ready.
[17:47:45] [ INFO ] [Main] Connecting to 2 guilds...
[17:47:45] [ INFO ] [GuildData] Test: Default Playlist loaded with 2531 entries.
[17:47:45] [ INFO ] [GuildReceiveHandler] Instance created
[17:47:46] [ INFO ] [JDA] Audio System successfully setup!
[17:47:46] [ INFO ] [TrackScheduler] Next Track from: https://youtube.com/watch?v=qn4hQufHVsE
[17:47:47] [ INFO ] [Main] Joining guild. (Test)
[17:47:48] [ INFO ] [GuildData] Test2: Default Playlist loaded with 2531 entries.
[17:47:48] [ INFO ] [GuildReceiveHandler] Instance created
[17:47:48] [ INFO ] [TrackScheduler] Next Track from: https://youtube.com/watch?v=G2BWyY4B36Y
[17:47:48] [ INFO ] [Main] Joining guild. (Test2)
[17:47:48] [ INFO ] [GuildMusicManager] From: MessageListener -> Checking for autopause in Test. (Members in Channel without bot: 2)
[17:47:49] [ INFO ] [GuildMusicManager] From: MessageListener -> Checking for autopause in Test2. (Members in Channel without bot: 0)
[17:47:49] [ INFO ] [GuildMusicManager] Pausing player in Test2 (Empty Channel).
[17:48:02] [ INFO ] [MessageListener] Message received. (!s)
[17:48:02] [ INFO ] [MessageDeleter] Message successfully queued, in Test2. (285090544441622529) ("!s")
[17:48:02] [ INFO ] [MessageListener] Command detected: s
[17:48:02] [ INFO ] [StaticSchedulePool] Executing SchedulePool
[17:48:02] [ INFO ] [MessageDeleter] Message successfully deleted, in Test2. (285090544441622529) ("!s")
[17:48:02] [ INFO ] [ShutdownCommand] Everything done. Shutdown in 3.0 seconds.
[17:48:05] [ INFO ] [StaticSchedulePool] Executing SchedulePool
[17:55:50] [ WARN ] [TextUtils] Teile des Config Files konnten nicht gelesen werden! (spam_channels)
[17:55:51] [ INFO ] [JDA] Login Successful!
[17:55:51] [ INFO ] [JDA] Connected to WebSocket
[17:55:51] [ INFO ] [JDA] Finished Loading!
[17:55:51] [ INFO ] [Main] All 1 shards are ready.
[17:55:51] [ INFO ] [Main] Connecting to 2 guilds...
[17:55:52] [ INFO ] [GuildData] Test: Default Playlist loaded with 2531 entries.
[17:55:52] [ INFO ] [GuildReceiveHandler] Instance created
[17:55:52] [ INFO ] [JDA] Audio System successfully setup!
[17:55:52] [ INFO ] [TrackScheduler] Next Track from: https://youtube.com/watch?v=YmtHdBPzi_w
[17:55:52] [ INFO ] [Main] Joining guild. (Test)
[17:55:53] [ INFO ] [GuildData] Test2: Default Playlist loaded with 2531 entries.
[17:55:53] [ INFO ] [GuildReceiveHandler] Instance created
[17:55:53] [ INFO ] [TrackScheduler] Next Track from: https://youtube.com/watch?v=7wRHBLwpASw
[17:55:53] [ INFO ] [Main] Joining guild. (Test2)
[17:55:53] [ INFO ] [GuildMusicManager] From: MessageListener -> Checking for autopause in Test. (Members in Channel without bot: 2)
[17:55:54] [ INFO ] [GuildMusicManager] From: MessageListener -> Checking for autopause in Test2. (Members in Channel without bot: 0)
[17:55:54] [ INFO ] [GuildMusicManager] Pausing player in Test2 (Empty Channel).
[17:56:07] [ INFO ] [MessageListener] Message received. (!s)
[17:56:07] [ INFO ] [MessageDeleter] Message successfully queued, in Test2. (285092581636046849) ("!s")
[17:56:07] [ INFO ] [MessageListener] Command detected: s
[17:56:07] [ INFO ] [StaticSchedulePool] Executing SchedulePool
[17:56:08] [ INFO ] [MessageDeleter] Message successfully deleted, in Test2. (285092581636046849) ("!s")
[17:56:08] [ INFO ] [ShutdownCommand] Everything done. Shutdown in 3.0 seconds.
[17:56:11] [ INFO ] [StaticSchedulePool] Executing SchedulePool
