[11:41:50] [ WARN ] [TextUtils] Teile des Config Files konnten nicht gelesen werden! (spam_channels)
[11:41:50] [ INFO ] [JDA] Login Successful!
[11:41:51] [ INFO ] [JDA] Connected to WebSocket
[11:41:51] [ INFO ] [JDA] Finished Loading!
[11:41:51] [ INFO ] [Main] All 1 shards are ready.
[11:41:51] [ INFO ] [Main] Connecting to 2 guilds...
[11:41:52] [ INFO ] [GuildData] Test: Default Playlist loaded with 2531 entries.
[11:41:52] [ INFO ] [GuildReceiveHandler] Instance created
[11:41:53] [ INFO ] [JDA] Audio System successfully setup!
[11:41:53] [ INFO ] [TrackScheduler] Next Track from: https://youtube.com/watch?v=i2RKWJD5ops
[11:41:53] [ INFO ] [Main] Joining guild. (Test)
[11:41:54] [ INFO ] [GuildData] Test2: Default Playlist loaded with 2531 entries.
[11:41:54] [ INFO ] [GuildReceiveHandler] Instance created
[11:41:54] [ INFO ] [TrackScheduler] Next Track from: https://youtube.com/watch?v=GVYl_hiD1oQ
[11:41:54] [ INFO ] [Main] Joining guild. (Test2)
[11:41:54] [ INFO ] [GuildMusicManager] From: MessageListener -> Checking for autopause in Test. (Members in Channel without bot: 2)
[11:41:55] [ INFO ] [GuildMusicManager] From: MessageListener -> Checking for autopause in Test2. (Members in Channel without bot: 0)
[11:41:55] [ INFO ] [GuildMusicManager] Pausing player in Test2 (Empty Channel).
[11:41:57] [ INFO ] [MessageListener] Message received. (!g)
[11:41:57] [ INFO ] [MessageDeleter] Message successfully queued, in Test2. (286085587373654017) ("!g")
[11:41:57] [ INFO ] [MessageListener] Command detected: g
[11:41:57] [ INFO ] [MessageDeleter] Message successfully queued, in Test2. (286085589659549696) ("http://media2.giphy.com/media/zTfwFhYUrIrnO/giphy.gif")
[11:41:57] [ INFO ] [MessageListener] Message received. (http://media2.giphy.com/media/zTfwFhYUrIrnO/giphy.gif)
[11:41:57] [ INFO ] [MessageListener] Test2 	 Test 	 http://media2.giphy.com/media/zTfwFhYUrIrnO/giphy.gif
[11:42:07] [ INFO ] [MessageDeleter] Message successfully deleted, in Test2. (286085587373654017) ("!g")
[11:42:09] [ INFO ] [MessageListener] Message received. (!g)
[11:42:09] [ INFO ] [MessageDeleter] Message successfully queued, in Test2. (286085637549981696) ("!g")
[11:42:09] [ INFO ] [MessageListener] Command detected: g
[11:42:09] [ INFO ] [MessageListener] Message received. (http://media4.giphy.com/media/3o6gaW2l0FJB0jt7MY/giphy.gif)
[11:42:09] [ INFO ] [MessageListener] Test2 	 Test 	 http://media4.giphy.com/media/3o6gaW2l0FJB0jt7MY/giphy.gif
[11:42:09] [ INFO ] [MessageDeleter] Message successfully queued, in Test2. (286085639101874177) ("http://media4.giphy.com/media/3o6gaW2l0FJB0jt7MY/giphy.gif")
[11:42:19] [ INFO ] [MessageDeleter] Message successfully deleted, in Test2. (286085637549981696) ("!g")
[11:42:56] [ INFO ] [MessageListener] Message received. (!g penis i tree)
[11:42:56] [ INFO ] [MessageDeleter] Message successfully queued, in Test2. (286085835835703296) ("!g penis i tree")
[11:42:56] [ INFO ] [MessageListener] Command detected: g
[11:42:56] [ INFO ] [MessageListener] Message received. (http://media3.giphy.com/media/QDE4SpzapysNO/giphy.gif)
[11:42:56] [ INFO ] [MessageListener] Test2 	 Test 	 http://media3.giphy.com/media/QDE4SpzapysNO/giphy.gif
[11:42:56] [ INFO ] [MessageDeleter] Message successfully queued, in Test2. (286085838155284480) ("http://media3.giphy.com/media/QDE4SpzapysNO/giphy.gif")
[11:43:06] [ INFO ] [MessageDeleter] Message successfully deleted, in Test2. (286085835835703296) ("!g penis i tree")
[11:44:06] [ INFO ] [MessageListener] Message received. (!s)
[11:44:06] [ INFO ] [MessageDeleter] Message successfully queued, in Test2. (286086129596235777) ("!s")
[11:44:06] [ INFO ] [MessageListener] Command detected: s
[11:44:06] [ INFO ] [StaticSchedulePool] Executing SchedulePool
[11:44:06] [ INFO ] [MessageDeleter] Message successfully deleted, in Test2. (286085589659549696) ("http://media2.giphy.com/media/zTfwFhYUrIrnO/giphy.gif")
[11:44:06] [ INFO ] [MessageDeleter] Message successfully deleted, in Test2. (286085639101874177) ("http://media4.giphy.com/media/3o6gaW2l0FJB0jt7MY/giphy.gif")
[11:44:06] [ INFO ] [MessageDeleter] Message successfully deleted, in Test2. (286085838155284480) ("http://media3.giphy.com/media/QDE4SpzapysNO/giphy.gif")
[11:44:07] [ INFO ] [MessageDeleter] Message successfully deleted, in Test2. (286086129596235777) ("!s")
[11:44:07] [ INFO ] [ShutdownCommand] Everything done. Shutdown in 3.0 seconds.
[11:44:10] [ INFO ] [StaticSchedulePool] Executing SchedulePool
[11:44:14] [ WARN ] [TextUtils] Teile des Config Files konnten nicht gelesen werden! (spam_channels)
[11:44:14] [ INFO ] [JDA] Login Successful!
[11:44:15] [ INFO ] [JDA] Connected to WebSocket
[11:44:15] [ INFO ] [JDA] Finished Loading!
[11:44:15] [ INFO ] [Main] All 1 shards are ready.
[11:44:15] [ INFO ] [Main] Connecting to 2 guilds...
[11:44:16] [ INFO ] [GuildData] Test: Default Playlist loaded with 2531 entries.
[11:44:16] [ INFO ] [GuildReceiveHandler] Instance created
[11:44:16] [ INFO ] [JDA] Audio System successfully setup!
[11:44:16] [ INFO ] [TrackScheduler] Next Track from: https://youtube.com/watch?v=7_VR3trN82M
[11:44:16] [ INFO ] [Main] Joining guild. (Test)
[11:44:17] [ INFO ] [GuildData] Test2: Default Playlist loaded with 2531 entries.
[11:44:17] [ INFO ] [GuildReceiveHandler] Instance created
[11:44:17] [ INFO ] [TrackScheduler] Next Track from: https://youtube.com/watch?v=9BoWlVmlQa0
[11:44:17] [ INFO ] [Main] Joining guild. (Test2)
[11:44:17] [ INFO ] [GuildMusicManager] From: MessageListener -> Checking for autopause in Test. (Members in Channel without bot: 2)
[11:44:18] [ INFO ] [GuildMusicManager] From: MessageListener -> Checking for autopause in Test2. (Members in Channel without bot: 0)
[11:44:18] [ INFO ] [GuildMusicManager] Pausing player in Test2 (Empty Channel).
[11:44:25] [ INFO ] [MessageListener] Message received. (!g superman vs batman)
[11:44:25] [ INFO ] [MessageDeleter] Message successfully queued, in Test2. (286086208608534528) ("!g superman vs batman")
[11:44:25] [ INFO ] [MessageListener] Command detected: g
[11:44:26] [ INFO ] [MessageDeleter] Message successfully queued, in Test2. (286086212366630912) ("http://media1.giphy.com/media/uVv0oKngAd4qc/giphy.gif")
[11:44:26] [ INFO ] [MessageListener] Message received. (http://media1.giphy.com/media/uVv0oKngAd4qc/giphy.gif)
[11:44:26] [ INFO ] [MessageListener] Test2 	 Test 	 http://media1.giphy.com/media/uVv0oKngAd4qc/giphy.gif
[11:44:35] [ INFO ] [MessageDeleter] Message successfully deleted, in Test2. (286086208608534528) ("!g superman vs batman")
[11:44:57] [ INFO ] [MessageListener] Message received. (!g counter strike global offensive)
[11:44:57] [ INFO ] [MessageDeleter] Message successfully queued, in Test2. (286086343841546240) ("!g counter strike global offensive")
[11:44:57] [ INFO ] [MessageListener] Command detected: g
[11:44:57] [ INFO ] [MessageListener] Message received. (http://media0.giphy.com/media/aOkAitmg5eeRi/giphy.gif)
[11:44:57] [ INFO ] [MessageListener] Test2 	 Test 	 http://media0.giphy.com/media/aOkAitmg5eeRi/giphy.gif
[11:44:57] [ INFO ] [MessageDeleter] Message successfully queued, in Test2. (286086345728720896) ("http://media0.giphy.com/media/aOkAitmg5eeRi/giphy.gif")
[11:45:07] [ INFO ] [MessageDeleter] Message successfully deleted, in Test2. (286086343841546240) ("!g counter strike global offensive")
[11:45:11] [ INFO ] [MessageListener] Message received. (!league of legends)
[11:45:11] [ INFO ] [MessageDeleter] Message successfully queued, in Test2. (286086404503764992) ("!league of legends")
[11:45:11] [ INFO ] [MessageListener] Command detected: league
[11:45:11] [ INFO ] [MessageListener] (No command): !league of legends
[11:45:21] [ INFO ] [MessageListener] Message received. (!g league of legends)
[11:45:21] [ INFO ] [MessageDeleter] Message successfully queued, in Test2. (286086445607813121) ("!g league of legends")
[11:45:21] [ INFO ] [MessageListener] Command detected: g
[11:45:22] [ WARN ] [MessageDeleter] Could not delete Message! Already deleted?! ("!league of legends")
[11:45:22] [ INFO ] [MessageListener] Message received. (http://media3.giphy.com/media/wenvFn73lzf2M/giphy.gif)
[11:45:22] [ INFO ] [MessageListener] Test2 	 Test 	 http://media3.giphy.com/media/wenvFn73lzf2M/giphy.gif
[11:45:22] [ INFO ] [MessageDeleter] Message successfully queued, in Test2. (286086447759622154) ("http://media3.giphy.com/media/wenvFn73lzf2M/giphy.gif")
[11:45:31] [ INFO ] [MessageDeleter] Message successfully deleted, in Test2. (286086445607813121) ("!g league of legends")
[11:45:50] [ INFO ] [MessageListener] Message received. (!g mind blown)
[11:45:50] [ INFO ] [MessageDeleter] Message successfully queued, in Test2. (286086566592643073) ("!g mind blown")
[11:45:50] [ INFO ] [MessageListener] Command detected: g
[11:45:51] [ INFO ] [MessageListener] Message received. (http://media0.giphy.com/media/TeC6PUufsNFza/giphy.gif)
[11:45:51] [ INFO ] [MessageListener] Test2 	 Test 	 http://media0.giphy.com/media/TeC6PUufsNFza/giphy.gif
[11:45:51] [ INFO ] [MessageDeleter] Message successfully queued, in Test2. (286086568492400640) ("http://media0.giphy.com/media/TeC6PUufsNFza/giphy.gif")
[11:46:00] [ INFO ] [MessageDeleter] Message successfully deleted, in Test2. (286086566592643073) ("!g mind blown")
[11:46:08] [ INFO ] [MessageListener] Message received. (!gif mind blown)
[11:46:08] [ INFO ] [MessageDeleter] Message successfully queued, in Test2. (286086639376400405) ("!gif mind blown")
[11:46:08] [ INFO ] [MessageListener] Command detected: gif
[11:46:08] [ INFO ] [MessageListener] Message received. (https://media3.giphy.com/media/3o7qE7OtjAQ22XFZGU/giphy.gif)
[11:46:08] [ INFO ] [MessageListener] Test2 	 Test 	 https://media3.giphy.com/media/3o7qE7OtjAQ22XFZGU/giphy.gif
[11:46:08] [ INFO ] [MessageDeleter] Message successfully queued, in Test2. (286086640915578900) ("https://media3.giphy.com/media/3o7qE7OtjAQ22XFZGU/giphy.gif")
[11:46:18] [ INFO ] [MessageDeleter] Message successfully deleted, in Test2. (286086639376400405) ("!gif mind blown")
[11:46:39] [ INFO ] [MessageListener] Message received. (!s)
[11:46:39] [ INFO ] [MessageDeleter] Message successfully queued, in Test2. (286086771782189057) ("!s")
[11:46:39] [ INFO ] [MessageListener] Command detected: s
[11:46:39] [ INFO ] [StaticSchedulePool] Executing SchedulePool
[11:46:39] [ WARN ] [MessageDeleter] Could not delete Message! Already deleted?! ("http://media1.giphy.com/media/uVv0oKngAd4qc/giphy.gif")
[11:46:39] [ WARN ] [MessageDeleter] Could not delete Message! Already deleted?! ("http://media0.giphy.com/media/aOkAitmg5eeRi/giphy.gif")
[11:46:40] [ WARN ] [MessageDeleter] Could not delete Message! Already deleted?! ("http://media3.giphy.com/media/wenvFn73lzf2M/giphy.gif")
[11:46:40] [ INFO ] [MessageDeleter] Message successfully deleted, in Test2. (286086568492400640) ("http://media0.giphy.com/media/TeC6PUufsNFza/giphy.gif")
[11:46:40] [ INFO ] [MessageDeleter] Message successfully deleted, in Test2. (286086640915578900) ("https://media3.giphy.com/media/3o7qE7OtjAQ22XFZGU/giphy.gif")
[11:46:40] [ INFO ] [MessageDeleter] Message successfully deleted, in Test2. (286086771782189057) ("!s")
[11:46:40] [ INFO ] [ShutdownCommand] Everything done. Shutdown in 3.0 seconds.
[11:46:43] [ INFO ] [StaticSchedulePool] Executing SchedulePool
[11:46:46] [ WARN ] [TextUtils] Teile des Config Files konnten nicht gelesen werden! (spam_channels)
[11:46:47] [ INFO ] [JDA] Login Successful!
[11:46:47] [ INFO ] [JDA] Connected to WebSocket
[11:46:47] [ INFO ] [JDA] Finished Loading!
[11:46:47] [ INFO ] [Main] All 1 shards are ready.
[11:46:47] [ INFO ] [Main] Connecting to 2 guilds...
[11:46:48] [ INFO ] [GuildData] Test: Default Playlist loaded with 2531 entries.
[11:46:48] [ INFO ] [GuildReceiveHandler] Instance created
[11:46:48] [ INFO ] [JDA] Audio System successfully setup!
[11:46:48] [ INFO ] [TrackScheduler] Next Track from: https://youtube.com/watch?v=ixA3SzX6uUc
[11:46:48] [ INFO ] [Main] Joining guild. (Test)
[11:46:49] [ INFO ] [GuildData] Test2: Default Playlist loaded with 2531 entries.
[11:46:49] [ INFO ] [GuildReceiveHandler] Instance created
[11:46:49] [ INFO ] [TrackScheduler] Next Track from: https://youtube.com/watch?v=ij1AJRymxvA
[11:46:49] [ INFO ] [Main] Joining guild. (Test2)
[11:46:49] [ INFO ] [GuildMusicManager] From: MessageListener -> Checking for autopause in Test. (Members in Channel without bot: 2)
[11:46:50] [ INFO ] [GuildMusicManager] From: MessageListener -> Checking for autopause in Test2. (Members in Channel without bot: 0)
[11:46:50] [ INFO ] [GuildMusicManager] Pausing player in Test2 (Empty Channel).
[11:46:54] [ INFO ] [MessageListener] Message received. (!gif balu)
[11:46:54] [ INFO ] [MessageDeleter] Message successfully queued, in Test2. (286086835472695296) ("!gif balu")
[11:46:54] [ INFO ] [MessageListener] Command detected: gif
[11:46:55] [ INFO ] [MessageListener] Message received. (http://media4.giphy.com/media/o8jnFDp6946Pu/giphy.gif)
[11:46:55] [ INFO ] [MessageDeleter] Message successfully queued, in Test2. (286086836827455490) ("http://media4.giphy.com/media/o8jnFDp6946Pu/giphy.gif")
[11:46:55] [ INFO ] [MessageListener] Test2 	 Test 	 http://media4.giphy.com/media/o8jnFDp6946Pu/giphy.gif
[11:47:04] [ INFO ] [MessageDeleter] Message successfully deleted, in Test2. (286086835472695296) ("!gif balu")
[11:47:08] [ INFO ] [MessageListener] Message received. (!gif emma watson)
[11:47:08] [ INFO ] [MessageDeleter] Message successfully queued, in Test2. (286086892116508674) ("!gif emma watson")
[11:47:08] [ INFO ] [MessageListener] Command detected: gif
[11:47:08] [ INFO ] [MessageListener] Message received. (http://media3.giphy.com/media/OzHKDlB6CqwZG/giphy.gif)
[11:47:08] [ INFO ] [MessageListener] Test2 	 Test 	 http://media3.giphy.com/media/OzHKDlB6CqwZG/giphy.gif
[11:47:08] [ INFO ] [MessageDeleter] Message successfully queued, in Test2. (286086893962133504) ("http://media3.giphy.com/media/OzHKDlB6CqwZG/giphy.gif")
[11:47:18] [ INFO ] [MessageDeleter] Message successfully deleted, in Test2. (286086892116508674) ("!gif emma watson")
[11:47:21] [ INFO ] [MessageListener] Message received. (!gif misha cross)
[11:47:21] [ INFO ] [MessageDeleter] Message successfully queued, in Test2. (286086948865572864) ("!gif misha cross")
[11:47:21] [ INFO ] [MessageListener] Command detected: gif
[11:47:22] [ INFO ] [MessageListener] Message received. (http://media3.giphy.com/media/DaxsMlK1eK0E0/giphy.gif)
[11:47:22] [ INFO ] [MessageListener] Test2 	 Test 	 http://media3.giphy.com/media/DaxsMlK1eK0E0/giphy.gif
[11:47:22] [ INFO ] [MessageDeleter] Message successfully queued, in Test2. (286086950501351424) ("http://media3.giphy.com/media/DaxsMlK1eK0E0/giphy.gif")
[11:47:31] [ INFO ] [MessageDeleter] Message successfully deleted, in Test2. (286086948865572864) ("!gif misha cross")
[11:47:35] [ INFO ] [MessageListener] Message received. (!gif pamela anderson)
[11:47:35] [ INFO ] [MessageDeleter] Message successfully queued, in Test2. (286087004943417355) ("!gif pamela anderson")
[11:47:35] [ INFO ] [MessageListener] Command detected: gif
[11:47:35] [ INFO ] [MessageListener] Message received. (http://media0.giphy.com/media/Fuy1eKtb0czwQ/giphy.gif)
[11:47:35] [ INFO ] [MessageListener] Test2 	 Test 	 http://media0.giphy.com/media/Fuy1eKtb0czwQ/giphy.gif
[11:47:35] [ INFO ] [MessageDeleter] Message successfully queued, in Test2. (286087006935842817) ("http://media0.giphy.com/media/Fuy1eKtb0czwQ/giphy.gif")
[11:47:45] [ INFO ] [MessageDeleter] Message successfully deleted, in Test2. (286087004943417355) ("!gif pamela anderson")
[11:47:56] [ INFO ] [MessageListener] Message received. (!gif sad frog)
[11:47:56] [ INFO ] [MessageDeleter] Message successfully queued, in Test2. (286087096001626112) ("!gif sad frog")
[11:47:56] [ INFO ] [MessageListener] Command detected: gif
[11:47:57] [ INFO ] [MessageDeleter] Message successfully queued, in Test2. (286087097608306688) ("http://media1.giphy.com/media/w4lXg1YXgNuVy/giphy.gif")
[11:47:57] [ INFO ] [MessageListener] Message received. (http://media1.giphy.com/media/w4lXg1YXgNuVy/giphy.gif)
[11:47:57] [ INFO ] [MessageListener] Test2 	 Test 	 http://media1.giphy.com/media/w4lXg1YXgNuVy/giphy.gif
[11:48:06] [ INFO ] [MessageListener] Message received. (!gif rip)
[11:48:06] [ INFO ] [MessageDeleter] Message successfully queued, in Test2. (286087138213232640) ("!gif rip")
[11:48:06] [ INFO ] [MessageListener] Command detected: gif
[11:48:06] [ INFO ] [MessageDeleter] Message successfully deleted, in Test2. (286087096001626112) ("!gif sad frog")
[11:48:07] [ INFO ] [MessageListener] Message received. (http://media1.giphy.com/media/wZMCh7hARJuKY/giphy.gif)
[11:48:07] [ INFO ] [MessageListener] Test2 	 Test 	 http://media1.giphy.com/media/wZMCh7hARJuKY/giphy.gif
[11:48:07] [ INFO ] [MessageDeleter] Message successfully queued, in Test2. (286087139731701761) ("http://media1.giphy.com/media/wZMCh7hARJuKY/giphy.gif")
[11:48:17] [ INFO ] [MessageDeleter] Message successfully deleted, in Test2. (286087138213232640) ("!gif rip")
[11:48:22] [ INFO ] [MessageListener] Message received. (!gif r.i.p.)
[11:48:22] [ INFO ] [MessageDeleter] Message successfully queued, in Test2. (286087204604739594) ("!gif r.i.p.")
[11:48:22] [ INFO ] [MessageListener] Command detected: gif
[11:48:23] [ INFO ] [MessageListener] Message received. (http://media0.giphy.com/media/xe4j3GhsZBvO0/giphy.gif)
[11:48:23] [ INFO ] [MessageListener] Test2 	 Test 	 http://media0.giphy.com/media/xe4j3GhsZBvO0/giphy.gif
[11:48:23] [ INFO ] [MessageDeleter] Message successfully queued, in Test2. (286087206135922688) ("http://media0.giphy.com/media/xe4j3GhsZBvO0/giphy.gif")
[11:48:32] [ INFO ] [MessageDeleter] Message successfully deleted, in Test2. (286087204604739594) ("!gif r.i.p.")
[11:48:45] [ INFO ] [MessageListener] Message received. (!s)
[11:48:45] [ INFO ] [MessageDeleter] Message successfully queued, in Test2. (286087298951675904) ("!s")
[11:48:45] [ INFO ] [MessageListener] Command detected: s
[11:48:45] [ INFO ] [StaticSchedulePool] Executing SchedulePool
[11:48:45] [ INFO ] [MessageDeleter] Message successfully deleted, in Test2. (286086836827455490) ("http://media4.giphy.com/media/o8jnFDp6946Pu/giphy.gif")
[11:48:45] [ INFO ] [MessageDeleter] Message successfully deleted, in Test2. (286086893962133504) ("http://media3.giphy.com/media/OzHKDlB6CqwZG/giphy.gif")
[11:48:45] [ INFO ] [MessageDeleter] Message successfully deleted, in Test2. (286086950501351424) ("http://media3.giphy.com/media/DaxsMlK1eK0E0/giphy.gif")
[11:48:45] [ INFO ] [MessageDeleter] Message successfully deleted, in Test2. (286087006935842817) ("http://media0.giphy.com/media/Fuy1eKtb0czwQ/giphy.gif")
[11:48:45] [ INFO ] [MessageDeleter] Message successfully deleted, in Test2. (286087097608306688) ("http://media1.giphy.com/media/w4lXg1YXgNuVy/giphy.gif")
[11:48:47] [ INFO ] [MessageDeleter] Message successfully deleted, in Test2. (286087139731701761) ("http://media1.giphy.com/media/wZMCh7hARJuKY/giphy.gif")
[11:48:47] [ INFO ] [MessageDeleter] Message successfully deleted, in Test2. (286087206135922688) ("http://media0.giphy.com/media/xe4j3GhsZBvO0/giphy.gif")
[11:48:47] [ INFO ] [MessageDeleter] Message successfully deleted, in Test2. (286087298951675904) ("!s")
[11:48:47] [ INFO ] [ShutdownCommand] Everything done. Shutdown in 3.0 seconds.
[11:48:50] [ INFO ] [StaticSchedulePool] Executing SchedulePool
[11:54:58] [ WARN ] [TextUtils] Teile des Config Files konnten nicht gelesen werden! (spam_channels)
[11:54:59] [ INFO ] [JDA] Login Successful!
[11:55:00] [ INFO ] [JDA] Connected to WebSocket
[11:55:00] [ INFO ] [JDA] Finished Loading!
[11:55:00] [ INFO ] [Main] All 1 shards are ready.
[11:55:00] [ INFO ] [Main] Connecting to 2 guilds...
[11:55:00] [ INFO ] [GuildData] Test: Default Playlist loaded with 2531 entries.
[11:55:00] [ INFO ] [GuildReceiveHandler] Instance created
[11:55:00] [ INFO ] [JDA] Audio System successfully setup!
[11:55:00] [ INFO ] [TrackScheduler] Next Track from: https://youtube.com/watch?v=TsBXn4M9dJE
[11:55:01] [ INFO ] [Main] Joining guild. (Test)
[11:55:01] [ INFO ] [GuildData] Test2: Default Playlist loaded with 2531 entries.
[11:55:01] [ INFO ] [GuildReceiveHandler] Instance created
[11:55:01] [ INFO ] [TrackScheduler] Next Track from: https://youtube.com/watch?v=zkl3-BqhfRU
[11:55:02] [ INFO ] [Main] Joining guild. (Test2)
[11:55:02] [ INFO ] [GuildMusicManager] From: MessageListener -> Checking for autopause in Test. (Members in Channel without bot: 2)
[11:55:02] [ INFO ] [GuildMusicManager] From: MessageListener -> Checking for autopause in Test2. (Members in Channel without bot: 0)
[11:55:02] [ INFO ] [GuildMusicManager] Pausing player in Test2 (Empty Channel).
[11:55:09] [ INFO ] [MessageListener] Message received. (!gif penis)
[11:55:09] [ INFO ] [MessageDeleter] Message successfully queued, in Test2. (286088908503252995) ("!gif penis")
[11:55:09] [ INFO ] [MessageListener] Command detected: gif
[11:55:09] [ INFO ] [MessageListener] Message received. (http://media2.giphy.com/media/l41Ybdjq1wN9KPeus/giphy.gif)
[11:55:09] [ INFO ] [MessageListener] Test2 	 Test 	 http://media2.giphy.com/media/l41Ybdjq1wN9KPeus/giphy.gif
[11:55:09] [ INFO ] [MessageDeleter] Message successfully queued, in Test2. (286088910197751810) ("http://media2.giphy.com/media/l41Ybdjq1wN9KPeus/giphy.gif")
[11:55:19] [ INFO ] [MessageDeleter] Message successfully deleted, in Test2. (286088908503252995) ("!gif penis")
[11:58:09] [ INFO ] [MessageDeleter] Message successfully deleted, in Test2. (286088910197751810) ("http://media2.giphy.com/media/l41Ybdjq1wN9KPeus/giphy.gif")
[12:01:24] [ INFO ] [TrackScheduler] Next Track from: https://youtube.com/watch?v=mc9LKJMedaY
[12:01:25] [ INFO ] [GuildMusicManager] From: TrackScheduler -> Checking for autopause in Test. (Members in Channel without bot: 2)
[12:05:31] [ INFO ] [TrackScheduler] Next Track from: https://youtube.com/watch?v=sOOebk_dKFo
[12:05:31] [ INFO ] [GuildMusicManager] From: TrackScheduler -> Checking for autopause in Test. (Members in Channel without bot: 2)
[12:11:18] [ INFO ] [TrackScheduler] Next Track from: https://youtube.com/watch?v=jsFST-7Hx-Y
[12:11:18] [ INFO ] [GuildMusicManager] From: TrackScheduler -> Checking for autopause in Test. (Members in Channel without bot: 2)
[12:17:11] [ INFO ] [TrackScheduler] Next Track from: https://youtube.com/watch?v=kOaqcfTZgno
[12:17:11] [ INFO ] [GuildMusicManager] From: TrackScheduler -> Checking for autopause in Test. (Members in Channel without bot: 2)
[12:20:30] [ INFO ] [TrackScheduler] Next Track from: https://youtube.com/watch?v=IbFEEfNE1YQ
[12:20:30] [ INFO ] [GuildMusicManager] From: TrackScheduler -> Checking for autopause in Test. (Members in Channel without bot: 2)
[12:25:01] [ INFO ] [TrackScheduler] Next Track from: https://youtube.com/watch?v=Xu04qI3BsBA
[12:25:01] [ INFO ] [GuildMusicManager] From: TrackScheduler -> Checking for autopause in Test. (Members in Channel without bot: 2)
[12:28:23] [ INFO ] [TrackScheduler] Next Track from: https://youtube.com/watch?v=5DccN_SId6A
[12:28:23] [ INFO ] [GuildMusicManager] From: TrackScheduler -> Checking for autopause in Test. (Members in Channel without bot: 2)
[12:32:30] [ INFO ] [TrackScheduler] Next Track from: https://youtube.com/watch?v=4dOsbsuhYGQ
[12:32:31] [ INFO ] [GuildMusicManager] From: TrackScheduler -> Checking for autopause in Test. (Members in Channel without bot: 2)
[12:36:00] [ INFO ] [TrackScheduler] Next Track from: https://youtube.com/watch?v=-tcAwyNlSjs
[12:36:00] [ INFO ] [GuildMusicManager] From: TrackScheduler -> Checking for autopause in Test. (Members in Channel without bot: 2)
[12:39:36] [ INFO ] [TrackScheduler] Next Track from: https://youtube.com/watch?v=gA4E_2A4L3s
[12:39:36] [ INFO ] [GuildMusicManager] From: TrackScheduler -> Checking for autopause in Test. (Members in Channel without bot: 2)
[12:42:26] [ INFO ] [TrackScheduler] Next Track from: https://youtube.com/watch?v=TErySTMbFlk
[12:42:27] [ INFO ] [GuildMusicManager] From: TrackScheduler -> Checking for autopause in Test. (Members in Channel without bot: 2)
[12:47:34] [ INFO ] [TrackScheduler] Next Track from: https://youtube.com/watch?v=C-qXym0teh8
[12:47:35] [ INFO ] [GuildMusicManager] From: TrackScheduler -> Checking for autopause in Test. (Members in Channel without bot: 2)
[12:52:10] [ INFO ] [TrackScheduler] Next Track from: https://youtube.com/watch?v=DlAEdcMy_0A
[12:52:11] [ INFO ] [GuildMusicManager] From: TrackScheduler -> Checking for autopause in Test. (Members in Channel without bot: 2)
[12:55:29] [ INFO ] [TrackScheduler] Next Track from: https://youtube.com/watch?v=tfpVib0ji54
[12:55:30] [ INFO ] [GuildMusicManager] From: TrackScheduler -> Checking for autopause in Test. (Members in Channel without bot: 2)
[12:57:53] [ INFO ] [TrackScheduler] Next Track from: https://youtube.com/watch?v=xDW4AuHl-kM
[12:57:54] [ INFO ] [GuildMusicManager] From: TrackScheduler -> Checking for autopause in Test. (Members in Channel without bot: 2)
[13:02:14] [ INFO ] [TrackScheduler] Next Track from: https://youtube.com/watch?v=lLkFCavQGrc
[13:02:14] [ INFO ] [GuildMusicManager] From: TrackScheduler -> Checking for autopause in Test. (Members in Channel without bot: 2)
[13:05:02] [ INFO ] [TrackScheduler] Next Track from: https://youtube.com/watch?v=SBjQ9tuuTJQ
[13:05:03] [ INFO ] [GuildMusicManager] From: TrackScheduler -> Checking for autopause in Test. (Members in Channel without bot: 2)
[13:09:34] [ INFO ] [TrackScheduler] Next Track from: https://youtube.com/watch?v=lNDe0kEKrqY
[13:09:34] [ INFO ] [GuildMusicManager] From: TrackScheduler -> Checking for autopause in Test. (Members in Channel without bot: 2)
[13:13:15] [ INFO ] [TrackScheduler] Next Track from: https://youtube.com/watch?v=fyfOvJ6ByIY
[13:13:15] [ ERROR] [TrackScheduler] FriendlyException while loading. 
com.sedmelluq.discord.lavaplayer.tools.FriendlyException: This video is not available.
	at com.sedmelluq.discord.lavaplayer.source.youtube.YoutubeAudioSourceManager.determineFailureReasonFromStatus(YoutubeAudioSourceManager.java:278)
	at com.sedmelluq.discord.lavaplayer.source.youtube.YoutubeAudioSourceManager.determineFailureReason(YoutubeAudioSourceManager.java:269)
	at com.sedmelluq.discord.lavaplayer.source.youtube.YoutubeAudioSourceManager.getTrackInfoFromMainPage(YoutubeAudioSourceManager.java:252)
	at com.sedmelluq.discord.lavaplayer.source.youtube.YoutubeAudioSourceManager.loadTrackWithVideoId(YoutubeAudioSourceManager.java:218)
	at com.sedmelluq.discord.lavaplayer.source.youtube.YoutubeAudioSourceManager.loadTrack(YoutubeAudioSourceManager.java:198)
	at com.sedmelluq.discord.lavaplayer.source.youtube.YoutubeAudioSourceManager.loadItemOnce(YoutubeAudioSourceManager.java:178)
	at com.sedmelluq.discord.lavaplayer.source.youtube.YoutubeAudioSourceManager.loadItem(YoutubeAudioSourceManager.java:127)
	at com.sedmelluq.discord.lavaplayer.player.DefaultAudioPlayerManager.checkSourcesForItemOnce(DefaultAudioPlayerManager.java:406)
	at com.sedmelluq.discord.lavaplayer.player.DefaultAudioPlayerManager.checkSourcesForItem(DefaultAudioPlayerManager.java:392)
	at com.sedmelluq.discord.lavaplayer.player.DefaultAudioPlayerManager.lambda$createItemLoader$0(DefaultAudioPlayerManager.java:201)
	at java.util.concurrent.FutureTask.run(FutureTask.java:266)
	at java.util.concurrent.ThreadPoolExecutor.runWorker(ThreadPoolExecutor.java:1142)
	at java.util.concurrent.ThreadPoolExecutor$Worker.run(ThreadPoolExecutor.java:617)
	at java.lang.Thread.run(Thread.java:745)
[13:13:15] [ INFO ] [TrackScheduler] Next Track from: https://youtube.com/watch?v=slKNBP7VEvI
[13:13:16] [ INFO ] [GuildMusicManager] From: TrackScheduler -> Checking for autopause in Test. (Members in Channel without bot: 2)
[13:16:21] [ INFO ] [MessageListener] Message received. (!g go fuck yourself)
[13:16:21] [ INFO ] [MessageDeleter] Message successfully queued, in Test2. (286109347489120257) ("!g go fuck yourself")
[13:16:21] [ INFO ] [MessageListener] Command detected: g
[13:16:22] [ INFO ] [MessageListener] Message received. (https://media1.giphy.com/media/KA1KLqeTMvooE/giphy.gif)
[13:16:22] [ INFO ] [MessageListener] Test2 	 Test 	 https://media1.giphy.com/media/KA1KLqeTMvooE/giphy.gif
[13:16:22] [ INFO ] [MessageDeleter] Message successfully queued, in Test2. (286109348948738052) ("https://media1.giphy.com/media/KA1KLqeTMvooE/giphy.gif")
[13:16:27] [ INFO ] [TrackScheduler] Next Track from: https://youtube.com/watch?v=duU1wKYexs4
[13:16:28] [ INFO ] [GuildMusicManager] From: TrackScheduler -> Checking for autopause in Test. (Members in Channel without bot: 2)
[13:16:32] [ INFO ] [MessageDeleter] Message successfully deleted, in Test2. (286109347489120257) ("!g go fuck yourself")
[13:16:49] [ INFO ] [MessageListener] Message received. (@Test)
[13:19:22] [ INFO ] [MessageDeleter] Message successfully deleted, in Test2. (286109348948738052) ("https://media1.giphy.com/media/KA1KLqeTMvooE/giphy.gif")
[13:20:00] [ INFO ] [TrackScheduler] Next Track from: https://youtube.com/watch?v=rRcSdOcUQPk
[13:20:01] [ INFO ] [GuildMusicManager] From: TrackScheduler -> Checking for autopause in Test. (Members in Channel without bot: 2)
[13:24:19] [ INFO ] [TrackScheduler] Next Track from: https://youtube.com/watch?v=SEb8tuYhDBI
[13:24:20] [ INFO ] [GuildMusicManager] From: TrackScheduler -> Checking for autopause in Test. (Members in Channel without bot: 2)
[13:27:24] [ INFO ] [TrackScheduler] Next Track from: https://youtube.com/watch?v=Y-fYkVi3HjQ
[13:27:24] [ INFO ] [GuildMusicManager] From: TrackScheduler -> Checking for autopause in Test. (Members in Channel without bot: 2)
[13:30:07] [ INFO ] [TrackScheduler] Next Track from: https://youtube.com/watch?v=3ZyHNyVgaqA
[13:30:07] [ INFO ] [GuildMusicManager] From: TrackScheduler -> Checking for autopause in Test. (Members in Channel without bot: 2)
[13:33:03] [ INFO ] [TrackScheduler] Next Track from: https://youtube.com/watch?v=GW2pFhSo8Cg
[13:33:03] [ INFO ] [GuildMusicManager] From: TrackScheduler -> Checking for autopause in Test. (Members in Channel without bot: 2)
[13:37:33] [ INFO ] [TrackScheduler] Next Track from: https://youtube.com/watch?v=i2RKWJD5ops
[13:37:34] [ INFO ] [GuildMusicManager] From: TrackScheduler -> Checking for autopause in Test. (Members in Channel without bot: 2)
[13:40:57] [ INFO ] [TrackScheduler] Next Track from: https://youtube.com/watch?v=rDbVY3gCJgg
[13:40:58] [ INFO ] [GuildMusicManager] From: TrackScheduler -> Checking for autopause in Test. (Members in Channel without bot: 2)
[13:44:53] [ INFO ] [TrackScheduler] Next Track from: https://youtube.com/watch?v=G_Alt8lzKcU
[13:44:53] [ INFO ] [GuildMusicManager] From: TrackScheduler -> Checking for autopause in Test. (Members in Channel without bot: 2)
[13:49:09] [ INFO ] [TrackScheduler] Next Track from: https://youtube.com/watch?v=8uUk691o8BI
[13:49:10] [ INFO ] [GuildMusicManager] From: TrackScheduler -> Checking for autopause in Test. (Members in Channel without bot: 2)
[13:51:56] [ INFO ] [TrackScheduler] Next Track from: https://youtube.com/watch?v=v7Srbp8WPMY
[13:51:56] [ INFO ] [GuildMusicManager] From: TrackScheduler -> Checking for autopause in Test. (Members in Channel without bot: 2)
[13:55:04] [ INFO ] [TrackScheduler] Next Track from: https://youtube.com/watch?v=71BCqL2ecoE
[13:55:04] [ INFO ] [GuildMusicManager] From: TrackScheduler -> Checking for autopause in Test. (Members in Channel without bot: 2)
[13:58:30] [ INFO ] [TrackScheduler] Next Track from: https://youtube.com/watch?v=qrBB3_rFPjg
[13:58:31] [ INFO ] [GuildMusicManager] From: TrackScheduler -> Checking for autopause in Test. (Members in Channel without bot: 2)
[14:00:27] [ INFO ] [TrackScheduler] Next Track from: https://youtube.com/watch?v=7mdIWaRi-7c
[14:00:27] [ INFO ] [GuildMusicManager] From: TrackScheduler -> Checking for autopause in Test. (Members in Channel without bot: 2)
[14:02:51] [ INFO ] [TrackScheduler] Next Track from: https://youtube.com/watch?v=eD6MeGYG7Ok
[14:02:52] [ INFO ] [GuildMusicManager] From: TrackScheduler -> Checking for autopause in Test. (Members in Channel without bot: 2)
[14:07:08] [ INFO ] [TrackScheduler] Next Track from: https://youtube.com/watch?v=F7khiq25Xr0
[14:07:08] [ INFO ] [GuildMusicManager] From: TrackScheduler -> Checking for autopause in Test. (Members in Channel without bot: 2)
[14:11:24] [ INFO ] [TrackScheduler] Next Track from: https://youtube.com/watch?v=Qt0_oPPK6eA
[14:11:24] [ INFO ] [GuildMusicManager] From: TrackScheduler -> Checking for autopause in Test. (Members in Channel without bot: 2)
[14:14:48] [ INFO ] [TrackScheduler] Next Track from: https://youtube.com/watch?v=HmroWIcCNUI
[14:14:49] [ INFO ] [GuildMusicManager] From: TrackScheduler -> Checking for autopause in Test. (Members in Channel without bot: 2)
[14:17:50] [ INFO ] [TrackScheduler] Next Track from: https://youtube.com/watch?v=3tthIHXUsPs
[14:17:50] [ INFO ] [GuildMusicManager] From: TrackScheduler -> Checking for autopause in Test. (Members in Channel without bot: 2)
[14:21:49] [ INFO ] [TrackScheduler] Next Track from: https://youtube.com/watch?v=sBhbCjSnemE
[14:21:49] [ INFO ] [GuildMusicManager] From: TrackScheduler -> Checking for autopause in Test. (Members in Channel without bot: 2)
[14:50:32] [ INFO ] [TrackScheduler] Next Track from: https://youtube.com/watch?v=hpKFRP05Po4
[14:50:32] [ INFO ] [GuildMusicManager] From: TrackScheduler -> Checking for autopause in Test. (Members in Channel without bot: 2)
[14:54:37] [ INFO ] [TrackScheduler] Next Track from: https://youtube.com/watch?v=SPedPSBreNk
[14:54:37] [ INFO ] [GuildMusicManager] From: TrackScheduler -> Checking for autopause in Test. (Members in Channel without bot: 2)
[15:00:16] [ INFO ] [TrackScheduler] Next Track from: https://youtube.com/watch?v=jAVMElUXLi0
[15:00:16] [ ERROR] [TrackScheduler] FriendlyException while loading. 
com.sedmelluq.discord.lavaplayer.tools.FriendlyException: This video is not available.
	at com.sedmelluq.discord.lavaplayer.source.youtube.YoutubeAudioSourceManager.determineFailureReasonFromStatus(YoutubeAudioSourceManager.java:278)
	at com.sedmelluq.discord.lavaplayer.source.youtube.YoutubeAudioSourceManager.determineFailureReason(YoutubeAudioSourceManager.java:269)
	at com.sedmelluq.discord.lavaplayer.source.youtube.YoutubeAudioSourceManager.getTrackInfoFromMainPage(YoutubeAudioSourceManager.java:252)
	at com.sedmelluq.discord.lavaplayer.source.youtube.YoutubeAudioSourceManager.loadTrackWithVideoId(YoutubeAudioSourceManager.java:218)
	at com.sedmelluq.discord.lavaplayer.source.youtube.YoutubeAudioSourceManager.loadTrack(YoutubeAudioSourceManager.java:198)
	at com.sedmelluq.discord.lavaplayer.source.youtube.YoutubeAudioSourceManager.loadItemOnce(YoutubeAudioSourceManager.java:178)
	at com.sedmelluq.discord.lavaplayer.source.youtube.YoutubeAudioSourceManager.loadItem(YoutubeAudioSourceManager.java:127)
	at com.sedmelluq.discord.lavaplayer.player.DefaultAudioPlayerManager.checkSourcesForItemOnce(DefaultAudioPlayerManager.java:406)
	at com.sedmelluq.discord.lavaplayer.player.DefaultAudioPlayerManager.checkSourcesForItem(DefaultAudioPlayerManager.java:392)
	at com.sedmelluq.discord.lavaplayer.player.DefaultAudioPlayerManager.lambda$createItemLoader$0(DefaultAudioPlayerManager.java:201)
	at java.util.concurrent.FutureTask.run(FutureTask.java:266)
	at java.util.concurrent.ThreadPoolExecutor.runWorker(ThreadPoolExecutor.java:1142)
	at java.util.concurrent.ThreadPoolExecutor$Worker.run(ThreadPoolExecutor.java:617)
	at java.lang.Thread.run(Thread.java:745)
[15:00:16] [ INFO ] [TrackScheduler] Next Track from: https://youtube.com/watch?v=Q88wKrzj3QM
[15:00:16] [ INFO ] [GuildMusicManager] From: TrackScheduler -> Checking for autopause in Test. (Members in Channel without bot: 2)
[15:02:09] [ INFO ] [TrackScheduler] Next Track from: https://youtube.com/watch?v=TLkYY4lcNE0
[15:02:10] [ INFO ] [GuildMusicManager] From: TrackScheduler -> Checking for autopause in Test. (Members in Channel without bot: 2)
[15:06:32] [ INFO ] [TrackScheduler] Next Track from: https://youtube.com/watch?v=uTnxi7i_yWg
[15:06:32] [ INFO ] [GuildMusicManager] From: TrackScheduler -> Checking for autopause in Test. (Members in Channel without bot: 2)
[15:13:43] [ INFO ] [TrackScheduler] Next Track from: https://youtube.com/watch?v=TkzK2jubKeA
[15:13:43] [ INFO ] [GuildMusicManager] From: TrackScheduler -> Checking for autopause in Test. (Members in Channel without bot: 2)
[15:17:07] [ INFO ] [TrackScheduler] Next Track from: https://youtube.com/watch?v=a59gmGkq_pw
[15:17:07] [ INFO ] [GuildMusicManager] From: TrackScheduler -> Checking for autopause in Test. (Members in Channel without bot: 2)
[15:20:16] [ INFO ] [TrackScheduler] Next Track from: https://youtube.com/watch?v=9ZGt4JVX860
[15:20:17] [ ERROR] [TrackScheduler] FriendlyException while loading. 
com.sedmelluq.discord.lavaplayer.tools.FriendlyException: The uploader has not made this video available in your country.
	at com.sedmelluq.discord.lavaplayer.source.youtube.YoutubeAudioSourceManager.determineFailureReasonFromStatus(YoutubeAudioSourceManager.java:278)
	at com.sedmelluq.discord.lavaplayer.source.youtube.YoutubeAudioSourceManager.determineFailureReason(YoutubeAudioSourceManager.java:269)
	at com.sedmelluq.discord.lavaplayer.source.youtube.YoutubeAudioSourceManager.getTrackInfoFromMainPage(YoutubeAudioSourceManager.java:252)
	at com.sedmelluq.discord.lavaplayer.source.youtube.YoutubeAudioSourceManager.loadTrackWithVideoId(YoutubeAudioSourceManager.java:218)
	at com.sedmelluq.discord.lavaplayer.source.youtube.YoutubeAudioSourceManager.loadTrack(YoutubeAudioSourceManager.java:198)
	at com.sedmelluq.discord.lavaplayer.source.youtube.YoutubeAudioSourceManager.loadItemOnce(YoutubeAudioSourceManager.java:178)
	at com.sedmelluq.discord.lavaplayer.source.youtube.YoutubeAudioSourceManager.loadItem(YoutubeAudioSourceManager.java:127)
	at com.sedmelluq.discord.lavaplayer.player.DefaultAudioPlayerManager.checkSourcesForItemOnce(DefaultAudioPlayerManager.java:406)
	at com.sedmelluq.discord.lavaplayer.player.DefaultAudioPlayerManager.checkSourcesForItem(DefaultAudioPlayerManager.java:392)
	at com.sedmelluq.discord.lavaplayer.player.DefaultAudioPlayerManager.lambda$createItemLoader$0(DefaultAudioPlayerManager.java:201)
	at java.util.concurrent.FutureTask.run(FutureTask.java:266)
	at java.util.concurrent.ThreadPoolExecutor.runWorker(ThreadPoolExecutor.java:1142)
	at java.util.concurrent.ThreadPoolExecutor$Worker.run(ThreadPoolExecutor.java:617)
	at java.lang.Thread.run(Thread.java:745)
[15:20:17] [ INFO ] [TrackScheduler] Next Track from: https://youtube.com/watch?v=0Hvv6BXdQiU
[15:20:18] [ INFO ] [GuildMusicManager] From: TrackScheduler -> Checking for autopause in Test. (Members in Channel without bot: 2)
[15:24:33] [ INFO ] [TrackScheduler] Next Track from: https://youtube.com/watch?v=ORsGOVtRH5A
[15:24:33] [ ERROR] [TrackScheduler] FriendlyException while loading. 
com.sedmelluq.discord.lavaplayer.tools.FriendlyException: "Acid Bath - The ..."
This video is no longer available due to a copyright claim by ROTTEN RECORDS.
	at com.sedmelluq.discord.lavaplayer.source.youtube.YoutubeAudioSourceManager.determineFailureReasonFromStatus(YoutubeAudioSourceManager.java:278)
	at com.sedmelluq.discord.lavaplayer.source.youtube.YoutubeAudioSourceManager.determineFailureReason(YoutubeAudioSourceManager.java:269)
	at com.sedmelluq.discord.lavaplayer.source.youtube.YoutubeAudioSourceManager.getTrackInfoFromMainPage(YoutubeAudioSourceManager.java:252)
	at com.sedmelluq.discord.lavaplayer.source.youtube.YoutubeAudioSourceManager.loadTrackWithVideoId(YoutubeAudioSourceManager.java:218)
	at com.sedmelluq.discord.lavaplayer.source.youtube.YoutubeAudioSourceManager.loadTrack(YoutubeAudioSourceManager.java:198)
	at com.sedmelluq.discord.lavaplayer.source.youtube.YoutubeAudioSourceManager.loadItemOnce(YoutubeAudioSourceManager.java:178)
	at com.sedmelluq.discord.lavaplayer.source.youtube.YoutubeAudioSourceManager.loadItem(YoutubeAudioSourceManager.java:127)
	at com.sedmelluq.discord.lavaplayer.player.DefaultAudioPlayerManager.checkSourcesForItemOnce(DefaultAudioPlayerManager.java:406)
	at com.sedmelluq.discord.lavaplayer.player.DefaultAudioPlayerManager.checkSourcesForItem(DefaultAudioPlayerManager.java:392)
	at com.sedmelluq.discord.lavaplayer.player.DefaultAudioPlayerManager.lambda$createItemLoader$0(DefaultAudioPlayerManager.java:201)
	at java.util.concurrent.FutureTask.run(FutureTask.java:266)
	at java.util.concurrent.ThreadPoolExecutor.runWorker(ThreadPoolExecutor.java:1142)
	at java.util.concurrent.ThreadPoolExecutor$Worker.run(ThreadPoolExecutor.java:617)
	at java.lang.Thread.run(Thread.java:745)
[15:24:33] [ INFO ] [TrackScheduler] Next Track from: https://youtube.com/watch?v=h04CH9YZcpI
[15:24:34] [ INFO ] [GuildMusicManager] From: TrackScheduler -> Checking for autopause in Test. (Members in Channel without bot: 2)
[15:28:53] [ INFO ] [TrackScheduler] Next Track from: https://youtube.com/watch?v=nYQPcD8MOoc
[15:28:54] [ INFO ] [GuildMusicManager] From: TrackScheduler -> Checking for autopause in Test. (Members in Channel without bot: 2)
[15:31:15] [ INFO ] [TrackScheduler] Next Track from: https://youtube.com/watch?v=NPX5H8N1a94
[15:31:16] [ INFO ] [GuildMusicManager] From: TrackScheduler -> Checking for autopause in Test. (Members in Channel without bot: 2)
[15:34:58] [ INFO ] [TrackScheduler] Next Track from: https://youtube.com/watch?v=fNWrgH6sVjc
[15:34:59] [ ERROR] [TrackScheduler] FriendlyException while loading. 
com.sedmelluq.discord.lavaplayer.tools.FriendlyException: "Bleed me an oc..."
This video is no longer available due to a copyright claim by ROTTEN RECORDS.
	at com.sedmelluq.discord.lavaplayer.source.youtube.YoutubeAudioSourceManager.determineFailureReasonFromStatus(YoutubeAudioSourceManager.java:278)
	at com.sedmelluq.discord.lavaplayer.source.youtube.YoutubeAudioSourceManager.determineFailureReason(YoutubeAudioSourceManager.java:269)
	at com.sedmelluq.discord.lavaplayer.source.youtube.YoutubeAudioSourceManager.getTrackInfoFromMainPage(YoutubeAudioSourceManager.java:252)
	at com.sedmelluq.discord.lavaplayer.source.youtube.YoutubeAudioSourceManager.loadTrackWithVideoId(YoutubeAudioSourceManager.java:218)
	at com.sedmelluq.discord.lavaplayer.source.youtube.YoutubeAudioSourceManager.loadTrack(YoutubeAudioSourceManager.java:198)
	at com.sedmelluq.discord.lavaplayer.source.youtube.YoutubeAudioSourceManager.loadItemOnce(YoutubeAudioSourceManager.java:178)
	at com.sedmelluq.discord.lavaplayer.source.youtube.YoutubeAudioSourceManager.loadItem(YoutubeAudioSourceManager.java:127)
	at com.sedmelluq.discord.lavaplayer.player.DefaultAudioPlayerManager.checkSourcesForItemOnce(DefaultAudioPlayerManager.java:406)
	at com.sedmelluq.discord.lavaplayer.player.DefaultAudioPlayerManager.checkSourcesForItem(DefaultAudioPlayerManager.java:392)
	at com.sedmelluq.discord.lavaplayer.player.DefaultAudioPlayerManager.lambda$createItemLoader$0(DefaultAudioPlayerManager.java:201)
	at java.util.concurrent.FutureTask.run(FutureTask.java:266)
	at java.util.concurrent.ThreadPoolExecutor.runWorker(ThreadPoolExecutor.java:1142)
	at java.util.concurrent.ThreadPoolExecutor$Worker.run(ThreadPoolExecutor.java:617)
	at java.lang.Thread.run(Thread.java:745)
[15:34:59] [ INFO ] [TrackScheduler] Next Track from: https://youtube.com/watch?v=SCD2tB1qILc
[15:35:00] [ INFO ] [GuildMusicManager] From: TrackScheduler -> Checking for autopause in Test. (Members in Channel without bot: 2)
[15:39:30] [ INFO ] [TrackScheduler] Next Track from: https://youtube.com/watch?v=yRDmUeM4PQI
[15:39:31] [ INFO ] [GuildMusicManager] From: TrackScheduler -> Checking for autopause in Test. (Members in Channel without bot: 2)
[15:42:33] [ INFO ] [TrackScheduler] Next Track from: https://youtube.com/watch?v=RbMS0BzOMV0
[15:42:34] [ INFO ] [GuildMusicManager] From: TrackScheduler -> Checking for autopause in Test. (Members in Channel without bot: 2)
[15:45:52] [ INFO ] [TrackScheduler] Next Track from: https://youtube.com/watch?v=gNPIOi2LiQk
[15:45:52] [ ERROR] [TrackScheduler] FriendlyException while loading. 
com.sedmelluq.discord.lavaplayer.tools.FriendlyException: This video contains content from WMG, who has blocked it in your country on copyright grounds.
	at com.sedmelluq.discord.lavaplayer.source.youtube.YoutubeAudioSourceManager.determineFailureReasonFromStatus(YoutubeAudioSourceManager.java:278)
	at com.sedmelluq.discord.lavaplayer.source.youtube.YoutubeAudioSourceManager.determineFailureReason(YoutubeAudioSourceManager.java:269)
	at com.sedmelluq.discord.lavaplayer.source.youtube.YoutubeAudioSourceManager.getTrackInfoFromMainPage(YoutubeAudioSourceManager.java:252)
	at com.sedmelluq.discord.lavaplayer.source.youtube.YoutubeAudioSourceManager.loadTrackWithVideoId(YoutubeAudioSourceManager.java:218)
	at com.sedmelluq.discord.lavaplayer.source.youtube.YoutubeAudioSourceManager.loadTrack(YoutubeAudioSourceManager.java:198)
	at com.sedmelluq.discord.lavaplayer.source.youtube.YoutubeAudioSourceManager.loadItemOnce(YoutubeAudioSourceManager.java:178)
	at com.sedmelluq.discord.lavaplayer.source.youtube.YoutubeAudioSourceManager.loadItem(YoutubeAudioSourceManager.java:127)
	at com.sedmelluq.discord.lavaplayer.player.DefaultAudioPlayerManager.checkSourcesForItemOnce(DefaultAudioPlayerManager.java:406)
	at com.sedmelluq.discord.lavaplayer.player.DefaultAudioPlayerManager.checkSourcesForItem(DefaultAudioPlayerManager.java:392)
	at com.sedmelluq.discord.lavaplayer.player.DefaultAudioPlayerManager.lambda$createItemLoader$0(DefaultAudioPlayerManager.java:201)
	at java.util.concurrent.FutureTask.run(FutureTask.java:266)
	at java.util.concurrent.ThreadPoolExecutor.runWorker(ThreadPoolExecutor.java:1142)
	at java.util.concurrent.ThreadPoolExecutor$Worker.run(ThreadPoolExecutor.java:617)
	at java.lang.Thread.run(Thread.java:745)
[15:45:52] [ INFO ] [TrackScheduler] Next Track from: https://youtube.com/watch?v=5LM4zck0LJ0
[15:45:53] [ INFO ] [GuildMusicManager] From: TrackScheduler -> Checking for autopause in Test. (Members in Channel without bot: 2)
[15:51:45] [ INFO ] [TrackScheduler] Next Track from: https://youtube.com/watch?v=MbXWrmQW-OE
[15:51:45] [ INFO ] [GuildMusicManager] From: TrackScheduler -> Checking for autopause in Test. (Members in Channel without bot: 2)
[15:55:52] [ INFO ] [TrackScheduler] Next Track from: https://youtube.com/watch?v=wR3gaYTqkDQ
[15:55:52] [ INFO ] [GuildMusicManager] From: TrackScheduler -> Checking for autopause in Test. (Members in Channel without bot: 2)
[15:59:10] [ INFO ] [TrackScheduler] Next Track from: https://youtube.com/watch?v=G8DpAL2B9MQ
[15:59:10] [ INFO ] [GuildMusicManager] From: TrackScheduler -> Checking for autopause in Test. (Members in Channel without bot: 2)
[16:03:28] [ INFO ] [TrackScheduler] Next Track from: https://youtube.com/watch?v=P5OQIm2MI1s
[16:03:29] [ ERROR] [TrackScheduler] FriendlyException while loading. 
com.sedmelluq.discord.lavaplayer.tools.FriendlyException: This video is not available.
	at com.sedmelluq.discord.lavaplayer.source.youtube.YoutubeAudioSourceManager.determineFailureReasonFromStatus(YoutubeAudioSourceManager.java:278)
	at com.sedmelluq.discord.lavaplayer.source.youtube.YoutubeAudioSourceManager.determineFailureReason(YoutubeAudioSourceManager.java:269)
	at com.sedmelluq.discord.lavaplayer.source.youtube.YoutubeAudioSourceManager.getTrackInfoFromMainPage(YoutubeAudioSourceManager.java:252)
	at com.sedmelluq.discord.lavaplayer.source.youtube.YoutubeAudioSourceManager.loadTrackWithVideoId(YoutubeAudioSourceManager.java:218)
	at com.sedmelluq.discord.lavaplayer.source.youtube.YoutubeAudioSourceManager.loadTrack(YoutubeAudioSourceManager.java:198)
	at com.sedmelluq.discord.lavaplayer.source.youtube.YoutubeAudioSourceManager.loadItemOnce(YoutubeAudioSourceManager.java:178)
	at com.sedmelluq.discord.lavaplayer.source.youtube.YoutubeAudioSourceManager.loadItem(YoutubeAudioSourceManager.java:127)
	at com.sedmelluq.discord.lavaplayer.player.DefaultAudioPlayerManager.checkSourcesForItemOnce(DefaultAudioPlayerManager.java:406)
	at com.sedmelluq.discord.lavaplayer.player.DefaultAudioPlayerManager.checkSourcesForItem(DefaultAudioPlayerManager.java:392)
	at com.sedmelluq.discord.lavaplayer.player.DefaultAudioPlayerManager.lambda$createItemLoader$0(DefaultAudioPlayerManager.java:201)
	at java.util.concurrent.FutureTask.run(FutureTask.java:266)
	at java.util.concurrent.ThreadPoolExecutor.runWorker(ThreadPoolExecutor.java:1142)
	at java.util.concurrent.ThreadPoolExecutor$Worker.run(ThreadPoolExecutor.java:617)
	at java.lang.Thread.run(Thread.java:745)
[16:03:29] [ INFO ] [TrackScheduler] Next Track from: https://youtube.com/watch?v=m8UjXEnSNIg
[16:03:29] [ INFO ] [GuildMusicManager] From: TrackScheduler -> Checking for autopause in Test. (Members in Channel without bot: 2)
[16:07:09] [ INFO ] [TrackScheduler] Next Track from: https://youtube.com/watch?v=xPpEOUVpxrM
[16:07:10] [ INFO ] [GuildMusicManager] From: TrackScheduler -> Checking for autopause in Test. (Members in Channel without bot: 2)
[16:11:12] [ INFO ] [TrackScheduler] Next Track from: https://youtube.com/watch?v=Gu2pVPWGYMQ
[16:11:12] [ INFO ] [GuildMusicManager] From: TrackScheduler -> Checking for autopause in Test. (Members in Channel without bot: 2)
[16:13:54] [ INFO ] [TrackScheduler] Next Track from: https://youtube.com/watch?v=RY7S6EgSlCI
[16:13:54] [ INFO ] [GuildMusicManager] From: TrackScheduler -> Checking for autopause in Test. (Members in Channel without bot: 2)
[16:16:54] [ INFO ] [GuildMusicManager] From: MessageListener -> Checking for autopause in Test. (Members in Channel without bot: 1)
[16:17:41] [ INFO ] [TrackScheduler] Next Track from: https://youtube.com/watch?v=qDcFryDXQ7U
[16:17:42] [ INFO ] [GuildMusicManager] From: TrackScheduler -> Checking for autopause in Test. (Members in Channel without bot: 1)
[16:20:29] [ INFO ] [TrackScheduler] Next Track from: https://youtube.com/watch?v=paWIfLD4S2o
[16:20:30] [ INFO ] [GuildMusicManager] From: TrackScheduler -> Checking for autopause in Test. (Members in Channel without bot: 1)
[16:23:57] [ INFO ] [TrackScheduler] Next Track from: https://youtube.com/watch?v=iqtmUC6L9fc
[16:23:58] [ INFO ] [GuildMusicManager] From: TrackScheduler -> Checking for autopause in Test. (Members in Channel without bot: 1)
[16:35:00] [ INFO ] [TrackScheduler] Next Track from: https://youtube.com/watch?v=qGaOlfmX8rQ
[16:35:01] [ ERROR] [TrackScheduler] FriendlyException while loading. 
com.sedmelluq.discord.lavaplayer.tools.FriendlyException: This video contains content from Believe Music, who has blocked it on copyright grounds.
	at com.sedmelluq.discord.lavaplayer.source.youtube.YoutubeAudioSourceManager.determineFailureReasonFromStatus(YoutubeAudioSourceManager.java:278)
	at com.sedmelluq.discord.lavaplayer.source.youtube.YoutubeAudioSourceManager.determineFailureReason(YoutubeAudioSourceManager.java:269)
	at com.sedmelluq.discord.lavaplayer.source.youtube.YoutubeAudioSourceManager.getTrackInfoFromMainPage(YoutubeAudioSourceManager.java:252)
	at com.sedmelluq.discord.lavaplayer.source.youtube.YoutubeAudioSourceManager.loadTrackWithVideoId(YoutubeAudioSourceManager.java:218)
	at com.sedmelluq.discord.lavaplayer.source.youtube.YoutubeAudioSourceManager.loadTrack(YoutubeAudioSourceManager.java:198)
	at com.sedmelluq.discord.lavaplayer.source.youtube.YoutubeAudioSourceManager.loadItemOnce(YoutubeAudioSourceManager.java:178)
	at com.sedmelluq.discord.lavaplayer.source.youtube.YoutubeAudioSourceManager.loadItem(YoutubeAudioSourceManager.java:127)
	at com.sedmelluq.discord.lavaplayer.player.DefaultAudioPlayerManager.checkSourcesForItemOnce(DefaultAudioPlayerManager.java:406)
	at com.sedmelluq.discord.lavaplayer.player.DefaultAudioPlayerManager.checkSourcesForItem(DefaultAudioPlayerManager.java:392)
	at com.sedmelluq.discord.lavaplayer.player.DefaultAudioPlayerManager.lambda$createItemLoader$0(DefaultAudioPlayerManager.java:201)
	at java.util.concurrent.FutureTask.run(FutureTask.java:266)
	at java.util.concurrent.ThreadPoolExecutor.runWorker(ThreadPoolExecutor.java:1142)
	at java.util.concurrent.ThreadPoolExecutor$Worker.run(ThreadPoolExecutor.java:617)
	at java.lang.Thread.run(Thread.java:745)
[16:35:01] [ INFO ] [TrackScheduler] Next Track from: https://youtube.com/watch?v=D2qAj2XnLYo
[16:35:01] [ ERROR] [TrackScheduler] FriendlyException while loading. 
com.sedmelluq.discord.lavaplayer.tools.FriendlyException: "The Beatles - Hey Jude - Ta..."
The YouTube account associated with this video has been terminated due to multiple third-party notifications of copyright infringement.
	at com.sedmelluq.discord.lavaplayer.source.youtube.YoutubeAudioSourceManager.determineFailureReasonFromStatus(YoutubeAudioSourceManager.java:278)
	at com.sedmelluq.discord.lavaplayer.source.youtube.YoutubeAudioSourceManager.determineFailureReason(YoutubeAudioSourceManager.java:269)
	at com.sedmelluq.discord.lavaplayer.source.youtube.YoutubeAudioSourceManager.getTrackInfoFromMainPage(YoutubeAudioSourceManager.java:252)
	at com.sedmelluq.discord.lavaplayer.source.youtube.YoutubeAudioSourceManager.loadTrackWithVideoId(YoutubeAudioSourceManager.java:218)
	at com.sedmelluq.discord.lavaplayer.source.youtube.YoutubeAudioSourceManager.loadTrack(YoutubeAudioSourceManager.java:198)
	at com.sedmelluq.discord.lavaplayer.source.youtube.YoutubeAudioSourceManager.loadItemOnce(YoutubeAudioSourceManager.java:178)
	at com.sedmelluq.discord.lavaplayer.source.youtube.YoutubeAudioSourceManager.loadItem(YoutubeAudioSourceManager.java:127)
	at com.sedmelluq.discord.lavaplayer.player.DefaultAudioPlayerManager.checkSourcesForItemOnce(DefaultAudioPlayerManager.java:406)
	at com.sedmelluq.discord.lavaplayer.player.DefaultAudioPlayerManager.checkSourcesForItem(DefaultAudioPlayerManager.java:392)
	at com.sedmelluq.discord.lavaplayer.player.DefaultAudioPlayerManager.lambda$createItemLoader$0(DefaultAudioPlayerManager.java:201)
	at java.util.concurrent.FutureTask.run(FutureTask.java:266)
	at java.util.concurrent.ThreadPoolExecutor.runWorker(ThreadPoolExecutor.java:1142)
	at java.util.concurrent.ThreadPoolExecutor$Worker.run(ThreadPoolExecutor.java:617)
	at java.lang.Thread.run(Thread.java:745)
[16:35:01] [ INFO ] [TrackScheduler] Next Track from: https://youtube.com/watch?v=1OK1HRqP-fg
[16:35:02] [ INFO ] [GuildMusicManager] From: TrackScheduler -> Checking for autopause in Test. (Members in Channel without bot: 1)
[16:39:00] [ INFO ] [TrackScheduler] Next Track from: https://youtube.com/watch?v=u23Etcb-L9M
[16:39:01] [ INFO ] [GuildMusicManager] From: TrackScheduler -> Checking for autopause in Test. (Members in Channel without bot: 1)
[16:43:18] [ INFO ] [TrackScheduler] Next Track from: https://youtube.com/watch?v=YWQ0dBnl_7k
[16:43:18] [ INFO ] [GuildMusicManager] From: TrackScheduler -> Checking for autopause in Test. (Members in Channel without bot: 1)
[16:46:35] [ INFO ] [TrackScheduler] Next Track from: https://youtube.com/watch?v=A_wbMkk0gSs
[16:46:36] [ ERROR] [TrackScheduler] FriendlyException while loading. 
com.sedmelluq.discord.lavaplayer.tools.FriendlyException: This video is not available.
	at com.sedmelluq.discord.lavaplayer.source.youtube.YoutubeAudioSourceManager.determineFailureReasonFromStatus(YoutubeAudioSourceManager.java:278)
	at com.sedmelluq.discord.lavaplayer.source.youtube.YoutubeAudioSourceManager.determineFailureReason(YoutubeAudioSourceManager.java:269)
	at com.sedmelluq.discord.lavaplayer.source.youtube.YoutubeAudioSourceManager.getTrackInfoFromMainPage(YoutubeAudioSourceManager.java:252)
	at com.sedmelluq.discord.lavaplayer.source.youtube.YoutubeAudioSourceManager.loadTrackWithVideoId(YoutubeAudioSourceManager.java:218)
	at com.sedmelluq.discord.lavaplayer.source.youtube.YoutubeAudioSourceManager.loadTrack(YoutubeAudioSourceManager.java:198)
	at com.sedmelluq.discord.lavaplayer.source.youtube.YoutubeAudioSourceManager.loadItemOnce(YoutubeAudioSourceManager.java:178)
	at com.sedmelluq.discord.lavaplayer.source.youtube.YoutubeAudioSourceManager.loadItem(YoutubeAudioSourceManager.java:127)
	at com.sedmelluq.discord.lavaplayer.player.DefaultAudioPlayerManager.checkSourcesForItemOnce(DefaultAudioPlayerManager.java:406)
	at com.sedmelluq.discord.lavaplayer.player.DefaultAudioPlayerManager.checkSourcesForItem(DefaultAudioPlayerManager.java:392)
	at com.sedmelluq.discord.lavaplayer.player.DefaultAudioPlayerManager.lambda$createItemLoader$0(DefaultAudioPlayerManager.java:201)
	at java.util.concurrent.FutureTask.run(FutureTask.java:266)
	at java.util.concurrent.ThreadPoolExecutor.runWorker(ThreadPoolExecutor.java:1142)
	at java.util.concurrent.ThreadPoolExecutor$Worker.run(ThreadPoolExecutor.java:617)
	at java.lang.Thread.run(Thread.java:745)
[16:46:36] [ INFO ] [TrackScheduler] Next Track from: https://youtube.com/watch?v=Pryb1VugJq4
[16:46:36] [ INFO ] [GuildMusicManager] From: TrackScheduler -> Checking for autopause in Test. (Members in Channel without bot: 1)
[16:50:44] [ INFO ] [TrackScheduler] Next Track from: https://youtube.com/watch?v=1AZsIIX4k1c
[16:50:45] [ INFO ] [GuildMusicManager] From: TrackScheduler -> Checking for autopause in Test. (Members in Channel without bot: 1)
[16:54:12] [ INFO ] [TrackScheduler] Next Track from: https://youtube.com/watch?v=iN_Vzi5DVhY
[16:54:12] [ INFO ] [GuildMusicManager] From: TrackScheduler -> Checking for autopause in Test. (Members in Channel without bot: 1)
[16:57:38] [ INFO ] [TrackScheduler] Next Track from: https://youtube.com/watch?v=4IIgzZpuv6A
[16:57:39] [ INFO ] [GuildMusicManager] From: TrackScheduler -> Checking for autopause in Test. (Members in Channel without bot: 1)
[17:00:49] [ INFO ] [TrackScheduler] Next Track from: https://youtube.com/watch?v=FsQjo7Z11_Q
[17:00:50] [ INFO ] [GuildMusicManager] From: TrackScheduler -> Checking for autopause in Test. (Members in Channel without bot: 1)
[17:04:22] [ INFO ] [TrackScheduler] Next Track from: https://youtube.com/watch?v=oihGlmD1r24
[17:04:23] [ INFO ] [GuildMusicManager] From: TrackScheduler -> Checking for autopause in Test. (Members in Channel without bot: 1)
[17:08:11] [ INFO ] [TrackScheduler] Next Track from: https://youtube.com/watch?v=-9r7ezjl1us
[17:08:11] [ INFO ] [GuildMusicManager] From: TrackScheduler -> Checking for autopause in Test. (Members in Channel without bot: 1)
[17:11:17] [ INFO ] [TrackScheduler] Next Track from: https://youtube.com/watch?v=_J0ZpJMQjDo
[17:11:17] [ INFO ] [GuildMusicManager] From: TrackScheduler -> Checking for autopause in Test. (Members in Channel without bot: 1)
[17:16:42] [ INFO ] [TrackScheduler] Next Track from: https://youtube.com/watch?v=DFdHhYha9t4
[17:16:42] [ INFO ] [GuildMusicManager] From: TrackScheduler -> Checking for autopause in Test. (Members in Channel without bot: 1)
[17:22:36] [ INFO ] [TrackScheduler] Next Track from: https://youtube.com/watch?v=ouWQ25O-Mcg
[17:22:36] [ INFO ] [GuildMusicManager] From: TrackScheduler -> Checking for autopause in Test. (Members in Channel without bot: 1)
[17:26:12] [ INFO ] [TrackScheduler] Next Track from: https://youtube.com/watch?v=FB2P1oaP-gk
[17:26:13] [ INFO ] [GuildMusicManager] From: TrackScheduler -> Checking for autopause in Test. (Members in Channel without bot: 1)
[17:29:48] [ INFO ] [TrackScheduler] Next Track from: https://youtube.com/watch?v=OLqNFjLsJLk
[17:29:48] [ INFO ] [GuildMusicManager] From: TrackScheduler -> Checking for autopause in Test. (Members in Channel without bot: 1)
[17:35:32] [ INFO ] [TrackScheduler] Next Track from: https://youtube.com/watch?v=G_Alt8lzKcU
[17:35:32] [ INFO ] [GuildMusicManager] From: TrackScheduler -> Checking for autopause in Test. (Members in Channel without bot: 1)
[17:39:48] [ INFO ] [TrackScheduler] Next Track from: https://youtube.com/watch?v=K8WlCqZPTeg
[17:39:49] [ INFO ] [GuildMusicManager] From: TrackScheduler -> Checking for autopause in Test. (Members in Channel without bot: 1)
[17:44:05] [ INFO ] [TrackScheduler] Next Track from: https://youtube.com/watch?v=W6Hy0G0R3AQ
[17:44:06] [ INFO ] [GuildMusicManager] From: TrackScheduler -> Checking for autopause in Test. (Members in Channel without bot: 1)
[17:48:46] [ INFO ] [TrackScheduler] Next Track from: https://youtube.com/watch?v=g2rdrNONy7k
[17:48:46] [ INFO ] [GuildMusicManager] From: TrackScheduler -> Checking for autopause in Test. (Members in Channel without bot: 1)
[17:51:32] [ INFO ] [TrackScheduler] Next Track from: https://youtube.com/watch?v=_GdOhROdh9c
[17:51:33] [ INFO ] [GuildMusicManager] From: TrackScheduler -> Checking for autopause in Test. (Members in Channel without bot: 1)
[17:55:32] [ INFO ] [TrackScheduler] Next Track from: https://youtube.com/watch?v=IKKXdjRXsXQ
[17:55:32] [ INFO ] [GuildMusicManager] From: TrackScheduler -> Checking for autopause in Test. (Members in Channel without bot: 1)
[17:59:13] [ INFO ] [TrackScheduler] Next Track from: https://youtube.com/watch?v=9sTQ0QdkN3Q
[17:59:13] [ ERROR] [TrackScheduler] FriendlyException while loading. 
com.sedmelluq.discord.lavaplayer.tools.FriendlyException: The uploader has not made this video available in your country.
	at com.sedmelluq.discord.lavaplayer.source.youtube.YoutubeAudioSourceManager.determineFailureReasonFromStatus(YoutubeAudioSourceManager.java:278)
	at com.sedmelluq.discord.lavaplayer.source.youtube.YoutubeAudioSourceManager.determineFailureReason(YoutubeAudioSourceManager.java:269)
	at com.sedmelluq.discord.lavaplayer.source.youtube.YoutubeAudioSourceManager.getTrackInfoFromMainPage(YoutubeAudioSourceManager.java:252)
	at com.sedmelluq.discord.lavaplayer.source.youtube.YoutubeAudioSourceManager.loadTrackWithVideoId(YoutubeAudioSourceManager.java:218)
	at com.sedmelluq.discord.lavaplayer.source.youtube.YoutubeAudioSourceManager.loadTrack(YoutubeAudioSourceManager.java:198)
	at com.sedmelluq.discord.lavaplayer.source.youtube.YoutubeAudioSourceManager.loadItemOnce(YoutubeAudioSourceManager.java:178)
	at com.sedmelluq.discord.lavaplayer.source.youtube.YoutubeAudioSourceManager.loadItem(YoutubeAudioSourceManager.java:127)
	at com.sedmelluq.discord.lavaplayer.player.DefaultAudioPlayerManager.checkSourcesForItemOnce(DefaultAudioPlayerManager.java:406)
	at com.sedmelluq.discord.lavaplayer.player.DefaultAudioPlayerManager.checkSourcesForItem(DefaultAudioPlayerManager.java:392)
	at com.sedmelluq.discord.lavaplayer.player.DefaultAudioPlayerManager.lambda$createItemLoader$0(DefaultAudioPlayerManager.java:201)
	at java.util.concurrent.FutureTask.run(FutureTask.java:266)
	at java.util.concurrent.ThreadPoolExecutor.runWorker(ThreadPoolExecutor.java:1142)
	at java.util.concurrent.ThreadPoolExecutor$Worker.run(ThreadPoolExecutor.java:617)
	at java.lang.Thread.run(Thread.java:745)
[17:59:13] [ INFO ] [TrackScheduler] Next Track from: https://youtube.com/watch?v=QQKmh3RsRgg
[17:59:14] [ INFO ] [GuildMusicManager] From: TrackScheduler -> Checking for autopause in Test. (Members in Channel without bot: 1)
[18:02:02] [ INFO ] [TrackScheduler] Next Track from: https://youtube.com/watch?v=UA2XIWZxMKM
[18:02:03] [ INFO ] [GuildMusicManager] From: TrackScheduler -> Checking for autopause in Test. (Members in Channel without bot: 1)
[18:08:51] [ INFO ] [TrackScheduler] Next Track from: https://youtube.com/watch?v=AA8O9hvHPUo
[18:08:52] [ INFO ] [GuildMusicManager] From: TrackScheduler -> Checking for autopause in Test. (Members in Channel without bot: 1)
[18:11:57] [ INFO ] [TrackScheduler] Next Track from: https://youtube.com/watch?v=DY9D01WPIN0
[18:11:57] [ INFO ] [GuildMusicManager] From: TrackScheduler -> Checking for autopause in Test. (Members in Channel without bot: 1)
[18:15:36] [ INFO ] [TrackScheduler] Next Track from: https://youtube.com/watch?v=3YfNFR6gh2E
[18:15:36] [ INFO ] [GuildMusicManager] From: TrackScheduler -> Checking for autopause in Test. (Members in Channel without bot: 1)
[18:18:36] [ INFO ] [TrackScheduler] Next Track from: https://youtube.com/watch?v=9-kWlUbkHS4
[18:18:37] [ INFO ] [GuildMusicManager] From: TrackScheduler -> Checking for autopause in Test. (Members in Channel without bot: 1)
[18:23:08] [ INFO ] [TrackScheduler] Next Track from: https://youtube.com/watch?v=46Cfrl7hMoQ
[18:23:09] [ INFO ] [GuildMusicManager] From: TrackScheduler -> Checking for autopause in Test. (Members in Channel without bot: 1)
[18:25:53] [ INFO ] [TrackScheduler] Next Track from: https://youtube.com/watch?v=5UUwc0llyEk
[18:25:54] [ INFO ] [GuildMusicManager] From: TrackScheduler -> Checking for autopause in Test. (Members in Channel without bot: 1)
[18:27:38] [ INFO ] [TrackScheduler] Next Track from: https://youtube.com/watch?v=p1h9PBQSCDY
[18:27:39] [ INFO ] [GuildMusicManager] From: TrackScheduler -> Checking for autopause in Test. (Members in Channel without bot: 1)
[18:31:41] [ INFO ] [TrackScheduler] Next Track from: https://youtube.com/watch?v=aS_sAa37xag
[18:31:41] [ INFO ] [TrackScheduler] Next Track from: https://youtube.com/watch?v=gJeh_dLjPN4
[18:31:41] [ INFO ] [GuildMusicManager] From: TrackScheduler -> Checking for autopause in Test. (Members in Channel without bot: 1)
[18:35:42] [ INFO ] [TrackScheduler] Next Track from: https://youtube.com/watch?v=xH8R1Mt7IA8
[18:35:43] [ INFO ] [GuildMusicManager] From: TrackScheduler -> Checking for autopause in Test. (Members in Channel without bot: 1)
[18:38:53] [ INFO ] [TrackScheduler] Next Track from: https://youtube.com/watch?v=B1xyoRXt7K4
[18:38:54] [ INFO ] [GuildMusicManager] From: TrackScheduler -> Checking for autopause in Test. (Members in Channel without bot: 1)
[18:42:42] [ INFO ] [TrackScheduler] Next Track from: https://youtube.com/watch?v=SBjQ9tuuTJQ
[18:42:42] [ INFO ] [GuildMusicManager] From: TrackScheduler -> Checking for autopause in Test. (Members in Channel without bot: 1)
[18:47:13] [ INFO ] [TrackScheduler] Next Track from: https://youtube.com/watch?v=YmtHdBPzi_w
[18:47:14] [ INFO ] [GuildMusicManager] From: TrackScheduler -> Checking for autopause in Test. (Members in Channel without bot: 1)
[18:56:22] [ INFO ] [TrackScheduler] Next Track from: https://youtube.com/watch?v=x_P5smsopK0
[18:56:22] [ INFO ] [GuildMusicManager] From: TrackScheduler -> Checking for autopause in Test. (Members in Channel without bot: 1)
[19:00:35] [ INFO ] [TrackScheduler] Next Track from: https://youtube.com/watch?v=C7NSUFDHFgg
[19:00:36] [ INFO ] [GuildMusicManager] From: TrackScheduler -> Checking for autopause in Test. (Members in Channel without bot: 1)
[19:03:50] [ INFO ] [TrackScheduler] Next Track from: https://youtube.com/watch?v=3rSNqhEWH9M
[19:03:51] [ INFO ] [GuildMusicManager] From: TrackScheduler -> Checking for autopause in Test. (Members in Channel without bot: 1)
[19:06:11] [ INFO ] [TrackScheduler] Next Track from: https://youtube.com/watch?v=paaFchdXAbc
[19:06:11] [ INFO ] [GuildMusicManager] From: TrackScheduler -> Checking for autopause in Test. (Members in Channel without bot: 1)
[19:10:40] [ INFO ] [TrackScheduler] Next Track from: https://youtube.com/watch?v=pcGGfojS58U
[19:10:41] [ INFO ] [GuildMusicManager] From: TrackScheduler -> Checking for autopause in Test. (Members in Channel without bot: 1)
[19:15:23] [ INFO ] [TrackScheduler] Next Track from: https://youtube.com/watch?v=_Gs3fg_WsEg
[19:15:23] [ INFO ] [GuildMusicManager] From: TrackScheduler -> Checking for autopause in Test. (Members in Channel without bot: 1)
[19:18:53] [ INFO ] [TrackScheduler] Next Track from: https://youtube.com/watch?v=IJ5jIOl957M
[19:18:53] [ INFO ] [TrackScheduler] Next Track from: https://youtube.com/watch?v=WgRfPc1lfJk
[19:18:54] [ INFO ] [GuildMusicManager] From: TrackScheduler -> Checking for autopause in Test. (Members in Channel without bot: 1)
[19:23:38] [ INFO ] [TrackScheduler] Next Track from: https://youtube.com/watch?v=C1fU7KkI1Y0
[19:23:39] [ INFO ] [GuildMusicManager] From: TrackScheduler -> Checking for autopause in Test. (Members in Channel without bot: 1)
[19:27:05] [ INFO ] [TrackScheduler] Next Track from: https://youtube.com/watch?v=ClE5MBXh4rg
[19:27:06] [ ERROR] [TrackScheduler] FriendlyException while loading. 
com.sedmelluq.discord.lavaplayer.tools.FriendlyException: This video is not available.
	at com.sedmelluq.discord.lavaplayer.source.youtube.YoutubeAudioSourceManager.determineFailureReasonFromStatus(YoutubeAudioSourceManager.java:278)
	at com.sedmelluq.discord.lavaplayer.source.youtube.YoutubeAudioSourceManager.determineFailureReason(YoutubeAudioSourceManager.java:269)
	at com.sedmelluq.discord.lavaplayer.source.youtube.YoutubeAudioSourceManager.getTrackInfoFromMainPage(YoutubeAudioSourceManager.java:252)
	at com.sedmelluq.discord.lavaplayer.source.youtube.YoutubeAudioSourceManager.loadTrackWithVideoId(YoutubeAudioSourceManager.java:218)
	at com.sedmelluq.discord.lavaplayer.source.youtube.YoutubeAudioSourceManager.loadTrack(YoutubeAudioSourceManager.java:198)
	at com.sedmelluq.discord.lavaplayer.source.youtube.YoutubeAudioSourceManager.loadItemOnce(YoutubeAudioSourceManager.java:178)
	at com.sedmelluq.discord.lavaplayer.source.youtube.YoutubeAudioSourceManager.loadItem(YoutubeAudioSourceManager.java:127)
	at com.sedmelluq.discord.lavaplayer.player.DefaultAudioPlayerManager.checkSourcesForItemOnce(DefaultAudioPlayerManager.java:406)
	at com.sedmelluq.discord.lavaplayer.player.DefaultAudioPlayerManager.checkSourcesForItem(DefaultAudioPlayerManager.java:392)
	at com.sedmelluq.discord.lavaplayer.player.DefaultAudioPlayerManager.lambda$createItemLoader$0(DefaultAudioPlayerManager.java:201)
	at java.util.concurrent.FutureTask.run(FutureTask.java:266)
	at java.util.concurrent.ThreadPoolExecutor.runWorker(ThreadPoolExecutor.java:1142)
	at java.util.concurrent.ThreadPoolExecutor$Worker.run(ThreadPoolExecutor.java:617)
	at java.lang.Thread.run(Thread.java:745)
[19:27:06] [ INFO ] [TrackScheduler] Next Track from: https://youtube.com/watch?v=Jv5j_Lx2R4g
[19:27:07] [ INFO ] [GuildMusicManager] From: TrackScheduler -> Checking for autopause in Test. (Members in Channel without bot: 1)
[19:34:12] [ INFO ] [TrackScheduler] Next Track from: https://youtube.com/watch?v=HLzqjmoZZAc
[19:34:13] [ INFO ] [GuildMusicManager] From: TrackScheduler -> Checking for autopause in Test. (Members in Channel without bot: 1)
[19:37:16] [ INFO ] [TrackScheduler] Next Track from: https://youtube.com/watch?v=uH_-w-NeDiU
[19:37:17] [ INFO ] [GuildMusicManager] From: TrackScheduler -> Checking for autopause in Test. (Members in Channel without bot: 1)
[19:38:51] [ INFO ] [GuildMusicManager] From: MessageListener -> Checking for autopause in Test. (Members in Channel without bot: 2)
[19:38:55] [ INFO ] [GuildMusicManager] From: MessageListener -> Checking for autopause in Test. (Members in Channel without bot: 1)
[19:42:55] [ INFO ] [TrackScheduler] Next Track from: https://youtube.com/watch?v=69wxutaRWO4
[19:42:55] [ INFO ] [GuildMusicManager] From: TrackScheduler -> Checking for autopause in Test. (Members in Channel without bot: 1)
[19:45:15] [ INFO ] [TrackScheduler] Next Track from: https://youtube.com/watch?v=kOaqcfTZgno
[19:45:16] [ INFO ] [GuildMusicManager] From: TrackScheduler -> Checking for autopause in Test. (Members in Channel without bot: 1)
[19:48:34] [ INFO ] [TrackScheduler] Next Track from: https://youtube.com/watch?v=jCFdBhby0jc
[19:48:35] [ INFO ] [GuildMusicManager] From: TrackScheduler -> Checking for autopause in Test. (Members in Channel without bot: 1)
[19:51:38] [ INFO ] [TrackScheduler] Next Track from: https://youtube.com/watch?v=hNmW-QA_kmU
[19:51:39] [ ERROR] [TrackScheduler] FriendlyException while loading. 
com.sedmelluq.discord.lavaplayer.tools.FriendlyException: This video is not available.
	at com.sedmelluq.discord.lavaplayer.source.youtube.YoutubeAudioSourceManager.determineFailureReasonFromStatus(YoutubeAudioSourceManager.java:278)
	at com.sedmelluq.discord.lavaplayer.source.youtube.YoutubeAudioSourceManager.determineFailureReason(YoutubeAudioSourceManager.java:269)
	at com.sedmelluq.discord.lavaplayer.source.youtube.YoutubeAudioSourceManager.getTrackInfoFromMainPage(YoutubeAudioSourceManager.java:252)
	at com.sedmelluq.discord.lavaplayer.source.youtube.YoutubeAudioSourceManager.loadTrackWithVideoId(YoutubeAudioSourceManager.java:218)
	at com.sedmelluq.discord.lavaplayer.source.youtube.YoutubeAudioSourceManager.loadTrack(YoutubeAudioSourceManager.java:198)
	at com.sedmelluq.discord.lavaplayer.source.youtube.YoutubeAudioSourceManager.loadItemOnce(YoutubeAudioSourceManager.java:178)
	at com.sedmelluq.discord.lavaplayer.source.youtube.YoutubeAudioSourceManager.loadItem(YoutubeAudioSourceManager.java:127)
	at com.sedmelluq.discord.lavaplayer.player.DefaultAudioPlayerManager.checkSourcesForItemOnce(DefaultAudioPlayerManager.java:406)
	at com.sedmelluq.discord.lavaplayer.player.DefaultAudioPlayerManager.checkSourcesForItem(DefaultAudioPlayerManager.java:392)
	at com.sedmelluq.discord.lavaplayer.player.DefaultAudioPlayerManager.lambda$createItemLoader$0(DefaultAudioPlayerManager.java:201)
	at java.util.concurrent.FutureTask.run(FutureTask.java:266)
	at java.util.concurrent.ThreadPoolExecutor.runWorker(ThreadPoolExecutor.java:1142)
	at java.util.concurrent.ThreadPoolExecutor$Worker.run(ThreadPoolExecutor.java:617)
	at java.lang.Thread.run(Thread.java:745)
[19:51:39] [ INFO ] [TrackScheduler] Next Track from: https://youtube.com/watch?v=M47Bsg6Bt3M
[19:51:39] [ INFO ] [GuildMusicManager] From: TrackScheduler -> Checking for autopause in Test. (Members in Channel without bot: 1)
[19:56:47] [ INFO ] [TrackScheduler] Next Track from: https://youtube.com/watch?v=Tp8h7L8Fi0o
[19:56:47] [ INFO ] [GuildMusicManager] From: TrackScheduler -> Checking for autopause in Test. (Members in Channel without bot: 1)
[19:59:58] [ INFO ] [TrackScheduler] Next Track from: https://youtube.com/watch?v=vOd-T58qHLA
[19:59:58] [ INFO ] [GuildMusicManager] From: TrackScheduler -> Checking for autopause in Test. (Members in Channel without bot: 1)
[20:05:45] [ INFO ] [TrackScheduler] Next Track from: https://youtube.com/watch?v=cacL5jNJ87c
[20:05:46] [ INFO ] [GuildMusicManager] From: TrackScheduler -> Checking for autopause in Test. (Members in Channel without bot: 1)
[20:08:52] [ INFO ] [TrackScheduler] Next Track from: https://youtube.com/watch?v=hRIXys1xMGc
[20:08:52] [ INFO ] [GuildMusicManager] From: TrackScheduler -> Checking for autopause in Test. (Members in Channel without bot: 1)
[20:33:22] [ WARN ] [LocalAudioTrackExecutor] Suspicious exception for playback of hRIXys1xMGc
com.sedmelluq.discord.lavaplayer.tools.FriendlyException: The track was unexpectedly terminated.
	at com.sedmelluq.discord.lavaplayer.track.playback.LocalAudioTrackExecutor.handlePlaybackInterrupt(LocalAudioTrackExecutor.java:277)
	at com.sedmelluq.discord.lavaplayer.track.playback.LocalAudioTrackExecutor.executeProcessingLoop(LocalAudioTrackExecutor.java:253)
	at com.sedmelluq.discord.lavaplayer.container.matroska.MatroskaAudioTrack.process(MatroskaAudioTrack.java:38)
	at com.sedmelluq.discord.lavaplayer.track.DelegatedAudioTrack.processDelegate(DelegatedAudioTrack.java:27)
	at com.sedmelluq.discord.lavaplayer.source.youtube.YoutubeAudioTrack.processStatic(YoutubeAudioTrack.java:75)
	at com.sedmelluq.discord.lavaplayer.source.youtube.YoutubeAudioTrack.process(YoutubeAudioTrack.java:67)
	at com.sedmelluq.discord.lavaplayer.track.playback.LocalAudioTrackExecutor.execute(LocalAudioTrackExecutor.java:89)
	at com.sedmelluq.discord.lavaplayer.player.DefaultAudioPlayerManager.lambda$executeTrack$1(DefaultAudioPlayerManager.java:325)
	at java.util.concurrent.ThreadPoolExecutor.runWorker(ThreadPoolExecutor.java:1142)
	at java.util.concurrent.ThreadPoolExecutor$Worker.run(ThreadPoolExecutor.java:617)
	at java.lang.Thread.run(Thread.java:745)
Caused by: java.lang.InterruptedException: Read timed out
	at com.sedmelluq.discord.lavaplayer.track.playback.LocalAudioTrackExecutor.findInterrupt(LocalAudioTrackExecutor.java:290)
	at com.sedmelluq.discord.lavaplayer.track.playback.LocalAudioTrackExecutor.executeProcessingLoop(LocalAudioTrackExecutor.java:250)
	... 9 common frames omitted
[20:33:22] [ INFO ] [TrackScheduler] Next Track from: https://youtube.com/watch?v=XjV0z3Rf-ac
[20:33:22] [ INFO ] [GuildMusicManager] From: TrackScheduler -> Checking for autopause in Test. (Members in Channel without bot: 1)
[20:37:04] [ INFO ] [TrackScheduler] Next Track from: https://youtube.com/watch?v=xCqRYneOdIM
[20:37:04] [ INFO ] [GuildMusicManager] From: TrackScheduler -> Checking for autopause in Test. (Members in Channel without bot: 1)
[20:37:54] [ INFO ] [MessageListener] Message received. (!s)
[20:37:54] [ INFO ] [MessageDeleter] Message successfully queued, in Test2. (286220457458401280) ("!s")
[20:37:54] [ INFO ] [MessageListener] Command detected: s
[20:37:54] [ INFO ] [StaticSchedulePool] Executing SchedulePool
[20:37:54] [ INFO ] [MessageDeleter] Message successfully deleted, in Test2. (286220457458401280) ("!s")
[20:37:54] [ INFO ] [ShutdownCommand] Everything done. Shutdown in 3.0 seconds.
[20:37:57] [ INFO ] [StaticSchedulePool] Executing SchedulePool
[20:40:00] [ WARN ] [TextUtils] Teile des Config Files konnten nicht gelesen werden! (spam_channels)
[20:40:01] [ INFO ] [JDA] Login Successful!
[20:40:02] [ INFO ] [JDA] Connected to WebSocket
[20:40:02] [ INFO ] [JDA] Finished Loading!
[20:40:02] [ INFO ] [Main] All 1 shards are ready.
[20:40:02] [ INFO ] [Main] Connecting to 2 guilds...
[20:40:02] [ ERROR] [JDA] One of the EventListeners had an uncaught exception
[20:40:02] [ ERROR] [JDA] An exception occurred
org.ektorp.DbAccessException: 401:Unauthorized
URI: /guilddatas/
Response Body: 
{
  "error" : "unauthorized",
  "reason" : "You are not a server admin."
}
	at org.ektorp.http.StdResponseHandler.createDbAccessException(StdResponseHandler.java:50)
	at org.ektorp.http.StdResponseHandler.error(StdResponseHandler.java:68)
	at org.ektorp.http.RestTemplate.handleVoidResponse(RestTemplate.java:113)
	at org.ektorp.http.RestTemplate.put(RestTemplate.java:39)
	at org.ektorp.impl.StdCouchDbInstance.createDatabase(StdCouchDbInstance.java:57)
	at org.ektorp.impl.StdCouchDbInstance.createDatabase(StdCouchDbInstance.java:49)
	at org.ektorp.impl.StdCouchDbConnector.createDatabaseIfNotExists(StdCouchDbConnector.java:420)
	at org.ektorp.support.CouchDbRepositorySupport.<init>(CouchDbRepositorySupport.java:62)
	at org.ektorp.support.CouchDbRepositorySupport.<init>(CouchDbRepositorySupport.java:53)
	at pothi_discord_music.utils.couch_db.guilddata.GuildDBObjectRepository.<init>(GuildDBObjectRepository.java:12)
	at pothi_discord_music.utils.couch_db.guilddata.GuildDBObject.getObjectById(GuildDBObject.java:51)
	at pothi_discord_music.utils.GuildData.<init>(GuildData.java:48)
	at pothi_discord_music.Main.onInit(Main.java:165)
	at pothi_discord_music.listeners.AbstractEventListener.onReady(AbstractEventListener.java:14)
	at pothi_discord_music.listeners.MessageListener.onReady(MessageListener.java:126)
	at net.dv8tion.jda.core.hooks.ListenerAdapter.onEvent(ListenerAdapter.java:291)
	at net.dv8tion.jda.core.hooks.InterfacedEventManager.handle(InterfacedEventManager.java:84)
	at net.dv8tion.jda.core.requests.WebSocketClient.ready(WebSocketClient.java:128)
	at net.dv8tion.jda.core.handle.ReadyHandler.guildLoadComplete(ReadyHandler.java:165)
	at net.dv8tion.jda.core.handle.ReadyHandler.guildSetupComplete(ReadyHandler.java:191)
	at net.dv8tion.jda.core.handle.GuildCreateHandler.lambda$handleInternally$95(GuildCreateHandler.java:45)
	at net.dv8tion.jda.core.entities.EntityBuilder.createGuildFirstPass(EntityBuilder.java:300)
	at net.dv8tion.jda.core.handle.GuildCreateHandler.handleInternally(GuildCreateHandler.java:39)
	at net.dv8tion.jda.core.handle.SocketHandler.handle(SocketHandler.java:38)
	at net.dv8tion.jda.core.requests.WebSocketClient.handleEvent(WebSocketClient.java:722)
	at net.dv8tion.jda.core.requests.WebSocketClient.onTextMessage(WebSocketClient.java:460)
	at net.dv8tion.jda.core.requests.WebSocketClient.onBinaryMessage(WebSocketClient.java:755)
	at com.neovisionaries.ws.client.ListenerManager.callOnBinaryMessage(ListenerManager.java:368)
	at com.neovisionaries.ws.client.ReadingThread.callOnBinaryMessage(ReadingThread.java:272)
	at com.neovisionaries.ws.client.ReadingThread.handleBinaryFrame(ReadingThread.java:992)
	at com.neovisionaries.ws.client.ReadingThread.handleFrame(ReadingThread.java:751)
	at com.neovisionaries.ws.client.ReadingThread.main(ReadingThread.java:110)
	at com.neovisionaries.ws.client.ReadingThread.run(ReadingThread.java:66)
[20:40:02] [ ERROR] [JDA] Encountered an exception:
[20:40:02] [ ERROR] [JDA] org.ektorp.DbAccessException: 401:Unauthorized
URI: /guilddatas/
Response Body: 
{
  "error" : "unauthorized",
  "reason" : "You are not a server admin."
}
	at org.ektorp.http.StdResponseHandler.createDbAccessException(StdResponseHandler.java:50)
	at org.ektorp.http.StdResponseHandler.error(StdResponseHandler.java:68)
	at org.ektorp.http.RestTemplate.handleVoidResponse(RestTemplate.java:113)
	at org.ektorp.http.RestTemplate.put(RestTemplate.java:39)
	at org.ektorp.impl.StdCouchDbInstance.createDatabase(StdCouchDbInstance.java:57)
	at org.ektorp.impl.StdCouchDbInstance.createDatabase(StdCouchDbInstance.java:49)
	at org.ektorp.impl.StdCouchDbConnector.createDatabaseIfNotExists(StdCouchDbConnector.java:420)
	at org.ektorp.support.CouchDbRepositorySupport.<init>(CouchDbRepositorySupport.java:62)
	at org.ektorp.support.CouchDbRepositorySupport.<init>(CouchDbRepositorySupport.java:53)
	at pothi_discord_music.utils.couch_db.guilddata.GuildDBObjectRepository.<init>(GuildDBObjectRepository.java:12)
	at pothi_discord_music.utils.couch_db.guilddata.GuildDBObject.getObjectById(GuildDBObject.java:51)
	at pothi_discord_music.utils.GuildData.<init>(GuildData.java:48)
	at pothi_discord_music.Main.onInit(Main.java:165)
	at pothi_discord_music.listeners.AbstractEventListener.onReady(AbstractEventListener.java:14)
	at pothi_discord_music.listeners.MessageListener.onReady(MessageListener.java:126)
	at net.dv8tion.jda.core.hooks.ListenerAdapter.onEvent(ListenerAdapter.java:291)
	at net.dv8tion.jda.core.hooks.InterfacedEventManager.handle(InterfacedEventManager.java:84)
	at net.dv8tion.jda.core.requests.WebSocketClient.ready(WebSocketClient.java:128)
	at net.dv8tion.jda.core.handle.ReadyHandler.guildLoadComplete(ReadyHandler.java:165)
	at net.dv8tion.jda.core.handle.ReadyHandler.guildSetupComplete(ReadyHandler.java:191)
	at net.dv8tion.jda.core.handle.GuildCreateHandler.lambda$handleInternally$95(GuildCreateHandler.java:45)
	at net.dv8tion.jda.core.entities.EntityBuilder.createGuildFirstPass(EntityBuilder.java:300)
	at net.dv8tion.jda.core.handle.GuildCreateHandler.handleInternally(GuildCreateHandler.java:39)
	at net.dv8tion.jda.core.handle.SocketHandler.handle(SocketHandler.java:38)
	at net.dv8tion.jda.core.requests.WebSocketClient.handleEvent(WebSocketClient.java:722)
	at net.dv8tion.jda.core.requests.WebSocketClient.onTextMessage(WebSocketClient.java:460)
	at net.dv8tion.jda.core.requests.WebSocketClient.onBinaryMessage(WebSocketClient.java:755)
	at com.neovisionaries.ws.client.ListenerManager.callOnBinaryMessage(ListenerManager.java:368)
	at com.neovisionaries.ws.client.ReadingThread.callOnBinaryMessage(ReadingThread.java:272)
	at com.neovisionaries.ws.client.ReadingThread.handleBinaryFrame(ReadingThread.java:992)
	at com.neovisionaries.ws.client.ReadingThread.handleFrame(ReadingThread.java:751)
	at com.neovisionaries.ws.client.ReadingThread.main(ReadingThread.java:110)
	at com.neovisionaries.ws.client.ReadingThread.run(ReadingThread.java:66)

[20:41:27] [ WARN ] [TextUtils] Teile des Config Files konnten nicht gelesen werden! (spam_channels)
[20:41:28] [ INFO ] [JDA] Login Successful!
[20:41:28] [ INFO ] [JDA] Connected to WebSocket
[20:41:28] [ INFO ] [JDA] Finished Loading!
[20:41:28] [ INFO ] [Main] All 1 shards are ready.
[20:41:28] [ INFO ] [Main] Connecting to 2 guilds...
[20:41:28] [ ERROR] [JDA] One of the EventListeners had an uncaught exception
[20:41:28] [ ERROR] [JDA] An exception occurred
java.lang.NullPointerException: null
	at pothi_discord_music.utils.GuildData.loadDefaultAutoplaylist(GuildData.java:65)
	at pothi_discord_music.utils.GuildData.<init>(GuildData.java:52)
	at pothi_discord_music.Main.onInit(Main.java:165)
	at pothi_discord_music.listeners.AbstractEventListener.onReady(AbstractEventListener.java:14)
	at pothi_discord_music.listeners.MessageListener.onReady(MessageListener.java:126)
	at net.dv8tion.jda.core.hooks.ListenerAdapter.onEvent(ListenerAdapter.java:291)
	at net.dv8tion.jda.core.hooks.InterfacedEventManager.handle(InterfacedEventManager.java:84)
	at net.dv8tion.jda.core.requests.WebSocketClient.ready(WebSocketClient.java:128)
	at net.dv8tion.jda.core.handle.ReadyHandler.guildLoadComplete(ReadyHandler.java:165)
	at net.dv8tion.jda.core.handle.ReadyHandler.guildSetupComplete(ReadyHandler.java:191)
	at net.dv8tion.jda.core.handle.GuildCreateHandler.lambda$handleInternally$95(GuildCreateHandler.java:45)
	at net.dv8tion.jda.core.entities.EntityBuilder.createGuildFirstPass(EntityBuilder.java:300)
	at net.dv8tion.jda.core.handle.GuildCreateHandler.handleInternally(GuildCreateHandler.java:39)
	at net.dv8tion.jda.core.handle.SocketHandler.handle(SocketHandler.java:38)
	at net.dv8tion.jda.core.requests.WebSocketClient.handleEvent(WebSocketClient.java:722)
	at net.dv8tion.jda.core.requests.WebSocketClient.onTextMessage(WebSocketClient.java:460)
	at net.dv8tion.jda.core.requests.WebSocketClient.onBinaryMessage(WebSocketClient.java:755)
	at com.neovisionaries.ws.client.ListenerManager.callOnBinaryMessage(ListenerManager.java:368)
	at com.neovisionaries.ws.client.ReadingThread.callOnBinaryMessage(ReadingThread.java:272)
	at com.neovisionaries.ws.client.ReadingThread.handleBinaryFrame(ReadingThread.java:992)
	at com.neovisionaries.ws.client.ReadingThread.handleFrame(ReadingThread.java:751)
	at com.neovisionaries.ws.client.ReadingThread.main(ReadingThread.java:110)
	at com.neovisionaries.ws.client.ReadingThread.run(ReadingThread.java:66)
[20:41:28] [ ERROR] [JDA] Encountered an exception:
[20:41:28] [ ERROR] [JDA] java.lang.NullPointerException
	at pothi_discord_music.utils.GuildData.loadDefaultAutoplaylist(GuildData.java:65)
	at pothi_discord_music.utils.GuildData.<init>(GuildData.java:52)
	at pothi_discord_music.Main.onInit(Main.java:165)
	at pothi_discord_music.listeners.AbstractEventListener.onReady(AbstractEventListener.java:14)
	at pothi_discord_music.listeners.MessageListener.onReady(MessageListener.java:126)
	at net.dv8tion.jda.core.hooks.ListenerAdapter.onEvent(ListenerAdapter.java:291)
	at net.dv8tion.jda.core.hooks.InterfacedEventManager.handle(InterfacedEventManager.java:84)
	at net.dv8tion.jda.core.requests.WebSocketClient.ready(WebSocketClient.java:128)
	at net.dv8tion.jda.core.handle.ReadyHandler.guildLoadComplete(ReadyHandler.java:165)
	at net.dv8tion.jda.core.handle.ReadyHandler.guildSetupComplete(ReadyHandler.java:191)
	at net.dv8tion.jda.core.handle.GuildCreateHandler.lambda$handleInternally$95(GuildCreateHandler.java:45)
	at net.dv8tion.jda.core.entities.EntityBuilder.createGuildFirstPass(EntityBuilder.java:300)
	at net.dv8tion.jda.core.handle.GuildCreateHandler.handleInternally(GuildCreateHandler.java:39)
	at net.dv8tion.jda.core.handle.SocketHandler.handle(SocketHandler.java:38)
	at net.dv8tion.jda.core.requests.WebSocketClient.handleEvent(WebSocketClient.java:722)
	at net.dv8tion.jda.core.requests.WebSocketClient.onTextMessage(WebSocketClient.java:460)
	at net.dv8tion.jda.core.requests.WebSocketClient.onBinaryMessage(WebSocketClient.java:755)
	at com.neovisionaries.ws.client.ListenerManager.callOnBinaryMessage(ListenerManager.java:368)
	at com.neovisionaries.ws.client.ReadingThread.callOnBinaryMessage(ReadingThread.java:272)
	at com.neovisionaries.ws.client.ReadingThread.handleBinaryFrame(ReadingThread.java:992)
	at com.neovisionaries.ws.client.ReadingThread.handleFrame(ReadingThread.java:751)
	at com.neovisionaries.ws.client.ReadingThread.main(ReadingThread.java:110)
	at com.neovisionaries.ws.client.ReadingThread.run(ReadingThread.java:66)

[20:42:08] [ WARN ] [TextUtils] Teile des Config Files konnten nicht gelesen werden! (spam_channels)
[20:42:09] [ INFO ] [JDA] Login Successful!
[20:42:10] [ INFO ] [JDA] Connected to WebSocket
[20:42:10] [ INFO ] [JDA] Finished Loading!
[20:42:10] [ INFO ] [Main] All 1 shards are ready.
[20:42:10] [ INFO ] [Main] Connecting to 2 guilds...
[20:42:10] [ ERROR] [JDA] One of the EventListeners had an uncaught exception
[20:42:10] [ ERROR] [JDA] An exception occurred
org.ektorp.DbAccessException: 401:Unauthorized
URI: /guilddatas/
Response Body: 
{
  "error" : "unauthorized",
  "reason" : "You are not a server admin."
}
	at org.ektorp.http.StdResponseHandler.createDbAccessException(StdResponseHandler.java:50)
	at org.ektorp.http.StdResponseHandler.error(StdResponseHandler.java:68)
	at org.ektorp.http.RestTemplate.handleVoidResponse(RestTemplate.java:113)
	at org.ektorp.http.RestTemplate.put(RestTemplate.java:39)
	at org.ektorp.impl.StdCouchDbInstance.createDatabase(StdCouchDbInstance.java:57)
	at org.ektorp.impl.StdCouchDbInstance.createDatabase(StdCouchDbInstance.java:49)
	at org.ektorp.impl.StdCouchDbConnector.createDatabaseIfNotExists(StdCouchDbConnector.java:420)
	at org.ektorp.support.CouchDbRepositorySupport.<init>(CouchDbRepositorySupport.java:62)
	at org.ektorp.support.CouchDbRepositorySupport.<init>(CouchDbRepositorySupport.java:53)
	at pothi_discord_music.utils.couch_db.guilddata.GuildDBObjectRepository.<init>(GuildDBObjectRepository.java:12)
	at pothi_discord_music.utils.couch_db.guilddata.GuildDBObject.getObjectById(GuildDBObject.java:51)
	at pothi_discord_music.utils.GuildData.<init>(GuildData.java:48)
	at pothi_discord_music.Main.onInit(Main.java:165)
	at pothi_discord_music.listeners.AbstractEventListener.onReady(AbstractEventListener.java:14)
	at pothi_discord_music.listeners.MessageListener.onReady(MessageListener.java:126)
	at net.dv8tion.jda.core.hooks.ListenerAdapter.onEvent(ListenerAdapter.java:291)
	at net.dv8tion.jda.core.hooks.InterfacedEventManager.handle(InterfacedEventManager.java:84)
	at net.dv8tion.jda.core.requests.WebSocketClient.ready(WebSocketClient.java:128)
	at net.dv8tion.jda.core.handle.ReadyHandler.guildLoadComplete(ReadyHandler.java:165)
	at net.dv8tion.jda.core.handle.ReadyHandler.guildSetupComplete(ReadyHandler.java:191)
	at net.dv8tion.jda.core.handle.GuildCreateHandler.lambda$handleInternally$95(GuildCreateHandler.java:45)
	at net.dv8tion.jda.core.entities.EntityBuilder.createGuildFirstPass(EntityBuilder.java:300)
	at net.dv8tion.jda.core.handle.GuildCreateHandler.handleInternally(GuildCreateHandler.java:39)
	at net.dv8tion.jda.core.handle.SocketHandler.handle(SocketHandler.java:38)
	at net.dv8tion.jda.core.requests.WebSocketClient.handleEvent(WebSocketClient.java:722)
	at net.dv8tion.jda.core.requests.WebSocketClient.onTextMessage(WebSocketClient.java:460)
	at net.dv8tion.jda.core.requests.WebSocketClient.onBinaryMessage(WebSocketClient.java:755)
	at com.neovisionaries.ws.client.ListenerManager.callOnBinaryMessage(ListenerManager.java:368)
	at com.neovisionaries.ws.client.ReadingThread.callOnBinaryMessage(ReadingThread.java:272)
	at com.neovisionaries.ws.client.ReadingThread.handleBinaryFrame(ReadingThread.java:992)
	at com.neovisionaries.ws.client.ReadingThread.handleFrame(ReadingThread.java:751)
	at com.neovisionaries.ws.client.ReadingThread.main(ReadingThread.java:110)
	at com.neovisionaries.ws.client.ReadingThread.run(ReadingThread.java:66)
[20:42:10] [ ERROR] [JDA] Encountered an exception:
[20:42:10] [ ERROR] [JDA] org.ektorp.DbAccessException: 401:Unauthorized
URI: /guilddatas/
Response Body: 
{
  "error" : "unauthorized",
  "reason" : "You are not a server admin."
}
	at org.ektorp.http.StdResponseHandler.createDbAccessException(StdResponseHandler.java:50)
	at org.ektorp.http.StdResponseHandler.error(StdResponseHandler.java:68)
	at org.ektorp.http.RestTemplate.handleVoidResponse(RestTemplate.java:113)
	at org.ektorp.http.RestTemplate.put(RestTemplate.java:39)
	at org.ektorp.impl.StdCouchDbInstance.createDatabase(StdCouchDbInstance.java:57)
	at org.ektorp.impl.StdCouchDbInstance.createDatabase(StdCouchDbInstance.java:49)
	at org.ektorp.impl.StdCouchDbConnector.createDatabaseIfNotExists(StdCouchDbConnector.java:420)
	at org.ektorp.support.CouchDbRepositorySupport.<init>(CouchDbRepositorySupport.java:62)
	at org.ektorp.support.CouchDbRepositorySupport.<init>(CouchDbRepositorySupport.java:53)
	at pothi_discord_music.utils.couch_db.guilddata.GuildDBObjectRepository.<init>(GuildDBObjectRepository.java:12)
	at pothi_discord_music.utils.couch_db.guilddata.GuildDBObject.getObjectById(GuildDBObject.java:51)
	at pothi_discord_music.utils.GuildData.<init>(GuildData.java:48)
	at pothi_discord_music.Main.onInit(Main.java:165)
	at pothi_discord_music.listeners.AbstractEventListener.onReady(AbstractEventListener.java:14)
	at pothi_discord_music.listeners.MessageListener.onReady(MessageListener.java:126)
	at net.dv8tion.jda.core.hooks.ListenerAdapter.onEvent(ListenerAdapter.java:291)
	at net.dv8tion.jda.core.hooks.InterfacedEventManager.handle(InterfacedEventManager.java:84)
	at net.dv8tion.jda.core.requests.WebSocketClient.ready(WebSocketClient.java:128)
	at net.dv8tion.jda.core.handle.ReadyHandler.guildLoadComplete(ReadyHandler.java:165)
	at net.dv8tion.jda.core.handle.ReadyHandler.guildSetupComplete(ReadyHandler.java:191)
	at net.dv8tion.jda.core.handle.GuildCreateHandler.lambda$handleInternally$95(GuildCreateHandler.java:45)
	at net.dv8tion.jda.core.entities.EntityBuilder.createGuildFirstPass(EntityBuilder.java:300)
	at net.dv8tion.jda.core.handle.GuildCreateHandler.handleInternally(GuildCreateHandler.java:39)
	at net.dv8tion.jda.core.handle.SocketHandler.handle(SocketHandler.java:38)
	at net.dv8tion.jda.core.requests.WebSocketClient.handleEvent(WebSocketClient.java:722)
	at net.dv8tion.jda.core.requests.WebSocketClient.onTextMessage(WebSocketClient.java:460)
	at net.dv8tion.jda.core.requests.WebSocketClient.onBinaryMessage(WebSocketClient.java:755)
	at com.neovisionaries.ws.client.ListenerManager.callOnBinaryMessage(ListenerManager.java:368)
	at com.neovisionaries.ws.client.ReadingThread.callOnBinaryMessage(ReadingThread.java:272)
	at com.neovisionaries.ws.client.ReadingThread.handleBinaryFrame(ReadingThread.java:992)
	at com.neovisionaries.ws.client.ReadingThread.handleFrame(ReadingThread.java:751)
	at com.neovisionaries.ws.client.ReadingThread.main(ReadingThread.java:110)
	at com.neovisionaries.ws.client.ReadingThread.run(ReadingThread.java:66)

[20:44:58] [ WARN ] [TextUtils] Teile des Config Files konnten nicht gelesen werden! (spam_channels)
[20:44:59] [ INFO ] [JDA] Login Successful!
[20:44:59] [ INFO ] [JDA] Connected to WebSocket
[20:44:59] [ INFO ] [JDA] Finished Loading!
[20:44:59] [ INFO ] [Main] All 1 shards are ready.
[20:44:59] [ INFO ] [Main] Connecting to 2 guilds...
[20:45:00] [ INFO ] [GuildData] Test: Default Playlist loaded with 2531 entries.
[20:45:00] [ INFO ] [GuildReceiveHandler] Instance created
[20:45:01] [ INFO ] [JDA] Audio System successfully setup!
[20:45:01] [ INFO ] [TrackScheduler] Next Track from: https://youtube.com/watch?v=Q-Yp9AlifJg
[20:45:02] [ INFO ] [Main] Joining guild. (Test)
[20:45:02] [ INFO ] [GuildData] Test2: Default Playlist loaded with 2531 entries.
[20:45:02] [ INFO ] [GuildReceiveHandler] Instance created
[20:45:02] [ INFO ] [TrackScheduler] Next Track from: https://youtube.com/watch?v=T0spkrwl9Qk
[20:45:03] [ INFO ] [Main] Joining guild. (Test2)
[20:45:03] [ INFO ] [GuildMusicManager] From: MessageListener -> Checking for autopause in Test. (Members in Channel without bot: 1)
[20:45:03] [ INFO ] [GuildMusicManager] From: MessageListener -> Checking for autopause in Test2. (Members in Channel without bot: 0)
[20:45:03] [ INFO ] [GuildMusicManager] Pausing player in Test2 (Empty Channel).
[20:46:11] [ INFO ] [MessageListener] Message received. (!g)
[20:46:11] [ INFO ] [MessageDeleter] Message successfully queued, in Test2. (286222543013150731) ("!g")
[20:46:11] [ INFO ] [MessageListener] Command detected: g
[20:46:12] [ INFO ] [MessageListener] Message received. (http://media4.giphy.com/media/KiaU2EUyxjQB2/giphy.gif)
[20:46:12] [ INFO ] [MessageListener] Test2 	 Test 	 http://media4.giphy.com/media/KiaU2EUyxjQB2/giphy.gif
[20:46:12] [ INFO ] [MessageDeleter] Message successfully queued, in Test2. (286222545072553994) ("http://media4.giphy.com/media/KiaU2EUyxjQB2/giphy.gif")
[20:46:17] [ INFO ] [MessageListener] Message received. (!s)
[20:46:17] [ INFO ] [MessageDeleter] Message successfully queued, in Test2. (286222566882803713) ("!s")
[20:46:17] [ INFO ] [MessageListener] Command detected: s
[20:46:17] [ INFO ] [StaticSchedulePool] Executing SchedulePool
[20:46:17] [ INFO ] [MessageDeleter] Message successfully deleted, in Test2. (286222543013150731) ("!g")
[20:46:17] [ INFO ] [MessageDeleter] Message successfully deleted, in Test2. (286222545072553994) ("http://media4.giphy.com/media/KiaU2EUyxjQB2/giphy.gif")
[20:46:17] [ INFO ] [MessageDeleter] Message successfully deleted, in Test2. (286222566882803713) ("!s")
[20:46:17] [ INFO ] [ShutdownCommand] Everything done. Shutdown in 3.0 seconds.
[20:46:20] [ INFO ] [StaticSchedulePool] Executing SchedulePool
