[21:45:13] [ WARN ] [TextUtils] Teile des Config Files konnten nicht gelesen werden! (spam_channels)
[21:45:15] [ INFO ] [JDA] Login Successful!
[21:45:15] [ INFO ] [JDA] Connected to WebSocket
[21:45:15] [ INFO ] [JDA] Finished Loading!
[21:45:15] [ INFO ] [Main] All 1 shards are ready.
[21:45:15] [ INFO ] [Main] Connecting to 2 guilds...
[21:45:15] [ INFO ] [GuildReceiveHandler] Instance created
[21:45:15] [ INFO ] [GuildMusicManager] Test: Default Playlist loaded.
[21:45:17] [ INFO ] [JDA] Audio System successfully setup!
[21:45:17] [ INFO ] [TrackScheduler] Next Track from: https://youtube.com/watch?v=nEt1bKGlCpM
[21:45:18] [ INFO ] [GuildReceiveHandler] Instance created
[21:45:18] [ INFO ] [GuildMusicManager] Test2: Default Playlist loaded.
[21:45:18] [ INFO ] [TrackScheduler] Next Track from: https://youtube.com/watch?v=dZEnQogAd8U
[21:45:18] [ INFO ] [GuildMusicManager] From: MessageListener -> Checking for autopause in Test. (Members in Channel without bot: 0)
[21:45:18] [ INFO ] [GuildMusicManager] Test: Default Playlist loaded.
[21:45:18] [ INFO ] [GuildMusicManager] Pausing player in Test (Empty Channel).
[21:45:19] [ INFO ] [GuildMusicManager] From: MessageListener -> Checking for autopause in Test2. (Members in Channel without bot: 0)
[21:45:19] [ INFO ] [GuildMusicManager] Test2: Default Playlist loaded.
[21:45:19] [ INFO ] [GuildMusicManager] Pausing player in Test2 (Empty Channel).
[21:46:25] [ INFO ] [MessageListener] Message received. (!s)
[21:46:25] [ INFO ] [MessageDeleter] Message successfully queued, in Test. (283700991054970881) ("!s")
[21:46:25] [ INFO ] [MessageListener] Command detected: s
[21:46:25] [ INFO ] [StaticSchedulePool] Executing SchedulePool
[21:46:25] [ INFO ] [MessageDeleter] Message successfully deleted, in Test. (283700991054970881) ("!s")
[21:46:26] [ INFO ] [ShutdownCommand] Everything done. Shutdown in 3.0 seconds.
[21:46:29] [ INFO ] [StaticSchedulePool] Executing SchedulePool
[21:46:39] [ WARN ] [TextUtils] Teile des Config Files konnten nicht gelesen werden! (spam_channels)
[21:46:40] [ INFO ] [JDA] Login Successful!
[21:46:41] [ INFO ] [JDA] Connected to WebSocket
[21:46:41] [ INFO ] [JDA] Finished Loading!
[21:46:41] [ INFO ] [Main] All 1 shards are ready.
[21:46:41] [ INFO ] [Main] Connecting to 2 guilds...
[21:46:41] [ INFO ] [GuildReceiveHandler] Instance created
[21:46:41] [ INFO ] [GuildMusicManager] Test: Default Playlist loaded.
[21:46:41] [ INFO ] [JDA] Audio System successfully setup!
[21:46:41] [ INFO ] [TrackScheduler] Next Track from: https://youtube.com/watch?v=f2Exzqu2ocs
[21:46:42] [ INFO ] [GuildReceiveHandler] Instance created
[21:46:42] [ INFO ] [GuildMusicManager] Test2: Default Playlist loaded.
[21:46:42] [ INFO ] [TrackScheduler] Next Track from: https://youtube.com/watch?v=pR30knJs4Xk
[21:46:43] [ INFO ] [GuildMusicManager] From: MessageListener -> Checking for autopause in Test. (Members in Channel without bot: 0)
[21:46:43] [ INFO ] [GuildMusicManager] Test: Default Playlist loaded.
[21:46:43] [ INFO ] [GuildMusicManager] Pausing player in Test (Empty Channel).
[21:46:43] [ INFO ] [GuildMusicManager] From: MessageListener -> Checking for autopause in Test2. (Members in Channel without bot: 0)
[21:46:43] [ INFO ] [GuildMusicManager] Test2: Default Playlist loaded.
[21:46:43] [ INFO ] [GuildMusicManager] Pausing player in Test2 (Empty Channel).
[21:46:47] [ INFO ] [MessageListener] ###############################################################################################
[21:47:57] [ INFO ] [MessageListener] Message received. (!s)
[21:47:57] [ INFO ] [MessageDeleter] Message successfully queued, in Test. (283701374439653377) ("!s")
[21:47:57] [ INFO ] [MessageListener] Command detected: s
[21:47:57] [ INFO ] [StaticSchedulePool] Executing SchedulePool
[21:47:57] [ INFO ] [MessageDeleter] Message successfully deleted, in Test. (283701374439653377) ("!s")
[21:47:57] [ INFO ] [ShutdownCommand] Everything done. Shutdown in 3.0 seconds.
[21:48:00] [ INFO ] [StaticSchedulePool] Executing SchedulePool
[21:48:05] [ WARN ] [TextUtils] Teile des Config Files konnten nicht gelesen werden! (spam_channels)
[21:48:06] [ INFO ] [JDA] Login Successful!
[21:48:06] [ INFO ] [JDA] Connected to WebSocket
[21:48:07] [ INFO ] [JDA] Finished Loading!
[21:48:07] [ INFO ] [Main] All 1 shards are ready.
[21:48:07] [ INFO ] [Main] Connecting to 2 guilds...
[21:48:07] [ INFO ] [GuildReceiveHandler] Instance created
[21:48:07] [ INFO ] [GuildMusicManager] Test: Default Playlist loaded.
[21:48:07] [ INFO ] [JDA] Audio System successfully setup!
[21:48:07] [ INFO ] [TrackScheduler] Next Track from: https://www.youtube.com/watch?v=Obt-vLEJ8jo
[21:48:07] [ INFO ] [GuildReceiveHandler] Instance created
[21:48:07] [ INFO ] [GuildMusicManager] Test2: Default Playlist loaded.
[21:48:07] [ INFO ] [TrackScheduler] Next Track from: https://www.youtube.com/watch?v=GhSCAp3bCQY
[21:48:08] [ INFO ] [GuildMusicManager] From: MessageListener -> Checking for autopause in Test. (Members in Channel without bot: 0)
[21:48:08] [ INFO ] [GuildMusicManager] Test: Default Playlist loaded.
[21:48:08] [ INFO ] [GuildMusicManager] Pausing player in Test (Empty Channel).
[21:48:08] [ INFO ] [GuildMusicManager] From: MessageListener -> Checking for autopause in Test2. (Members in Channel without bot: 0)
[21:48:08] [ INFO ] [GuildMusicManager] Test2: Default Playlist loaded.
[21:48:08] [ INFO ] [GuildMusicManager] Pausing player in Test2 (Empty Channel).
[21:48:13] [ INFO ] [MessageListener] ###############################################################################################
[21:48:24] [ WARN ] [TextUtils] Teile des Config Files konnten nicht gelesen werden! (spam_channels)
[21:48:25] [ INFO ] [JDA] Login Successful!
[21:48:26] [ INFO ] [JDA] Connected to WebSocket
[21:48:26] [ INFO ] [JDA] Finished Loading!
[21:48:26] [ INFO ] [Main] All 1 shards are ready.
[21:48:26] [ INFO ] [Main] Connecting to 2 guilds...
[21:48:26] [ INFO ] [GuildReceiveHandler] Instance created
[21:48:26] [ INFO ] [GuildMusicManager] Test: Default Playlist loaded.
[21:48:26] [ INFO ] [JDA] Audio System successfully setup!
[21:48:26] [ INFO ] [TrackScheduler] Next Track from: https://www.youtube.com/watch?v=0Ssvqb03WlA
[21:48:27] [ INFO ] [GuildReceiveHandler] Instance created
[21:48:27] [ INFO ] [GuildMusicManager] Test2: Default Playlist loaded.
[21:48:27] [ INFO ] [TrackScheduler] Next Track from: https://soundcloud.com/jerryfolkmusic/oh-wonder-lose-it-jerry-folk-remix
[21:48:32] [ INFO ] [MessageListener] ###############################################################################################
[21:48:32] [ ERROR] [ExceptionHandler] Uncaught Exception.
[21:49:54] [ INFO ] [MessageListener] Message received. (!s)
[21:49:54] [ INFO ] [MessageDeleter] Message successfully queued, in Test. (283701867618238466) ("!s")
[21:49:54] [ INFO ] [MessageListener] Command detected: s
[21:49:54] [ INFO ] [StaticSchedulePool] Executing SchedulePool
[21:49:55] [ INFO ] [MessageDeleter] Message successfully deleted, in Test. (283701867618238466) ("!s")
[21:49:55] [ INFO ] [ShutdownCommand] Everything done. Shutdown in 3.0 seconds.
[21:49:58] [ INFO ] [StaticSchedulePool] Executing SchedulePool
[21:50:02] [ WARN ] [TextUtils] Teile des Config Files konnten nicht gelesen werden! (spam_channels)
[21:50:03] [ INFO ] [JDA] Login Successful!
[21:50:03] [ INFO ] [JDA] Connected to WebSocket
[21:50:03] [ INFO ] [JDA] Finished Loading!
[21:50:03] [ INFO ] [Main] All 1 shards are ready.
[21:50:03] [ INFO ] [Main] Connecting to 2 guilds...
[21:50:03] [ INFO ] [GuildReceiveHandler] Instance created
[21:50:03] [ INFO ] [GuildMusicManager] Test: Default Playlist loaded.
[21:50:03] [ INFO ] [JDA] Audio System successfully setup!
[21:50:03] [ INFO ] [TrackScheduler] Next Track from: https://www.youtube.com/watch?v=AYZbd8HXSUE
[21:50:04] [ INFO ] [GuildReceiveHandler] Instance created
[21:50:04] [ INFO ] [GuildMusicManager] Test2: Default Playlist loaded.
[21:50:04] [ INFO ] [TrackScheduler] Next Track from: https://youtube.com/watch?v=ALq1ENqfu8E
[21:50:05] [ INFO ] [GuildMusicManager] From: MessageListener -> Checking for autopause in Test. (Members in Channel without bot: 0)
[21:50:05] [ INFO ] [GuildMusicManager] Test: Default Playlist loaded.
[21:50:05] [ INFO ] [GuildMusicManager] Pausing player in Test (Empty Channel).
[21:50:05] [ INFO ] [GuildMusicManager] From: MessageListener -> Checking for autopause in Test2. (Members in Channel without bot: 0)
[21:50:05] [ INFO ] [GuildMusicManager] Test2: Default Playlist loaded.
[21:50:05] [ INFO ] [GuildMusicManager] Pausing player in Test2 (Empty Channel).
[21:50:10] [ INFO ] [MessageListener] ###############################################################################################
[21:50:10] [ ERROR] [ExceptionHandler] Uncaught Exception.
[21:50:34] [ INFO ] [MessageListener] Message received. (!s)
[21:50:34] [ INFO ] [MessageDeleter] Message successfully queued, in Test. (283702032819552257) ("!s")
[21:50:34] [ INFO ] [MessageListener] Command detected: s
[21:50:34] [ INFO ] [StaticSchedulePool] Executing SchedulePool
[21:50:34] [ INFO ] [MessageDeleter] Message successfully deleted, in Test. (283702032819552257) ("!s")
[21:50:34] [ INFO ] [ShutdownCommand] Everything done. Shutdown in 3.0 seconds.
[21:50:37] [ INFO ] [StaticSchedulePool] Executing SchedulePool
[21:50:45] [ WARN ] [TextUtils] Teile des Config Files konnten nicht gelesen werden! (spam_channels)
[21:50:47] [ INFO ] [JDA] Login Successful!
[21:50:48] [ INFO ] [JDA] Connected to WebSocket
[21:50:48] [ INFO ] [JDA] Finished Loading!
[21:50:48] [ INFO ] [Main] All 1 shards are ready.
[21:50:48] [ INFO ] [Main] Connecting to 2 guilds...
[21:50:48] [ INFO ] [GuildReceiveHandler] Instance created
[21:50:48] [ INFO ] [GuildMusicManager] Test: Default Playlist loaded.
[21:50:48] [ INFO ] [JDA] Audio System successfully setup!
[21:50:48] [ INFO ] [TrackScheduler] Next Track from: https://www.youtube.com/watch?v=9WNrfl_pLeQ
[21:50:48] [ INFO ] [GuildReceiveHandler] Instance created
[21:50:48] [ INFO ] [GuildMusicManager] Test2: Default Playlist loaded.
[21:50:48] [ INFO ] [TrackScheduler] Next Track from: https://soundcloud.com/solenceofficial/solence-warriors-imagine-dragons-cover
[21:50:49] [ INFO ] [GuildMusicManager] From: MessageListener -> Checking for autopause in Test. (Members in Channel without bot: 0)
[21:50:49] [ INFO ] [GuildMusicManager] Test: Default Playlist loaded.
[21:50:49] [ INFO ] [GuildMusicManager] Pausing player in Test (Empty Channel).
[21:50:49] [ INFO ] [GuildMusicManager] From: MessageListener -> Checking for autopause in Test2. (Members in Channel without bot: 0)
[21:50:49] [ INFO ] [GuildMusicManager] Test2: Default Playlist loaded.
[21:50:49] [ INFO ] [GuildMusicManager] Pausing player in Test2 (Empty Channel).
[21:50:54] [ INFO ] [MessageListener] ###############################################################################################
[21:51:00] [ INFO ] [MessageListener] Message received. (!np)
[21:51:00] [ INFO ] [MessageDeleter] Message successfully queued, in Test. (283702141758078978) ("!np")
[21:51:00] [ INFO ] [MessageListener] Command detected: np
[21:51:00] [ INFO ] [MessageListener] Message received. (Im Moment wird nichts abgespielt.)
[21:51:00] [ INFO ] [MessageListener] Test 	 Test 	 Im Moment wird nichts abgespielt.
[21:51:00] [ INFO ] [MessageDeleter] Message successfully queued, in Test. (283702142865244160) ("Im Moment wird nichts abgespielt.")
[21:51:10] [ INFO ] [MessageDeleter] Message successfully deleted, in Test. (283702141758078978) ("!np")
[21:51:10] [ INFO ] [MessageListener] Message received. (!skip)
[21:51:10] [ INFO ] [MessageDeleter] Message successfully queued, in Test. (283702185580036107) ("!skip")
[21:51:10] [ INFO ] [MessageListener] Command detected: skip
[21:51:10] [ INFO ] [MessageListener] Message received. (Du musst dich im selben Channel wie der Bot befinden.)
[21:51:10] [ INFO ] [MessageListener] Test 	 Test 	 Du musst dich im selben Channel wie der Bot befinden.
[21:51:10] [ INFO ] [MessageDeleter] Message successfully queued, in Test. (283702186301456394) ("Du musst dich im selben Channel wie der Bot befinden.")
[21:51:14] [ INFO ] [GuildMusicManager] From: MessageListener -> Checking for autopause in Test. (Members in Channel without bot: 1)
[21:51:14] [ INFO ] [GuildMusicManager] Resuming player in Test (Member joined empty Channel).
[21:51:16] [ INFO ] [MessageListener] Message received. (!skip)
[21:51:16] [ INFO ] [MessageDeleter] Message successfully queued, in Test. (283702212620976129) ("!skip")
[21:51:16] [ INFO ] [MessageListener] Command detected: skip
[21:51:16] [ INFO ] [TrackScheduler] Next Track from: https://youtube.com/watch?v=dnwdYWXuU4s
[21:51:17] [ INFO ] [GuildMusicManager] From: TrackScheduler -> Checking for autopause in Test. (Members in Channel without bot: 1)
[21:51:17] [ INFO ] [SkipCommand] SkipCommand: Lied wird übersprungen: **Kraftklub - Wie Ich (official video)**
[21:51:17] [ INFO ] [LocalAudioTrackExecutor] Playing track 9WNrfl_pLeQ finished or was stopped.
[21:51:17] [ INFO ] [MessageListener] Message received. (Lied wird übersprungen: **Kraftklub - Wie Ich (official video)**)
[21:51:17] [ INFO ] [MessageListener] Test 	 Test 	 Lied wird übersprungen: **Kraftklub - Wie Ich (official video)**
[21:51:17] [ INFO ] [MessageDeleter] Message successfully queued, in Test. (283702214894157825) ("Lied wird übersprungen: **Kraftklub - Wie Ich (official video)**")
[21:51:20] [ INFO ] [MessageDeleter] Message successfully deleted, in Test. (283702185580036107) ("!skip")
[21:51:23] [ INFO ] [MessageListener] Message received. (!np)
[21:51:23] [ INFO ] [MessageDeleter] Message successfully queued, in Test. (283702240076627968) ("!np")
[21:51:23] [ INFO ] [MessageListener] Command detected: np
[21:51:23] [ INFO ] [MessageListener] Message received. ()
[21:51:23] [ INFO ] [MessageListener] Test 	 Test 	 
[21:51:23] [ INFO ] [MessageDeleter] Message successfully queued, in Test. (283702242073247745) ("")
[21:51:27] [ INFO ] [MessageDeleter] Message successfully deleted, in Test. (283702212620976129) ("!skip")
[21:51:33] [ INFO ] [MessageDeleter] Message successfully deleted, in Test. (283702240076627968) ("!np")
[21:51:41] [ INFO ] [MessageListener] Message received. (!play https://soundcloud.com/nocopyrightsounds/uplink-crying-over-you-ncs-release)
[21:51:41] [ INFO ] [MessageDeleter] Message successfully queued, in Test. (283702317902200832) ("!play https://soundcloud.com/nocopyrightsounds/uplink-crying-over-you-ncs-release")
[21:51:41] [ INFO ] [MessageListener] Command detected: play
[21:51:42] [ INFO ] [MessageListener] Message received. (Zur Warteschlange hinzugefügt: **Uplink - Crying Over You [NCS Release]**)
[21:51:42] [ INFO ] [MessageListener] Test 	 Test 	 Zur Warteschlange hinzugefügt: **Uplink - Crying Over You [NCS Release]**
[21:51:42] [ INFO ] [MessageDeleter] Message successfully queued, in Test. (283702319885975554) ("Zur Warteschlange hinzugefügt: **Uplink - Crying Over You [NCS Release]**")
[21:51:46] [ INFO ] [MessageListener] Message received. (!skip)
[21:51:46] [ INFO ] [MessageDeleter] Message successfully queued, in Test. (283702336206012417) ("!skip")
[21:51:46] [ INFO ] [MessageListener] Command detected: skip
[21:51:46] [ INFO ] [GuildMusicManager] From: TrackScheduler -> Checking for autopause in Test. (Members in Channel without bot: 1)
[21:51:46] [ INFO ] [SkipCommand] SkipCommand: Lied wird übersprungen: **Big Giant Circles - The Glory Days: "No Party Like a Mojang Party"**
[21:51:46] [ INFO ] [LocalAudioTrackExecutor] Playing track dnwdYWXuU4s finished or was stopped.
[21:51:46] [ INFO ] [MessageListener] Message received. (Lied wird übersprungen: **Big Giant Circles - The Glory Days: "No Party Like a Mojang Party"**)
[21:51:46] [ INFO ] [MessageListener] Test 	 Test 	 Lied wird übersprungen: **Big Giant Circles - The Glory Days: "No Party Like a Mojang Party"**
[21:51:46] [ INFO ] [MessageDeleter] Message successfully queued, in Test. (283702337141473280) ("Lied wird übersprungen: **Big Giant Circles - The Glory Days: "No Party Like a Mojang Party"**")
[21:51:50] [ INFO ] [MessageDeleter] Message successfully deleted, in Test. (283702142865244160) ("Im Moment wird nichts abgespielt.")
[21:51:50] [ INFO ] [MessageListener] Message received. (!np)
[21:51:50] [ INFO ] [MessageDeleter] Message successfully queued, in Test. (283702353457053696) ("!np")
[21:51:50] [ INFO ] [MessageListener] Command detected: np
[21:51:50] [ INFO ] [MessageDeleter] Message successfully queued, in Test. (283702354090524672) ("")
[21:51:50] [ INFO ] [MessageListener] Message received. ()
[21:51:50] [ INFO ] [MessageListener] Test 	 Test 	 
[21:51:52] [ INFO ] [MessageDeleter] Message successfully deleted, in Test. (283702317902200832) ("!play https://soundcloud.com/nocopyrightsounds/uplink-crying-over-you-ncs-release")
[21:51:56] [ INFO ] [MessageDeleter] Message successfully deleted, in Test. (283702336206012417) ("!skip")
[21:52:00] [ INFO ] [MessageDeleter] Message successfully deleted, in Test. (283702353457053696) ("!np")
[21:52:00] [ INFO ] [MessageDeleter] Message successfully deleted, in Test. (283702186301456394) ("Du musst dich im selben Channel wie der Bot befinden.")
[21:52:07] [ INFO ] [MessageDeleter] Message successfully deleted, in Test. (283702214894157825) ("Lied wird übersprungen: **Kraftklub - Wie Ich (official video)**")
[21:52:11] [ INFO ] [GuildMusicManager] From: MessageListener -> Checking for autopause in Test. (Members in Channel without bot: 0)
[21:52:11] [ INFO ] [GuildMusicManager] Test: Default Playlist loaded.
[21:52:11] [ INFO ] [GuildMusicManager] Pausing player in Test (Empty Channel).
[21:52:14] [ INFO ] [MessageDeleter] Message successfully deleted, in Test. (283702242073247745) ("")
[21:52:21] [ INFO ] [MessageListener] Message received. (!s)
[21:52:21] [ INFO ] [MessageDeleter] Message successfully queued, in Test. (283702485204598794) ("!s")
[21:52:21] [ INFO ] [MessageListener] Command detected: s
[21:52:21] [ INFO ] [StaticSchedulePool] Executing SchedulePool
[21:52:22] [ INFO ] [MessageDeleter] Message successfully deleted, in Test. (283702319885975554) ("Zur Warteschlange hinzugefügt: **Uplink - Crying Over You [NCS Release]**")
[21:52:22] [ INFO ] [MessageDeleter] Message successfully deleted, in Test. (283702337141473280) ("Lied wird übersprungen: **Big Giant Circles - The Glory Days: "No Party Like a Mojang Party"**")
[21:52:22] [ INFO ] [MessageDeleter] Message successfully deleted, in Test. (283702354090524672) ("")
[21:52:22] [ INFO ] [MessageDeleter] Message successfully deleted, in Test. (283702485204598794) ("!s")
[21:52:22] [ INFO ] [ShutdownCommand] Everything done. Shutdown in 3.0 seconds.
[21:52:25] [ INFO ] [StaticSchedulePool] Executing SchedulePool
[21:52:32] [ WARN ] [TextUtils] Teile des Config Files konnten nicht gelesen werden! (spam_channels)
[21:52:32] [ INFO ] [JDA] Login Successful!
[21:52:33] [ INFO ] [JDA] Connected to WebSocket
[21:52:33] [ INFO ] [JDA] Finished Loading!
[21:52:33] [ INFO ] [Main] All 1 shards are ready.
[21:52:33] [ INFO ] [Main] Connecting to 2 guilds...
[21:52:33] [ INFO ] [GuildReceiveHandler] Instance created
[21:52:33] [ INFO ] [GuildMusicManager] Test: Default Playlist loaded.
[21:52:33] [ INFO ] [JDA] Audio System successfully setup!
[21:52:33] [ INFO ] [TrackScheduler] Next Track from: https://www.youtube.com/watch?v=25N1pdzvp4c
[21:52:34] [ INFO ] [GuildReceiveHandler] Instance created
[21:52:34] [ INFO ] [GuildMusicManager] Test2: Default Playlist loaded.
[21:52:34] [ INFO ] [TrackScheduler] Next Track from: https://youtube.com/watch?v=kHhOfdLpKCg
[21:52:35] [ INFO ] [GuildMusicManager] From: MessageListener -> Checking for autopause in Test. (Members in Channel without bot: 0)
[21:52:35] [ INFO ] [GuildMusicManager] Test: Default Playlist loaded.
[21:52:35] [ INFO ] [GuildMusicManager] Pausing player in Test (Empty Channel).
[21:52:35] [ INFO ] [GuildMusicManager] From: MessageListener -> Checking for autopause in Test2. (Members in Channel without bot: 0)
[21:52:35] [ INFO ] [GuildMusicManager] Test2: Default Playlist loaded.
[21:52:35] [ INFO ] [GuildMusicManager] Pausing player in Test2 (Empty Channel).
[21:52:39] [ INFO ] [MessageListener] ###############################################################################################
[21:52:39] [ ERROR] [ExceptionHandler] Uncaught Exception.
